

times in msec
 clock   self+sourced   self:  sourced script
 clock   elapsed:              other lines

000.021  000.021: --- NVIM STARTING ---
000.874  000.853: locale set
001.487  000.614: inits 1
001.510  000.023: window checked
001.808  000.298: parsing arguments
002.034  000.226: expanding arguments
002.141  000.107: inits 2
002.674  000.533: init highlight
005.811  002.154  002.154: sourcing /Users/indexxuan/.local/share/nvim/site/autoload/plug.vim
022.292  000.037  000.037: sourcing /Users/indexxuan/.vim/bundle/vim-editorconfig/ftdetect/editorconfig.vim
022.558  000.033  000.033: sourcing /Users/indexxuan/.vim/bundle/typescript-vim/ftdetect/typescript.vim
022.736  000.028  000.028: sourcing /Users/indexxuan/.vim/bundle/vim-vue/ftdetect/vue.vim
022.883  007.685  007.587: sourcing /Users/indexxuan/nvim-osx64/share/nvim/runtime/filetype.vim
023.148  000.060  000.060: sourcing /Users/indexxuan/nvim-osx64/share/nvim/runtime/ftplugin.vim
023.430  000.057  000.057: sourcing /Users/indexxuan/nvim-osx64/share/nvim/runtime/indent.vim
024.264  000.253  000.253: sourcing /Users/indexxuan/nvim-osx64/share/nvim/runtime/syntax/syncolor.vim
024.394  000.605  000.352: sourcing /Users/indexxuan/nvim-osx64/share/nvim/runtime/syntax/synload.vim
024.440  000.850  000.244: sourcing /Users/indexxuan/nvim-osx64/share/nvim/runtime/syntax/syntax.vim
025.086  000.487  000.487: sourcing /Users/indexxuan/.vim/bundle/vim-startify/autoload/startify/fortune.vim
025.965  022.463  011.170: sourcing /Users/indexxuan/.vim/.vimrc.plugin
026.183  000.026  000.026: sourcing /Users/indexxuan/nvim-osx64/share/nvim/runtime/filetype.vim
026.411  000.026  000.026: sourcing /Users/indexxuan/nvim-osx64/share/nvim/runtime/ftplugin.vim
026.626  000.026  000.026: sourcing /Users/indexxuan/nvim-osx64/share/nvim/runtime/indent.vim
027.120  000.235  000.235: sourcing /Users/indexxuan/nvim-osx64/share/nvim/runtime/syntax/nosyntax.vim
027.709  000.242  000.242: sourcing /Users/indexxuan/nvim-osx64/share/nvim/runtime/syntax/syncolor.vim
027.841  000.549  000.307: sourcing /Users/indexxuan/nvim-osx64/share/nvim/runtime/syntax/synload.vim
027.882  001.131  000.348: sourcing /Users/indexxuan/nvim-osx64/share/nvim/runtime/syntax/syntax.vim
028.613  000.194  000.194: sourcing /Users/indexxuan/nvim-osx64/share/nvim/runtime/syntax/syncolor.vim
030.068  000.492  000.492: sourcing /Users/indexxuan/nvim-osx64/share/nvim/runtime/syntax/syncolor.vim
031.865  000.350  000.350: sourcing /Users/indexxuan/nvim-osx64/share/nvim/runtime/syntax/syncolor.vim
032.970  000.288  000.288: sourcing /Users/indexxuan/nvim-osx64/share/nvim/runtime/syntax/syncolor.vim
033.633  004.668  003.538: sourcing /Users/indexxuan/.vim/bundle/vim-colorschemes/colors/molokai.vim
034.137  030.902  002.368: sourcing /Users/indexxuan/.config/nvim/init.vim
034.152  000.576: sourcing vimrc file(s)
044.163  009.582  009.582: sourcing /Users/indexxuan/.vim/bundle/vim-wakatime/plugin/wakatime.vim
044.611  000.159  000.159: sourcing /Users/indexxuan/.vim/bundle/vim-startify/plugin/startify.vim
045.339  000.232  000.232: sourcing /Users/indexxuan/.vim/bundle/coc.nvim/autoload/coc/rpc.vim
046.512  001.013  001.013: sourcing /Users/indexxuan/.vim/bundle/coc.nvim/autoload/coc/util.vim
047.077  000.231  000.231: sourcing /Users/indexxuan/.vim/bundle/coc.nvim/autoload/coc/client.vim
049.476  004.578  003.102: sourcing /Users/indexxuan/.vim/bundle/coc.nvim/plugin/coc.vim
050.487  000.092  000.092: sourcing /Users/indexxuan/.vim/bundle/vim-stay/autoload/stay/shim.vim
051.678  000.762  000.762: sourcing /Users/indexxuan/.vim/bundle/vim-stay/autoload/stay/integrate/fastfold.vim
051.827  001.989  001.134: sourcing /Users/indexxuan/.vim/bundle/vim-stay/plugin/stay.vim
052.449  000.263  000.263: sourcing /Users/indexxuan/.vim/bundle/vim-editorconfig/plugin/editorconfig.vim
057.699  004.920  004.920: sourcing /Users/indexxuan/.vim/bundle/nerdcommenter/plugin/NERD_commenter.vim
058.774  000.367  000.367: sourcing /Users/indexxuan/nvim-osx64/share/nvim/runtime/plugin/gzip.vim
058.878  000.019  000.019: sourcing /Users/indexxuan/nvim-osx64/share/nvim/runtime/plugin/health.vim
059.072  000.087  000.087: sourcing /Users/indexxuan/nvim-osx64/share/nvim/runtime/plugin/man.vim
059.728  000.575  000.575: sourcing /Users/indexxuan/nvim-osx64/share/nvim/runtime/plugin/matchit.vim
060.013  000.200  000.200: sourcing /Users/indexxuan/nvim-osx64/share/nvim/runtime/plugin/matchparen.vim
060.645  000.550  000.550: sourcing /Users/indexxuan/nvim-osx64/share/nvim/runtime/plugin/netrwPlugin.vim
060.983  000.220  000.220: sourcing /Users/indexxuan/nvim-osx64/share/nvim/runtime/plugin/rplugin.vim
061.240  000.164  000.164: sourcing /Users/indexxuan/nvim-osx64/share/nvim/runtime/plugin/shada.vim
061.376  000.034  000.034: sourcing /Users/indexxuan/nvim-osx64/share/nvim/runtime/plugin/spellfile.vim
061.655  000.179  000.179: sourcing /Users/indexxuan/nvim-osx64/share/nvim/runtime/plugin/tarPlugin.vim
061.865  000.109  000.109: sourcing /Users/indexxuan/nvim-osx64/share/nvim/runtime/plugin/tohtml.vim
061.996  000.031  000.031: sourcing /Users/indexxuan/nvim-osx64/share/nvim/runtime/plugin/tutor.vim
062.307  000.220  000.220: sourcing /Users/indexxuan/nvim-osx64/share/nvim/runtime/plugin/zipPlugin.vim
062.324  003.925: loading plugins
062.474  000.151: loading packages
062.542  000.067: loading after plugins
062.558  000.016: inits 3
063.354  000.796: reading ShaDa
066.969  003.615: clearing screen
070.068  000.122  000.122: sourcing /Users/indexxuan/nvim-osx64/share/nvim/runtime/ftplugin/xml.vim
070.734  000.127  000.127: sourcing /Users/indexxuan/nvim-osx64/share/nvim/runtime/indent/xml.vim
072.044  000.350  000.350: sourcing /Users/indexxuan/nvim-osx64/share/nvim/runtime/syntax/dtd.vim
072.162  001.039  000.689: sourcing /Users/indexxuan/nvim-osx64/share/nvim/runtime/syntax/xml.vim
073.935  000.272  000.272: sourcing /Users/indexxuan/.vim/bundle/vim-run/plugin/run.vim
075.043  000.091  000.091: sourcing /Users/indexxuan/.vim/bundle/typescript-vim/compiler/typescript.vim
075.188  000.488  000.397: sourcing /Users/indexxuan/.vim/bundle/typescript-vim/ftplugin/typescript.vim
075.607  000.063  000.063: sourcing /Users/indexxuan/.vim/bundle/vim-jsdoc/ftplugin/typescript/jsdoc.vim
076.903  000.482  000.482: sourcing /Users/indexxuan/.vim/bundle/typescript-vim/indent/typescript.vim
077.829  000.081  000.081: sourcing /Users/indexxuan/.vim/bundle/typescript-vim/compiler/typescript.vim
077.950  000.464  000.383: sourcing /Users/indexxuan/.vim/bundle/typescript-vim/ftplugin/typescript.vim
078.340  000.051  000.051: sourcing /Users/indexxuan/.vim/bundle/vim-jsdoc/ftplugin/typescript/jsdoc.vim
078.972  000.044  000.044: sourcing /Users/indexxuan/.vim/bundle/typescript-vim/indent/typescript.vim
080.947  001.363  001.363: sourcing /Users/indexxuan/.vim/bundle/typescript-vim/syntax/typescript.vim
082.199  000.250  000.250: sourcing /Users/indexxuan/.vim/bundle/vim-editorconfig/autoload/editorconfig.vim
083.355  000.230  000.230: sourcing /Users/indexxuan/.vim/bundle/vim-stay/autoload/stay/win.vim
083.662  000.115  000.115: sourcing /Users/indexxuan/.vim/bundle/vim-stay/autoload/stay.vim
083.773  011.694: opening buffers
085.007  001.234: BufEnter autocommands
085.015  000.008: editing files in windows
088.613  000.026  000.026: sourcing /Users/indexxuan/.vim/bundle/vim-devicons/autoload/devicons/plugins/startify.vim
088.658  002.441  002.415: sourcing /Users/indexxuan/.vim/bundle/vim-devicons/plugin/webdevicons.vim
090.374  000.235  000.235: sourcing /Users/indexxuan/.vim/bundle/lightline.vim/plugin/lightline.vim
092.640  000.279  000.279: sourcing /Users/indexxuan/.vim/bundle/vim-gitgutter/autoload/gitgutter/utility.vim
093.300  000.138  000.138: sourcing /Users/indexxuan/.vim/bundle/vim-gitgutter/autoload/gitgutter/highlight.vim
094.209  002.285  001.868: sourcing /Users/indexxuan/.vim/bundle/vim-gitgutter/plugin/gitgutter.vim
095.583  000.030  000.030: sourcing /Users/indexxuan/.vim/bundle/vim-fugitive/ftdetect/fugitive.vim
096.447  000.508  000.508: sourcing /Users/indexxuan/.vim/bundle/vim-fugitive/plugin/fugitive.vim
097.836  000.049  000.049: sourcing /Users/indexxuan/.vim/bundle/vim-snippets/plugin/vimsnippets.vim
099.792  000.309  000.309: sourcing /Users/indexxuan/.vim/bundle/open-browser.vim/plugin/openbrowser.vim
114.195  000.124  000.124: sourcing /Users/indexxuan/nvim-osx64/share/nvim/runtime/ftplugin/xml.vim
114.811  000.064  000.064: sourcing /Users/indexxuan/nvim-osx64/share/nvim/runtime/indent/xml.vim
116.734  000.499  000.499: sourcing /Users/indexxuan/nvim-osx64/share/nvim/runtime/syntax/dtd.vim
116.884  001.523  001.024: sourcing /Users/indexxuan/nvim-osx64/share/nvim/runtime/syntax/xml.vim
117.831  000.539  000.539: sourcing /Users/indexxuan/.vim/bundle/lightline.vim/autoload/lightline.vim
118.696  000.263  000.263: sourcing /Users/indexxuan/.vim/bundle/coc.nvim/autoload/coc.vim
126.670  007.511  007.511: sourcing /Users/indexxuan/.vim/bundle/vim-fugitive/autoload/fugitive.vim
127.161  000.139  000.139: sourcing /Users/indexxuan/.vim/bundle/lightline.vim/autoload/lightline/tab.vim
127.978  000.349  000.349: sourcing /Users/indexxuan/.vim/bundle/lightline.vim/autoload/lightline/colorscheme.vim
130.267  002.871  002.521: sourcing /Users/indexxuan/.vim/bundle/lightline.vim/autoload/lightline/colorscheme/powerline.vim
134.818  000.076  000.076: sourcing /Users/indexxuan/.vim/bundle/typescript-vim/compiler/typescript.vim
134.988  000.445  000.370: sourcing /Users/indexxuan/.vim/bundle/typescript-vim/ftplugin/typescript.vim
135.476  000.057  000.057: sourcing /Users/indexxuan/.vim/bundle/vim-jsdoc/ftplugin/typescript/jsdoc.vim
136.216  000.059  000.059: sourcing /Users/indexxuan/.vim/bundle/typescript-vim/indent/typescript.vim
137.755  001.076  001.076: sourcing /Users/indexxuan/.vim/bundle/typescript-vim/syntax/typescript.vim
142.070  036.528: VimEnter autocommands
142.620  000.314  000.314: sourcing /Users/indexxuan/nvim-osx64/share/nvim/runtime/autoload/provider/clipboard.vim
142.637  000.253: before starting main loop
145.625  002.987: first screen update
145.628  000.003: --- NVIM STARTED ---
