

times in msec
 clock   self+sourced   self:  sourced script
 clock   elapsed:              other lines

000.003  000.003: --- VIM STARTING ---
000.120  000.117: Allocated generic buffers
000.228  000.108: locale set
000.236  000.008: window checked
001.797  001.561: inits 1
001.868  000.071: parsing arguments
001.871  000.003: expanding arguments
001.886  000.015: shell init
002.230  000.344: Termcap init
002.256  000.026: inits 2
002.367  000.111: init highlight
002.678  000.199  000.199: sourcing /usr/share/vim/vim74/debian.vim
003.070  000.197  000.197: sourcing /usr/share/vim/vim74/syntax/syncolor.vim
003.237  000.423  000.226: sourcing /usr/share/vim/vim74/syntax/synload.vim
136.519  133.205  133.205: sourcing /usr/share/vim/vim74/filetype.vim
136.637  133.881  000.253: sourcing /usr/share/vim/vim74/syntax/syntax.vim
136.683  134.259  000.179: sourcing $VIM/vimrc
139.887  002.852  002.852: sourcing /home/indexxuan/.vim/autoload/plug.vim
155.118  002.120  002.120: sourcing /usr/share/vim/vim74/ftoff.vim
159.153  000.075  000.075: sourcing /home/indexxuan/.vim/bundle/scss-syntax.vim/ftdetect/scss.vim
160.010  000.046  000.046: sourcing /home/indexxuan/.vim/bundle/vim-less/ftdetect/less.vim
162.576  000.046  000.046: sourcing /home/indexxuan/.vim/bundle/vim-es6/ftdetect/es6.vim
163.984  000.187  000.187: sourcing /home/indexxuan/.vim/bundle/vim-jsx/ftdetect/javascript.vim
165.213  000.019  000.019: sourcing /home/indexxuan/.vim/bundle/vim-vue/ftdetect/vue.vim
165.559  000.023  000.023: sourcing /home/indexxuan/.vim/bundle/vim-markdown/ftdetect/markdown.vim
231.051  063.527  063.527: sourcing /usr/share/vim/vim74/filetype.vim
232.074  000.261  000.261: sourcing /usr/share/vim/vim74/ftplugin.vim
232.626  000.122  000.122: sourcing /usr/share/vim/vim74/indent.vim
235.021  098.069  028.791: sourcing /home/indexxuan/.vim/.vimrc.plugins
237.192  001.541  001.541: sourcing /usr/share/vim/vim74/syntax/nosyntax.vim
238.048  000.303  000.303: sourcing /usr/share/vim/vim74/syntax/syncolor.vim
238.391  000.898  000.595: sourcing /usr/share/vim/vim74/syntax/synload.vim
238.470  002.999  000.560: sourcing /usr/share/vim/vim74/syntax/syntax.vim
239.224  000.321  000.321: sourcing /usr/share/vim/vim74/syntax/syncolor.vim
239.957  000.281  000.281: sourcing /usr/share/vim/vim74/syntax/syncolor.vim
241.220  000.396  000.396: sourcing /usr/share/vim/vim74/syntax/syncolor.vim
241.938  003.373  002.375: sourcing /home/indexxuan/.vim/colors/molokai.vim
242.855  000.342  000.342: sourcing /usr/share/vim/vim74/syntax/syncolor.vim
243.521  000.190  000.190: sourcing /usr/share/vim/vim74/syntax/syncolor.vim
243.925  000.178  000.178: sourcing /usr/share/vim/vim74/syntax/syncolor.vim
244.652  002.579  001.869: sourcing /home/indexxuan/.vim/colors/molokai.vim
251.832  115.066  008.046: sourcing $HOME/.vimrc
251.926  000.234: sourcing vimrc file(s)
286.038  001.341  001.341: sourcing /home/indexxuan/.vim/bundle/vim-wakatime/plugin/wakatime.vim
287.723  001.409  001.409: sourcing /home/indexxuan/.vim/bundle/vim-auto-save/plugin/AutoSave.vim
288.924  000.103  000.103: sourcing /home/indexxuan/.vim/bundle/vim-stay/autoload/stay/shim.vim
289.947  000.230  000.230: sourcing /home/indexxuan/.vim/bundle/vim-stay/autoload/stay/integrate/fastfold.vim
290.055  002.002  001.669: sourcing /home/indexxuan/.vim/bundle/vim-stay/plugin/stay.vim
290.802  000.594  000.594: sourcing /home/indexxuan/.vim/bundle/open-browser.vim/plugin/openbrowser.vim
291.050  000.095  000.095: sourcing /home/indexxuan/.vim/bundle/open_file_under_cursor.vim/plugin/open_file_under_cursor.vim
291.500  000.295  000.295: sourcing /home/indexxuan/.vim/bundle/vim-fuzzysearch/plugin/fuzzysearch.vim
294.861  001.117  001.117: sourcing /home/indexxuan/.vim/bundle/delimitMate/autoload/delimitMate.vim
303.424  011.822  010.705: sourcing /home/indexxuan/.vim/bundle/delimitMate/plugin/delimitMate.vim
311.327  007.492  007.492: sourcing /home/indexxuan/.vim/bundle/nerdcommenter/plugin/NERD_commenter.vim
314.322  001.657  001.657: sourcing /home/indexxuan/.vim/bundle/vim-multiple-cursors/plugin/multiple_cursors.vim
316.732  001.098  001.098: sourcing /home/indexxuan/.vim/bundle/vim-eunuch/plugin/eunuch.vim
317.175  000.112  000.112: sourcing /usr/share/vim/vim74/plugin/getscriptPlugin.vim
318.001  000.751  000.751: sourcing /usr/share/vim/vim74/plugin/gzip.vim
318.291  000.224  000.224: sourcing /usr/share/vim/vim74/plugin/matchparen.vim
319.334  000.970  000.970: sourcing /usr/share/vim/vim74/plugin/netrwPlugin.vim
319.506  000.024  000.024: sourcing /usr/share/vim/vim74/plugin/rrhelper.vim
319.640  000.049  000.049: sourcing /usr/share/vim/vim74/plugin/spellfile.vim
321.455  001.440  001.440: sourcing /usr/share/vim/vim74/plugin/tarPlugin.vim
322.246  000.349  000.349: sourcing /usr/share/vim/vim74/plugin/tohtml.vim
322.826  000.343  000.343: sourcing /usr/share/vim/vim74/plugin/vimballPlugin.vim
324.319  001.269  001.269: sourcing /usr/share/vim/vim74/plugin/zipPlugin.vim
324.517  039.255: loading plugins
324.530  000.013: inits 3
324.876  000.346: reading viminfo
324.988  000.112: setting raw mode
325.007  000.019: start termcap
325.079  000.072: clearing screen
331.690  000.173  000.173: sourcing /home/indexxuan/.vim/bundle/vim-jsdoc/ftplugin/javascript/jsdoc.vim
332.329  000.315  000.315: sourcing /usr/share/vim/vim74/ftplugin/javascript.vim
334.688  000.140  000.140: sourcing /home/indexxuan/.vim/bundle/vim-jsx/after/ftplugin/jsx.vim
336.151  000.650  000.650: sourcing /home/indexxuan/.vim/bundle/vim-es6/indent/javascript.vim
336.371  000.037  000.037: sourcing /usr/share/vim/vim74/indent/javascript.vim
337.306  000.241  000.241: sourcing /usr/share/vim/vim74/indent/xml.vim
337.512  000.723  000.482: sourcing /home/indexxuan/.vim/bundle/vim-jsx/after/indent/jsx.vim
338.663  000.114  000.114: sourcing /home/indexxuan/.vim/bundle/vim-jsdoc/ftplugin/javascript/jsdoc.vim
339.044  000.161  000.161: sourcing /usr/share/vim/vim74/ftplugin/javascript.vim
341.583  000.051  000.051: sourcing /home/indexxuan/.vim/bundle/vim-jsx/after/ftplugin/jsx.vim
342.016  000.047  000.047: sourcing /home/indexxuan/.vim/bundle/vim-es6/indent/javascript.vim
342.463  000.022  000.022: sourcing /usr/share/vim/vim74/indent/javascript.vim
343.085  000.082  000.082: sourcing /usr/share/vim/vim74/indent/xml.vim
343.272  000.475  000.393: sourcing /home/indexxuan/.vim/bundle/vim-jsx/after/indent/jsx.vim
345.135  001.397  001.397: sourcing /home/indexxuan/.vim/bundle/vim-es6/syntax/javascript.vim
345.378  000.036  000.036: sourcing /usr/share/vim/vim74/syntax/javascript.vim
345.748  000.077  000.077: sourcing /home/indexxuan/.vim/bundle/javascript-libraries-syntax.vim/autoload/jslibsyntax.vim
346.673  000.773  000.773: sourcing /home/indexxuan/.vim/bundle/javascript-libraries-syntax.vim/autoload/syntax/jquery.javascript.vim
347.725  000.868  000.868: sourcing /home/indexxuan/.vim/bundle/javascript-libraries-syntax.vim/autoload/syntax/underscore.javascript.vim
349.265  000.706  000.706: sourcing /home/indexxuan/.vim/bundle/javascript-libraries-syntax.vim/autoload/syntax/jasmine.javascript.vim
350.576  001.023  001.023: sourcing /home/indexxuan/.vim/bundle/javascript-libraries-syntax.vim/autoload/syntax/chai.javascript.vim
351.226  000.493  000.493: sourcing /home/indexxuan/.vim/bundle/javascript-libraries-syntax.vim/autoload/syntax/react.javascript.vim
351.506  000.082  000.082: sourcing /home/indexxuan/.vim/bundle/javascript-libraries-syntax.vim/autoload/syntax/postprocess.javascript.vim
351.527  006.027  002.005: sourcing /home/indexxuan/.vim/bundle/javascript-libraries-syntax.vim/after/syntax/javascript.vim
351.928  000.308  000.308: sourcing /home/indexxuan/.vim/bundle/es.next.syntax.vim/after/syntax/javascript.vim
354.225  000.643  000.643: sourcing /usr/share/vim/vim74/syntax/dtd.vim
354.408  001.603  000.960: sourcing /usr/share/vim/vim74/syntax/xml.vim
354.593  002.000  000.397: sourcing /home/indexxuan/.vim/bundle/vim-jsx/after/syntax/jsx.vim
375.834  000.549  000.549: sourcing /home/indexxuan/.vim/bundle/vim-stay/autoload/stay.vim
376.971  000.296  000.296: sourcing /home/indexxuan/.vim/bundle/vim-stay/autoload/stay/view.vim
378.341  000.934  000.934: sourcing /home/indexxuan/.vim/view/~=+workspace=+wm=+nerve-rank=+widget=+workflow=+apply=+index.js=
379.449  039.915: opening buffers
383.893  004.444: BufEnter autocommands
383.905  000.012: editing files in windows
386.960  000.337  000.337: sourcing /home/indexxuan/.vim/bundle/vim-airline/autoload/airline.vim
387.538  000.192  000.192: sourcing /home/indexxuan/.vim/bundle/vim-airline/autoload/airline/init.vim
388.570  000.267  000.267: sourcing /home/indexxuan/.vim/bundle/vim-airline/autoload/airline/parts.vim
391.313  004.917  004.121: sourcing /home/indexxuan/.vim/bundle/vim-airline/plugin/airline.vim
395.350  000.048  000.048: sourcing /home/indexxuan/.vim/bundle/vim-airline-themes/plugin/airline-themes.vim
402.880  000.537  000.537: sourcing /home/indexxuan/.vim/bundle/vim-gitgutter/autoload/gitgutter/highlight.vim
412.697  011.521  010.984: sourcing /home/indexxuan/.vim/bundle/vim-gitgutter/plugin/gitgutter.vim
423.950  003.452  003.452: sourcing /home/indexxuan/.vim/bundle/tagbar/plugin/tagbar.vim
435.713  006.808  006.808: sourcing /home/indexxuan/.vim/bundle/ctrlp.vim/autoload/ctrlp/mrufiles.vim
436.851  008.683  001.875: sourcing /home/indexxuan/.vim/bundle/ctrlp.vim/plugin/ctrlp.vim
442.956  000.897  000.897: sourcing /home/indexxuan/.vim/bundle/ctrlsf.vim/autoload/ctrlsf/backend.vim
445.009  003.604  002.707: sourcing /home/indexxuan/.vim/bundle/ctrlsf.vim/plugin/ctrlsf.vim
445.757  000.128  000.128: sourcing /home/indexxuan/.vim/bundle/ctrlsf.vim/after/plugin/ctrlsf.vim
459.616  043.358: VimEnter autocommands
459.620  000.004: before starting main loop
462.796  003.176: first screen update
462.804  000.008: --- VIM STARTED ---


times in msec
 clock   self+sourced   self:  sourced script
 clock   elapsed:              other lines

000.035  000.035: --- VIM STARTING ---
000.130  000.095: Allocated generic buffers
000.232  000.102: locale set
000.240  000.008: window checked
000.679  000.439: inits 1
000.734  000.055: parsing arguments
000.755  000.021: expanding arguments
000.767  000.012: shell init
001.014  000.247: Termcap init
001.034  000.020: inits 2
001.127  000.093: init highlight
001.410  000.190  000.190: sourcing /usr/share/vim/vim74/debian.vim
001.915  000.312  000.312: sourcing /usr/share/vim/vim74/syntax/syncolor.vim
002.061  000.518  000.206: sourcing /usr/share/vim/vim74/syntax/synload.vim
052.873  050.733  050.733: sourcing /usr/share/vim/vim74/filetype.vim
053.031  051.551  000.300: sourcing /usr/share/vim/vim74/syntax/syntax.vim
053.097  051.926  000.185: sourcing $VIM/vimrc
058.913  005.495  005.495: sourcing /home/indexxuan/.vim/autoload/plug.vim
075.568  002.657  002.657: sourcing /usr/share/vim/vim74/ftoff.vim
080.678  000.033  000.033: sourcing /home/indexxuan/.vim/bundle/scss-syntax.vim/ftdetect/scss.vim
081.174  000.021  000.021: sourcing /home/indexxuan/.vim/bundle/vim-less/ftdetect/less.vim
083.099  000.101  000.101: sourcing /home/indexxuan/.vim/bundle/vim-es6/ftdetect/es6.vim
084.477  000.202  000.202: sourcing /home/indexxuan/.vim/bundle/vim-jsx/ftdetect/javascript.vim
085.632  000.076  000.076: sourcing /home/indexxuan/.vim/bundle/vim-vue/ftdetect/vue.vim
088.002  000.139  000.139: sourcing /home/indexxuan/.vim/bundle/vim-markdown/ftdetect/markdown.vim
138.734  046.357  046.357: sourcing /usr/share/vim/vim74/filetype.vim
139.126  000.090  000.090: sourcing /usr/share/vim/vim74/ftplugin.vim
139.411  000.066  000.066: sourcing /usr/share/vim/vim74/indent.vim
140.670  087.314  032.077: sourcing /home/indexxuan/.vim/.vimrc.plugins
143.175  002.266  002.266: sourcing /usr/share/vim/vim74/syntax/nosyntax.vim
144.873  000.537  000.537: sourcing /usr/share/vim/vim74/syntax/syncolor.vim
145.237  001.383  000.846: sourcing /usr/share/vim/vim74/syntax/synload.vim
145.346  004.507  000.858: sourcing /usr/share/vim/vim74/syntax/syntax.vim
146.297  000.252  000.252: sourcing /usr/share/vim/vim74/syntax/syncolor.vim
146.977  000.250  000.250: sourcing /usr/share/vim/vim74/syntax/syncolor.vim
147.443  000.184  000.184: sourcing /usr/share/vim/vim74/syntax/syncolor.vim
147.906  002.393  001.707: sourcing /home/indexxuan/.vim/colors/molokai.vim
148.401  000.183  000.183: sourcing /usr/share/vim/vim74/syntax/syncolor.vim
148.955  000.183  000.183: sourcing /usr/share/vim/vim74/syntax/syncolor.vim
149.691  000.295  000.295: sourcing /usr/share/vim/vim74/syntax/syncolor.vim
150.384  002.405  001.744: sourcing /home/indexxuan/.vim/colors/molokai.vim
157.708  104.516  007.897: sourcing $HOME/.vimrc
157.797  000.228: sourcing vimrc file(s)
184.451  002.211  002.211: sourcing /home/indexxuan/.vim/bundle/vim-wakatime/plugin/wakatime.vim
185.153  000.534  000.534: sourcing /home/indexxuan/.vim/bundle/vim-auto-save/plugin/AutoSave.vim
186.020  000.113  000.113: sourcing /home/indexxuan/.vim/bundle/vim-stay/autoload/stay/shim.vim
186.653  000.221  000.221: sourcing /home/indexxuan/.vim/bundle/vim-stay/autoload/stay/integrate/fastfold.vim
186.806  001.484  001.150: sourcing /home/indexxuan/.vim/bundle/vim-stay/plugin/stay.vim
187.646  000.714  000.714: sourcing /home/indexxuan/.vim/bundle/open-browser.vim/plugin/openbrowser.vim
187.972  000.113  000.113: sourcing /home/indexxuan/.vim/bundle/open_file_under_cursor.vim/plugin/open_file_under_cursor.vim
188.520  000.431  000.431: sourcing /home/indexxuan/.vim/bundle/vim-fuzzysearch/plugin/fuzzysearch.vim
194.855  001.180  001.180: sourcing /home/indexxuan/.vim/bundle/delimitMate/autoload/delimitMate.vim
198.659  009.670  008.490: sourcing /home/indexxuan/.vim/bundle/delimitMate/plugin/delimitMate.vim
207.241  008.207  008.207: sourcing /home/indexxuan/.vim/bundle/nerdcommenter/plugin/NERD_commenter.vim
207.853  000.397  000.397: sourcing /home/indexxuan/.vim/bundle/vim-multiple-cursors/plugin/multiple_cursors.vim
209.046  001.014  001.014: sourcing /home/indexxuan/.vim/bundle/vim-eunuch/plugin/eunuch.vim
209.900  000.339  000.339: sourcing /usr/share/vim/vim74/plugin/getscriptPlugin.vim
213.253  003.043  003.043: sourcing /usr/share/vim/vim74/plugin/gzip.vim
214.130  000.561  000.561: sourcing /usr/share/vim/vim74/plugin/matchparen.vim
216.100  001.764  001.764: sourcing /usr/share/vim/vim74/plugin/netrwPlugin.vim
216.286  000.022  000.022: sourcing /usr/share/vim/vim74/plugin/rrhelper.vim
216.445  000.079  000.079: sourcing /usr/share/vim/vim74/plugin/spellfile.vim
217.258  000.723  000.723: sourcing /usr/share/vim/vim74/plugin/tarPlugin.vim
217.457  000.103  000.103: sourcing /usr/share/vim/vim74/plugin/tohtml.vim
217.695  000.170  000.170: sourcing /usr/share/vim/vim74/plugin/vimballPlugin.vim
218.259  000.462  000.462: sourcing /usr/share/vim/vim74/plugin/zipPlugin.vim
218.336  028.498: loading plugins
218.344  000.008: inits 3
218.554  000.210: reading viminfo
218.636  000.082: setting raw mode
218.653  000.017: start termcap
218.702  000.049: clearing screen
225.637  000.156  000.156: sourcing /home/indexxuan/.vim/bundle/vim-jsdoc/ftplugin/javascript/jsdoc.vim
226.194  000.128  000.128: sourcing /usr/share/vim/vim74/ftplugin/javascript.vim
228.564  000.092  000.092: sourcing /home/indexxuan/.vim/bundle/vim-jsx/after/ftplugin/jsx.vim
229.587  000.515  000.515: sourcing /home/indexxuan/.vim/bundle/vim-es6/indent/javascript.vim
230.275  000.085  000.085: sourcing /usr/share/vim/vim74/indent/javascript.vim
231.489  000.319  000.319: sourcing /usr/share/vim/vim74/indent/xml.vim
231.842  001.037  000.718: sourcing /home/indexxuan/.vim/bundle/vim-jsx/after/indent/jsx.vim
233.264  000.209  000.209: sourcing /home/indexxuan/.vim/bundle/vim-jsdoc/ftplugin/javascript/jsdoc.vim
233.739  000.213  000.213: sourcing /usr/share/vim/vim74/ftplugin/javascript.vim
236.332  000.067  000.067: sourcing /home/indexxuan/.vim/bundle/vim-jsx/after/ftplugin/jsx.vim
236.937  000.059  000.059: sourcing /home/indexxuan/.vim/bundle/vim-es6/indent/javascript.vim
237.117  000.019  000.019: sourcing /usr/share/vim/vim74/indent/javascript.vim
237.967  000.119  000.119: sourcing /usr/share/vim/vim74/indent/xml.vim
238.182  000.641  000.522: sourcing /home/indexxuan/.vim/bundle/vim-jsx/after/indent/jsx.vim
241.725  002.754  002.754: sourcing /home/indexxuan/.vim/bundle/vim-es6/syntax/javascript.vim
243.916  000.408  000.408: sourcing /usr/share/vim/vim74/syntax/javascript.vim
245.055  000.140  000.140: sourcing /home/indexxuan/.vim/bundle/javascript-libraries-syntax.vim/autoload/jslibsyntax.vim
246.526  001.195  001.195: sourcing /home/indexxuan/.vim/bundle/javascript-libraries-syntax.vim/autoload/syntax/jquery.javascript.vim
247.676  000.716  000.716: sourcing /home/indexxuan/.vim/bundle/javascript-libraries-syntax.vim/autoload/syntax/underscore.javascript.vim
249.687  001.289  001.289: sourcing /home/indexxuan/.vim/bundle/javascript-libraries-syntax.vim/autoload/syntax/jasmine.javascript.vim
251.674  001.148  001.148: sourcing /home/indexxuan/.vim/bundle/javascript-libraries-syntax.vim/autoload/syntax/chai.javascript.vim
253.047  000.857  000.857: sourcing /home/indexxuan/.vim/bundle/javascript-libraries-syntax.vim/autoload/syntax/react.javascript.vim
253.561  000.120  000.120: sourcing /home/indexxuan/.vim/bundle/javascript-libraries-syntax.vim/autoload/syntax/postprocess.javascript.vim
253.588  009.218  003.753: sourcing /home/indexxuan/.vim/bundle/javascript-libraries-syntax.vim/after/syntax/javascript.vim
254.101  000.394  000.394: sourcing /home/indexxuan/.vim/bundle/es.next.syntax.vim/after/syntax/javascript.vim
256.704  000.633  000.633: sourcing /usr/share/vim/vim74/syntax/dtd.vim
256.914  001.790  001.157: sourcing /usr/share/vim/vim74/syntax/xml.vim
257.087  002.218  000.428: sourcing /home/indexxuan/.vim/bundle/vim-jsx/after/syntax/jsx.vim
265.219  000.086  000.086: sourcing /home/indexxuan/.vim/bundle/vim-stay/autoload/stay.vim
265.817  000.197  000.197: sourcing /home/indexxuan/.vim/bundle/vim-stay/autoload/stay/view.vim
266.652  000.490  000.490: sourcing /home/indexxuan/.vim/view/~=+workspace=+wm=+nerve-rank=+widget=+workflow=+apply=+index.js=
267.201  029.513: opening buffers
268.816  001.615: BufEnter autocommands
268.833  000.017: editing files in windows
272.661  000.192  000.192: sourcing /home/indexxuan/.vim/bundle/vim-airline/autoload/airline.vim
273.020  000.135  000.135: sourcing /home/indexxuan/.vim/bundle/vim-airline/autoload/airline/init.vim
273.631  000.126  000.126: sourcing /home/indexxuan/.vim/bundle/vim-airline/autoload/airline/parts.vim
274.843  002.519  002.066: sourcing /home/indexxuan/.vim/bundle/vim-airline/plugin/airline.vim
278.942  000.164  000.164: sourcing /home/indexxuan/.vim/bundle/vim-airline-themes/plugin/airline-themes.vim
282.599  000.165  000.165: sourcing /home/indexxuan/.vim/bundle/vim-gitgutter/autoload/gitgutter/highlight.vim
284.968  003.361  003.196: sourcing /home/indexxuan/.vim/bundle/vim-gitgutter/plugin/gitgutter.vim
290.943  003.345  003.345: sourcing /home/indexxuan/.vim/bundle/tagbar/plugin/tagbar.vim
296.894  000.645  000.645: sourcing /home/indexxuan/.vim/bundle/ctrlp.vim/autoload/ctrlp/mrufiles.vim
299.749  005.169  004.524: sourcing /home/indexxuan/.vim/bundle/ctrlp.vim/plugin/ctrlp.vim
302.540  000.434  000.434: sourcing /home/indexxuan/.vim/bundle/ctrlsf.vim/autoload/ctrlsf/backend.vim
303.130  001.251  000.817: sourcing /home/indexxuan/.vim/bundle/ctrlsf.vim/plugin/ctrlsf.vim
303.404  000.073  000.073: sourcing /home/indexxuan/.vim/bundle/ctrlsf.vim/after/plugin/ctrlsf.vim
316.731  032.016: VimEnter autocommands
316.745  000.014: before starting main loop
329.004  012.259: first screen update
329.008  000.004: --- VIM STARTED ---


times in msec
 clock   self+sourced   self:  sourced script
 clock   elapsed:              other lines

000.004  000.004: --- VIM STARTING ---
000.088  000.084: Allocated generic buffers
000.176  000.088: locale set
000.182  000.006: window checked
000.580  000.398: inits 1
000.639  000.059: parsing arguments
000.641  000.002: expanding arguments
000.651  000.010: shell init
000.898  000.247: Termcap init
000.918  000.020: inits 2
001.015  000.097: init highlight
001.302  000.193  000.193: sourcing /usr/share/vim/vim74/debian.vim
001.678  000.202  000.202: sourcing /usr/share/vim/vim74/syntax/syncolor.vim
001.811  000.384  000.182: sourcing /usr/share/vim/vim74/syntax/synload.vim
049.652  047.717  047.717: sourcing /usr/share/vim/vim74/filetype.vim
049.813  048.438  000.337: sourcing /usr/share/vim/vim74/syntax/syntax.vim
049.934  048.877  000.246: sourcing $VIM/vimrc
052.468  002.232  002.232: sourcing /home/indexxuan/.vim/autoload/plug.vim
063.485  001.164  001.164: sourcing /usr/share/vim/vim74/ftoff.vim
068.565  000.046  000.046: sourcing /home/indexxuan/.vim/bundle/scss-syntax.vim/ftdetect/scss.vim
070.014  000.212  000.212: sourcing /home/indexxuan/.vim/bundle/vim-less/ftdetect/less.vim
074.744  000.113  000.113: sourcing /home/indexxuan/.vim/bundle/vim-es6/ftdetect/es6.vim
076.386  000.216  000.216: sourcing /home/indexxuan/.vim/bundle/vim-jsx/ftdetect/javascript.vim
076.808  000.017  000.017: sourcing /home/indexxuan/.vim/bundle/vim-vue/ftdetect/vue.vim
077.152  000.020  000.020: sourcing /home/indexxuan/.vim/bundle/vim-markdown/ftdetect/markdown.vim
137.369  058.295  058.295: sourcing /usr/share/vim/vim74/filetype.vim
137.651  000.063  000.063: sourcing /usr/share/vim/vim74/ftplugin.vim
137.896  000.079  000.079: sourcing /usr/share/vim/vim74/indent.vim
138.850  088.667  027.210: sourcing /home/indexxuan/.vim/.vimrc.plugins
139.775  000.743  000.743: sourcing /usr/share/vim/vim74/syntax/nosyntax.vim
140.367  000.202  000.202: sourcing /usr/share/vim/vim74/syntax/syncolor.vim
140.523  000.510  000.308: sourcing /usr/share/vim/vim74/syntax/synload.vim
140.566  001.585  000.332: sourcing /usr/share/vim/vim74/syntax/syntax.vim
141.702  000.433  000.433: sourcing /usr/share/vim/vim74/syntax/syncolor.vim
143.084  000.489  000.489: sourcing /usr/share/vim/vim74/syntax/syncolor.vim
144.284  000.520  000.520: sourcing /usr/share/vim/vim74/syntax/syncolor.vim
145.178  004.545  003.103: sourcing /home/indexxuan/.vim/colors/molokai.vim
146.091  000.310  000.310: sourcing /usr/share/vim/vim74/syntax/syncolor.vim
146.747  000.204  000.204: sourcing /usr/share/vim/vim74/syntax/syncolor.vim
147.292  000.193  000.193: sourcing /usr/share/vim/vim74/syntax/syncolor.vim
147.770  002.353  001.646: sourcing /home/indexxuan/.vim/colors/molokai.vim
151.848  101.814  004.664: sourcing $HOME/.vimrc
152.541  000.835: sourcing vimrc file(s)
181.782  000.947  000.947: sourcing /home/indexxuan/.vim/bundle/vim-wakatime/plugin/wakatime.vim
182.235  000.283  000.283: sourcing /home/indexxuan/.vim/bundle/vim-auto-save/plugin/AutoSave.vim
182.714  000.088  000.088: sourcing /home/indexxuan/.vim/bundle/vim-stay/autoload/stay/shim.vim
183.339  000.212  000.212: sourcing /home/indexxuan/.vim/bundle/vim-stay/autoload/stay/integrate/fastfold.vim
183.438  001.124  000.824: sourcing /home/indexxuan/.vim/bundle/vim-stay/plugin/stay.vim
184.139  000.596  000.596: sourcing /home/indexxuan/.vim/bundle/open-browser.vim/plugin/openbrowser.vim
184.374  000.097  000.097: sourcing /home/indexxuan/.vim/bundle/open_file_under_cursor.vim/plugin/open_file_under_cursor.vim
184.748  000.269  000.269: sourcing /home/indexxuan/.vim/bundle/vim-fuzzysearch/plugin/fuzzysearch.vim
188.491  000.934  000.934: sourcing /home/indexxuan/.vim/bundle/delimitMate/autoload/delimitMate.vim
193.844  008.925  007.991: sourcing /home/indexxuan/.vim/bundle/delimitMate/plugin/delimitMate.vim
200.581  006.500  006.500: sourcing /home/indexxuan/.vim/bundle/nerdcommenter/plugin/NERD_commenter.vim
202.973  000.822  000.822: sourcing /home/indexxuan/.vim/bundle/vim-multiple-cursors/plugin/multiple_cursors.vim
204.398  000.854  000.854: sourcing /home/indexxuan/.vim/bundle/vim-eunuch/plugin/eunuch.vim
204.777  000.079  000.079: sourcing /usr/share/vim/vim74/plugin/getscriptPlugin.vim
205.222  000.387  000.387: sourcing /usr/share/vim/vim74/plugin/gzip.vim
205.483  000.190  000.190: sourcing /usr/share/vim/vim74/plugin/matchparen.vim
206.157  000.615  000.615: sourcing /usr/share/vim/vim74/plugin/netrwPlugin.vim
206.261  000.014  000.014: sourcing /usr/share/vim/vim74/plugin/rrhelper.vim
206.350  000.033  000.033: sourcing /usr/share/vim/vim74/plugin/spellfile.vim
206.605  000.205  000.205: sourcing /usr/share/vim/vim74/plugin/tarPlugin.vim
206.775  000.094  000.094: sourcing /usr/share/vim/vim74/plugin/tohtml.vim
207.028  000.186  000.186: sourcing /usr/share/vim/vim74/plugin/vimballPlugin.vim
207.333  000.233  000.233: sourcing /usr/share/vim/vim74/plugin/zipPlugin.vim
207.388  032.394: loading plugins
207.394  000.006: inits 3
207.662  000.268: reading viminfo
208.063  000.401: setting raw mode
208.177  000.114: start termcap
208.566  000.389: clearing screen
220.031  000.300  000.300: sourcing /home/indexxuan/.vim/bundle/vim-jsdoc/ftplugin/javascript/jsdoc.vim
220.665  000.172  000.172: sourcing /usr/share/vim/vim74/ftplugin/javascript.vim
224.366  000.521  000.521: sourcing /home/indexxuan/.vim/bundle/vim-jsx/after/ftplugin/jsx.vim
226.653  000.851  000.851: sourcing /home/indexxuan/.vim/bundle/vim-es6/indent/javascript.vim
226.906  000.060  000.060: sourcing /usr/share/vim/vim74/indent/javascript.vim
227.832  000.161  000.161: sourcing /usr/share/vim/vim74/indent/xml.vim
228.035  000.581  000.420: sourcing /home/indexxuan/.vim/bundle/vim-jsx/after/indent/jsx.vim
229.576  000.108  000.108: sourcing /home/indexxuan/.vim/bundle/vim-jsdoc/ftplugin/javascript/jsdoc.vim
229.805  000.077  000.077: sourcing /usr/share/vim/vim74/ftplugin/javascript.vim
231.093  000.028  000.028: sourcing /home/indexxuan/.vim/bundle/vim-jsx/after/ftplugin/jsx.vim
231.412  000.030  000.030: sourcing /home/indexxuan/.vim/bundle/vim-es6/indent/javascript.vim
231.514  000.011  000.011: sourcing /usr/share/vim/vim74/indent/javascript.vim
231.985  000.058  000.058: sourcing /usr/share/vim/vim74/indent/xml.vim
232.107  000.357  000.299: sourcing /home/indexxuan/.vim/bundle/vim-jsx/after/indent/jsx.vim
233.527  001.053  001.053: sourcing /home/indexxuan/.vim/bundle/vim-es6/syntax/javascript.vim
233.708  000.029  000.029: sourcing /usr/share/vim/vim74/syntax/javascript.vim
234.014  000.058  000.058: sourcing /home/indexxuan/.vim/bundle/javascript-libraries-syntax.vim/autoload/jslibsyntax.vim
234.632  000.502  000.502: sourcing /home/indexxuan/.vim/bundle/javascript-libraries-syntax.vim/autoload/syntax/jquery.javascript.vim
235.101  000.350  000.350: sourcing /home/indexxuan/.vim/bundle/javascript-libraries-syntax.vim/autoload/syntax/underscore.javascript.vim
235.552  000.208  000.208: sourcing /home/indexxuan/.vim/bundle/javascript-libraries-syntax.vim/autoload/syntax/jasmine.javascript.vim
236.286  000.620  000.620: sourcing /home/indexxuan/.vim/bundle/javascript-libraries-syntax.vim/autoload/syntax/chai.javascript.vim
237.085  000.680  000.680: sourcing /home/indexxuan/.vim/bundle/javascript-libraries-syntax.vim/autoload/syntax/react.javascript.vim
237.565  000.139  000.139: sourcing /home/indexxuan/.vim/bundle/javascript-libraries-syntax.vim/autoload/syntax/postprocess.javascript.vim
237.627  003.832  001.275: sourcing /home/indexxuan/.vim/bundle/javascript-libraries-syntax.vim/after/syntax/javascript.vim
238.510  000.705  000.705: sourcing /home/indexxuan/.vim/bundle/es.next.syntax.vim/after/syntax/javascript.vim
240.518  000.467  000.467: sourcing /usr/share/vim/vim74/syntax/dtd.vim
240.650  001.208  000.741: sourcing /usr/share/vim/vim74/syntax/xml.vim
240.795  001.544  000.336: sourcing /home/indexxuan/.vim/bundle/vim-jsx/after/syntax/jsx.vim
252.230  000.303  000.303: sourcing /home/indexxuan/.vim/bundle/vim-stay/autoload/stay.vim
255.422  000.281  000.281: sourcing /home/indexxuan/.vim/bundle/vim-stay/autoload/stay/view.vim
256.099  000.288  000.288: sourcing /home/indexxuan/.vim/view/~=+workspace=+wm=+nerve-rank=+widget=+workflow=+apply=+index.js=
256.335  036.638: opening buffers
270.672  014.337: BufEnter autocommands
270.687  000.015: editing files in windows
274.157  000.321  000.321: sourcing /home/indexxuan/.vim/bundle/vim-airline/autoload/airline.vim
274.565  000.160  000.160: sourcing /home/indexxuan/.vim/bundle/vim-airline/autoload/airline/init.vim
275.273  000.171  000.171: sourcing /home/indexxuan/.vim/bundle/vim-airline/autoload/airline/parts.vim
278.203  004.640  003.988: sourcing /home/indexxuan/.vim/bundle/vim-airline/plugin/airline.vim
290.429  000.099  000.099: sourcing /home/indexxuan/.vim/bundle/vim-airline-themes/plugin/airline-themes.vim
293.756  000.256  000.256: sourcing /home/indexxuan/.vim/bundle/vim-gitgutter/autoload/gitgutter/highlight.vim
297.143  004.515  004.259: sourcing /home/indexxuan/.vim/bundle/vim-gitgutter/plugin/gitgutter.vim
301.750  001.952  001.952: sourcing /home/indexxuan/.vim/bundle/tagbar/plugin/tagbar.vim
309.268  001.517  001.517: sourcing /home/indexxuan/.vim/bundle/ctrlp.vim/autoload/ctrlp/mrufiles.vim
310.652  004.234  002.717: sourcing /home/indexxuan/.vim/bundle/ctrlp.vim/plugin/ctrlp.vim
313.503  000.645  000.645: sourcing /home/indexxuan/.vim/bundle/ctrlsf.vim/autoload/ctrlsf/backend.vim
317.650  005.227  004.582: sourcing /home/indexxuan/.vim/bundle/ctrlsf.vim/plugin/ctrlsf.vim
319.248  000.365  000.365: sourcing /home/indexxuan/.vim/bundle/ctrlsf.vim/after/plugin/ctrlsf.vim
337.703  045.984: VimEnter autocommands
337.717  000.014: before starting main loop
350.157  012.440: first screen update
350.162  000.005: --- VIM STARTED ---


times in msec
 clock   self+sourced   self:  sourced script
 clock   elapsed:              other lines

000.018  000.018: --- VIM STARTING ---
000.287  000.269: Allocated generic buffers
000.483  000.196: locale set
000.491  000.008: window checked
001.121  000.630: inits 1
001.205  000.084: parsing arguments
001.207  000.002: expanding arguments
001.222  000.015: shell init
001.549  000.327: Termcap init
001.579  000.030: inits 2
001.728  000.149: init highlight
002.220  000.360  000.360: sourcing /usr/share/vim/vim74/debian.vim
002.835  000.327  000.327: sourcing /usr/share/vim/vim74/syntax/syncolor.vim
003.073  000.660  000.333: sourcing /usr/share/vim/vim74/syntax/synload.vim
057.963  054.800  054.800: sourcing /usr/share/vim/vim74/filetype.vim
058.043  055.723  000.263: sourcing /usr/share/vim/vim74/syntax/syntax.vim
058.081  056.293  000.210: sourcing $VIM/vimrc
061.177  002.865  002.865: sourcing /home/indexxuan/.vim/autoload/plug.vim
074.176  003.747  003.747: sourcing /usr/share/vim/vim74/ftoff.vim
078.747  000.026  000.026: sourcing /home/indexxuan/.vim/bundle/scss-syntax.vim/ftdetect/scss.vim
079.248  000.018  000.018: sourcing /home/indexxuan/.vim/bundle/vim-less/ftdetect/less.vim
080.469  000.023  000.023: sourcing /home/indexxuan/.vim/bundle/vim-es6/ftdetect/es6.vim
080.820  000.061  000.061: sourcing /home/indexxuan/.vim/bundle/vim-jsx/ftdetect/javascript.vim
081.240  000.022  000.022: sourcing /home/indexxuan/.vim/bundle/vim-vue/ftdetect/vue.vim
081.540  000.019  000.019: sourcing /home/indexxuan/.vim/bundle/vim-markdown/ftdetect/markdown.vim
138.503  054.977  054.977: sourcing /usr/share/vim/vim74/filetype.vim
138.930  000.100  000.100: sourcing /usr/share/vim/vim74/ftplugin.vim
139.276  000.080  000.080: sourcing /usr/share/vim/vim74/indent.vim
141.470  083.206  021.268: sourcing /home/indexxuan/.vim/.vimrc.plugins
145.102  002.725  002.725: sourcing /usr/share/vim/vim74/syntax/nosyntax.vim
146.265  000.551  000.551: sourcing /usr/share/vim/vim74/syntax/syncolor.vim
146.916  001.567  001.016: sourcing /usr/share/vim/vim74/syntax/synload.vim
147.135  004.966  000.674: sourcing /usr/share/vim/vim74/syntax/syntax.vim
148.356  000.431  000.431: sourcing /usr/share/vim/vim74/syntax/syncolor.vim
149.383  000.267  000.267: sourcing /usr/share/vim/vim74/syntax/syncolor.vim
150.240  000.437  000.437: sourcing /usr/share/vim/vim74/syntax/syncolor.vim
150.765  003.358  002.223: sourcing /home/indexxuan/.vim/colors/molokai.vim
151.447  000.173  000.173: sourcing /usr/share/vim/vim74/syntax/syncolor.vim
151.921  000.169  000.169: sourcing /usr/share/vim/vim74/syntax/syncolor.vim
152.325  000.175  000.175: sourcing /usr/share/vim/vim74/syntax/syncolor.vim
152.763  001.835  001.318: sourcing /home/indexxuan/.vim/colors/molokai.vim
154.715  096.580  003.215: sourcing $HOME/.vimrc
154.736  000.135: sourcing vimrc file(s)
178.120  000.599  000.599: sourcing /home/indexxuan/.vim/bundle/vim-wakatime/plugin/wakatime.vim
178.394  000.179  000.179: sourcing /home/indexxuan/.vim/bundle/vim-auto-save/plugin/AutoSave.vim
179.790  000.175  000.175: sourcing /home/indexxuan/.vim/bundle/vim-stay/autoload/stay/shim.vim
181.057  000.449  000.449: sourcing /home/indexxuan/.vim/bundle/vim-stay/autoload/stay/integrate/fastfold.vim
181.433  002.964  002.340: sourcing /home/indexxuan/.vim/bundle/vim-stay/plugin/stay.vim
183.328  001.471  001.471: sourcing /home/indexxuan/.vim/bundle/open-browser.vim/plugin/openbrowser.vim
183.839  000.128  000.128: sourcing /home/indexxuan/.vim/bundle/open_file_under_cursor.vim/plugin/open_file_under_cursor.vim
184.338  000.321  000.321: sourcing /home/indexxuan/.vim/bundle/vim-fuzzysearch/plugin/fuzzysearch.vim
186.241  000.576  000.576: sourcing /home/indexxuan/.vim/bundle/delimitMate/autoload/delimitMate.vim
189.092  004.638  004.062: sourcing /home/indexxuan/.vim/bundle/delimitMate/plugin/delimitMate.vim
196.396  007.042  007.042: sourcing /home/indexxuan/.vim/bundle/nerdcommenter/plugin/NERD_commenter.vim
196.971  000.381  000.381: sourcing /home/indexxuan/.vim/bundle/vim-multiple-cursors/plugin/multiple_cursors.vim
198.170  001.026  001.026: sourcing /home/indexxuan/.vim/bundle/vim-eunuch/plugin/eunuch.vim
199.022  000.162  000.162: sourcing /usr/share/vim/vim74/plugin/getscriptPlugin.vim
200.413  001.289  001.289: sourcing /usr/share/vim/vim74/plugin/gzip.vim
201.814  000.875  000.875: sourcing /usr/share/vim/vim74/plugin/matchparen.vim
206.418  004.001  004.001: sourcing /usr/share/vim/vim74/plugin/netrwPlugin.vim
206.602  000.020  000.020: sourcing /usr/share/vim/vim74/plugin/rrhelper.vim
206.721  000.046  000.046: sourcing /usr/share/vim/vim74/plugin/spellfile.vim
207.261  000.477  000.477: sourcing /usr/share/vim/vim74/plugin/tarPlugin.vim
207.456  000.101  000.101: sourcing /usr/share/vim/vim74/plugin/tohtml.vim
207.733  000.187  000.187: sourcing /usr/share/vim/vim74/plugin/vimballPlugin.vim
208.256  000.443  000.443: sourcing /usr/share/vim/vim74/plugin/zipPlugin.vim
208.323  027.237: loading plugins
208.329  000.006: inits 3
208.532  000.203: reading viminfo
208.606  000.074: setting raw mode
208.622  000.016: start termcap
208.671  000.049: clearing screen
217.593  000.080  000.080: sourcing /home/indexxuan/.vim/bundle/vim-jsdoc/ftplugin/javascript/jsdoc.vim
217.802  000.070  000.070: sourcing /usr/share/vim/vim74/ftplugin/javascript.vim
219.031  000.030  000.030: sourcing /home/indexxuan/.vim/bundle/vim-jsx/after/ftplugin/jsx.vim
219.713  000.385  000.385: sourcing /home/indexxuan/.vim/bundle/vim-es6/indent/javascript.vim
219.817  000.014  000.014: sourcing /usr/share/vim/vim74/indent/javascript.vim
220.745  000.365  000.365: sourcing /usr/share/vim/vim74/indent/xml.vim
220.938  000.812  000.447: sourcing /home/indexxuan/.vim/bundle/vim-jsx/after/indent/jsx.vim
222.227  000.335  000.335: sourcing /home/indexxuan/.vim/bundle/vim-jsdoc/ftplugin/javascript/jsdoc.vim
222.649  000.144  000.144: sourcing /usr/share/vim/vim74/ftplugin/javascript.vim
224.826  000.046  000.046: sourcing /home/indexxuan/.vim/bundle/vim-jsx/after/ftplugin/jsx.vim
225.244  000.035  000.035: sourcing /home/indexxuan/.vim/bundle/vim-es6/indent/javascript.vim
225.394  000.016  000.016: sourcing /usr/share/vim/vim74/indent/javascript.vim
225.887  000.057  000.057: sourcing /usr/share/vim/vim74/indent/xml.vim
226.088  000.426  000.369: sourcing /home/indexxuan/.vim/bundle/vim-jsx/after/indent/jsx.vim
227.499  001.020  001.020: sourcing /home/indexxuan/.vim/bundle/vim-es6/syntax/javascript.vim
227.687  000.027  000.027: sourcing /usr/share/vim/vim74/syntax/javascript.vim
227.988  000.075  000.075: sourcing /home/indexxuan/.vim/bundle/javascript-libraries-syntax.vim/autoload/jslibsyntax.vim
228.611  000.503  000.503: sourcing /home/indexxuan/.vim/bundle/javascript-libraries-syntax.vim/autoload/syntax/jquery.javascript.vim
229.069  000.336  000.336: sourcing /home/indexxuan/.vim/bundle/javascript-libraries-syntax.vim/autoload/syntax/underscore.javascript.vim
229.527  000.218  000.218: sourcing /home/indexxuan/.vim/bundle/javascript-libraries-syntax.vim/autoload/syntax/jasmine.javascript.vim
230.266  000.628  000.628: sourcing /home/indexxuan/.vim/bundle/javascript-libraries-syntax.vim/autoload/syntax/chai.javascript.vim
230.780  000.392  000.392: sourcing /home/indexxuan/.vim/bundle/javascript-libraries-syntax.vim/autoload/syntax/react.javascript.vim
231.054  000.124  000.124: sourcing /home/indexxuan/.vim/bundle/javascript-libraries-syntax.vim/autoload/syntax/postprocess.javascript.vim
231.077  003.302  001.026: sourcing /home/indexxuan/.vim/bundle/javascript-libraries-syntax.vim/after/syntax/javascript.vim
231.440  000.251  000.251: sourcing /home/indexxuan/.vim/bundle/es.next.syntax.vim/after/syntax/javascript.vim
233.201  000.502  000.502: sourcing /usr/share/vim/vim74/syntax/dtd.vim
233.334  001.210  000.708: sourcing /usr/share/vim/vim74/syntax/xml.vim
233.475  001.546  000.336: sourcing /home/indexxuan/.vim/bundle/vim-jsx/after/syntax/jsx.vim
248.186  000.337  000.337: sourcing /home/indexxuan/.vim/bundle/vim-stay/autoload/stay.vim
248.879  000.179  000.179: sourcing /home/indexxuan/.vim/bundle/vim-stay/autoload/stay/view.vim
249.429  000.229  000.229: sourcing /home/indexxuan/.vim/view/~=+workspace=+wm=+nerve-rank=+widget=+workflow=+apply=+index.js=
249.616  031.661: opening buffers
250.461  000.845: BufEnter autocommands
250.466  000.005: editing files in windows
253.516  000.193  000.193: sourcing /home/indexxuan/.vim/bundle/vim-airline/autoload/airline.vim
253.837  000.137  000.137: sourcing /home/indexxuan/.vim/bundle/vim-airline/autoload/airline/init.vim
255.024  000.243  000.243: sourcing /home/indexxuan/.vim/bundle/vim-airline/autoload/airline/parts.vim
257.159  003.976  003.403: sourcing /home/indexxuan/.vim/bundle/vim-airline/plugin/airline.vim
261.639  000.143  000.143: sourcing /home/indexxuan/.vim/bundle/vim-airline-themes/plugin/airline-themes.vim
263.620  000.148  000.148: sourcing /home/indexxuan/.vim/bundle/vim-gitgutter/autoload/gitgutter/highlight.vim
265.002  001.999  001.851: sourcing /home/indexxuan/.vim/bundle/vim-gitgutter/plugin/gitgutter.vim
270.310  002.087  002.087: sourcing /home/indexxuan/.vim/bundle/tagbar/plugin/tagbar.vim
273.180  000.416  000.416: sourcing /home/indexxuan/.vim/bundle/ctrlp.vim/autoload/ctrlp/mrufiles.vim
275.072  002.788  002.372: sourcing /home/indexxuan/.vim/bundle/ctrlp.vim/plugin/ctrlp.vim
281.170  001.648  001.648: sourcing /home/indexxuan/.vim/bundle/ctrlsf.vim/autoload/ctrlsf/backend.vim
284.300  005.981  004.333: sourcing /home/indexxuan/.vim/bundle/ctrlsf.vim/plugin/ctrlsf.vim
286.075  000.371  000.371: sourcing /home/indexxuan/.vim/bundle/ctrlsf.vim/after/plugin/ctrlsf.vim
296.622  028.811: VimEnter autocommands
296.627  000.005: before starting main loop
300.097  003.470: first screen update
300.103  000.006: --- VIM STARTED ---


times in msec
 clock   self+sourced   self:  sourced script
 clock   elapsed:              other lines

000.003  000.003: --- VIM STARTING ---
000.090  000.087: Allocated generic buffers
000.176  000.086: locale set
000.181  000.005: window checked
000.586  000.405: inits 1
000.643  000.057: parsing arguments
000.645  000.002: expanding arguments
000.655  000.010: shell init
000.873  000.218: Termcap init
000.894  000.021: inits 2
000.986  000.092: init highlight
001.250  000.175  000.175: sourcing /usr/share/vim/vim74/debian.vim
001.743  000.188  000.188: sourcing /usr/share/vim/vim74/syntax/syncolor.vim
001.867  000.503  000.315: sourcing /usr/share/vim/vim74/syntax/synload.vim
029.513  027.585  027.585: sourcing /usr/share/vim/vim74/filetype.vim
029.591  028.281  000.193: sourcing /usr/share/vim/vim74/syntax/syntax.vim
029.631  028.602  000.146: sourcing $VIM/vimrc
031.722  001.863  001.863: sourcing /home/indexxuan/.vim/autoload/plug.vim
037.309  000.577  000.577: sourcing /usr/share/vim/vim74/ftoff.vim
040.460  000.024  000.024: sourcing /home/indexxuan/.vim/bundle/scss-syntax.vim/ftdetect/scss.vim
040.735  000.011  000.011: sourcing /home/indexxuan/.vim/bundle/vim-less/ftdetect/less.vim
041.550  000.017  000.017: sourcing /home/indexxuan/.vim/bundle/vim-es6/ftdetect/es6.vim
041.871  000.052  000.052: sourcing /home/indexxuan/.vim/bundle/vim-jsx/ftdetect/javascript.vim
042.148  000.011  000.011: sourcing /home/indexxuan/.vim/bundle/vim-vue/ftdetect/vue.vim
042.429  000.044  000.044: sourcing /home/indexxuan/.vim/bundle/vim-markdown/ftdetect/markdown.vim
090.156  044.703  044.703: sourcing /usr/share/vim/vim74/filetype.vim
090.462  000.073  000.073: sourcing /usr/share/vim/vim74/ftplugin.vim
090.705  000.071  000.071: sourcing /usr/share/vim/vim74/indent.vim
091.753  061.942  014.496: sourcing /home/indexxuan/.vim/.vimrc.plugins
092.446  000.523  000.523: sourcing /usr/share/vim/vim74/syntax/nosyntax.vim
093.044  000.190  000.190: sourcing /usr/share/vim/vim74/syntax/syncolor.vim
093.186  000.523  000.333: sourcing /usr/share/vim/vim74/syntax/synload.vim
093.228  001.357  000.311: sourcing /usr/share/vim/vim74/syntax/syntax.vim
093.716  000.170  000.170: sourcing /usr/share/vim/vim74/syntax/syncolor.vim
094.282  000.234  000.234: sourcing /usr/share/vim/vim74/syntax/syncolor.vim
094.701  000.166  000.166: sourcing /usr/share/vim/vim74/syntax/syncolor.vim
095.025  001.737  001.167: sourcing /home/indexxuan/.vim/colors/molokai.vim
095.476  000.187  000.187: sourcing /usr/share/vim/vim74/syntax/syncolor.vim
095.931  000.165  000.165: sourcing /usr/share/vim/vim74/syntax/syncolor.vim
096.316  000.182  000.182: sourcing /usr/share/vim/vim74/syntax/syncolor.vim
097.028  001.954  001.420: sourcing /home/indexxuan/.vim/colors/molokai.vim
099.287  069.599  002.609: sourcing $HOME/.vimrc
099.320  000.133: sourcing vimrc file(s)
128.672  000.772  000.772: sourcing /home/indexxuan/.vim/bundle/vim-wakatime/plugin/wakatime.vim
129.132  000.347  000.347: sourcing /home/indexxuan/.vim/bundle/vim-auto-save/plugin/AutoSave.vim
129.733  000.093  000.093: sourcing /home/indexxuan/.vim/bundle/vim-stay/autoload/stay/shim.vim
130.362  000.225  000.225: sourcing /home/indexxuan/.vim/bundle/vim-stay/autoload/stay/integrate/fastfold.vim
130.485  001.262  000.944: sourcing /home/indexxuan/.vim/bundle/vim-stay/plugin/stay.vim
131.181  000.579  000.579: sourcing /home/indexxuan/.vim/bundle/open-browser.vim/plugin/openbrowser.vim
131.442  000.115  000.115: sourcing /home/indexxuan/.vim/bundle/open_file_under_cursor.vim/plugin/open_file_under_cursor.vim
131.830  000.274  000.274: sourcing /home/indexxuan/.vim/bundle/vim-fuzzysearch/plugin/fuzzysearch.vim
134.946  000.915  000.915: sourcing /home/indexxuan/.vim/bundle/delimitMate/autoload/delimitMate.vim
139.171  007.247  006.332: sourcing /home/indexxuan/.vim/bundle/delimitMate/plugin/delimitMate.vim
147.875  008.488  008.488: sourcing /home/indexxuan/.vim/bundle/nerdcommenter/plugin/NERD_commenter.vim
148.487  000.399  000.399: sourcing /home/indexxuan/.vim/bundle/vim-multiple-cursors/plugin/multiple_cursors.vim
149.394  000.756  000.756: sourcing /home/indexxuan/.vim/bundle/vim-eunuch/plugin/eunuch.vim
150.007  000.093  000.093: sourcing /usr/share/vim/vim74/plugin/getscriptPlugin.vim
150.609  000.536  000.536: sourcing /usr/share/vim/vim74/plugin/gzip.vim
150.876  000.195  000.195: sourcing /usr/share/vim/vim74/plugin/matchparen.vim
152.184  001.245  001.245: sourcing /usr/share/vim/vim74/plugin/netrwPlugin.vim
152.825  000.076  000.076: sourcing /usr/share/vim/vim74/plugin/rrhelper.vim
153.169  000.106  000.106: sourcing /usr/share/vim/vim74/plugin/spellfile.vim
156.070  002.715  002.715: sourcing /usr/share/vim/vim74/plugin/tarPlugin.vim
157.109  000.261  000.261: sourcing /usr/share/vim/vim74/plugin/tohtml.vim
158.485  001.091  001.091: sourcing /usr/share/vim/vim74/plugin/vimballPlugin.vim
160.981  001.953  001.953: sourcing /usr/share/vim/vim74/plugin/zipPlugin.vim
161.136  033.306: loading plugins
161.165  000.029: inits 3
161.902  000.737: reading viminfo
161.994  000.092: setting raw mode
162.019  000.025: start termcap
162.085  000.066: clearing screen
175.106  000.219  000.219: sourcing /home/indexxuan/.vim/bundle/vim-jsdoc/ftplugin/javascript/jsdoc.vim
175.580  000.190  000.190: sourcing /usr/share/vim/vim74/ftplugin/javascript.vim
183.630  000.377  000.377: sourcing /home/indexxuan/.vim/bundle/vim-jsx/after/ftplugin/jsx.vim
185.590  000.898  000.898: sourcing /home/indexxuan/.vim/bundle/vim-es6/indent/javascript.vim
185.985  000.053  000.053: sourcing /usr/share/vim/vim74/indent/javascript.vim
187.901  000.544  000.544: sourcing /usr/share/vim/vim74/indent/xml.vim
188.224  001.451  000.907: sourcing /home/indexxuan/.vim/bundle/vim-jsx/after/indent/jsx.vim
190.747  000.469  000.469: sourcing /home/indexxuan/.vim/bundle/vim-jsdoc/ftplugin/javascript/jsdoc.vim
191.274  000.169  000.169: sourcing /usr/share/vim/vim74/ftplugin/javascript.vim
192.828  000.026  000.026: sourcing /home/indexxuan/.vim/bundle/vim-jsx/after/ftplugin/jsx.vim
193.136  000.029  000.029: sourcing /home/indexxuan/.vim/bundle/vim-es6/indent/javascript.vim
193.227  000.009  000.009: sourcing /usr/share/vim/vim74/indent/javascript.vim
193.769  000.057  000.057: sourcing /usr/share/vim/vim74/indent/xml.vim
193.887  000.338  000.281: sourcing /home/indexxuan/.vim/bundle/vim-jsx/after/indent/jsx.vim
195.272  001.024  001.024: sourcing /home/indexxuan/.vim/bundle/vim-es6/syntax/javascript.vim
195.476  000.028  000.028: sourcing /usr/share/vim/vim74/syntax/javascript.vim
195.749  000.055  000.055: sourcing /home/indexxuan/.vim/bundle/javascript-libraries-syntax.vim/autoload/jslibsyntax.vim
196.361  000.497  000.497: sourcing /home/indexxuan/.vim/bundle/javascript-libraries-syntax.vim/autoload/syntax/jquery.javascript.vim
197.014  000.478  000.478: sourcing /home/indexxuan/.vim/bundle/javascript-libraries-syntax.vim/autoload/syntax/underscore.javascript.vim
197.916  000.389  000.389: sourcing /home/indexxuan/.vim/bundle/javascript-libraries-syntax.vim/autoload/syntax/jasmine.javascript.vim
198.816  000.709  000.709: sourcing /home/indexxuan/.vim/bundle/javascript-libraries-syntax.vim/autoload/syntax/chai.javascript.vim
199.352  000.402  000.402: sourcing /home/indexxuan/.vim/bundle/javascript-libraries-syntax.vim/autoload/syntax/react.javascript.vim
199.615  000.066  000.066: sourcing /home/indexxuan/.vim/bundle/javascript-libraries-syntax.vim/autoload/syntax/postprocess.javascript.vim
199.636  004.072  001.476: sourcing /home/indexxuan/.vim/bundle/javascript-libraries-syntax.vim/after/syntax/javascript.vim
199.956  000.245  000.245: sourcing /home/indexxuan/.vim/bundle/es.next.syntax.vim/after/syntax/javascript.vim
201.760  000.558  000.558: sourcing /usr/share/vim/vim74/syntax/dtd.vim
201.894  001.252  000.694: sourcing /usr/share/vim/vim74/syntax/xml.vim
202.034  001.564  000.312: sourcing /home/indexxuan/.vim/bundle/vim-jsx/after/syntax/jsx.vim
223.452  000.146  000.146: sourcing /home/indexxuan/.vim/bundle/vim-stay/autoload/stay.vim
223.888  000.115  000.115: sourcing /home/indexxuan/.vim/bundle/vim-stay/autoload/stay/view.vim
224.254  000.165  000.165: sourcing /home/indexxuan/.vim/view/~=+workspace=+wm=+nerve-rank=+widget=+workflow=+apply=+index.js=
224.549  050.877: opening buffers
241.627  017.078: BufEnter autocommands
241.641  000.014: editing files in windows
243.731  000.205  000.205: sourcing /home/indexxuan/.vim/bundle/vim-airline/autoload/airline.vim
244.067  000.160  000.160: sourcing /home/indexxuan/.vim/bundle/vim-airline/autoload/airline/init.vim
244.629  000.114  000.114: sourcing /home/indexxuan/.vim/bundle/vim-airline/autoload/airline/parts.vim
246.108  002.810  002.331: sourcing /home/indexxuan/.vim/bundle/vim-airline/plugin/airline.vim
248.303  000.044  000.044: sourcing /home/indexxuan/.vim/bundle/vim-airline-themes/plugin/airline-themes.vim
254.628  000.623  000.623: sourcing /home/indexxuan/.vim/bundle/vim-gitgutter/autoload/gitgutter/highlight.vim
258.996  006.622  005.999: sourcing /home/indexxuan/.vim/bundle/vim-gitgutter/plugin/gitgutter.vim
269.192  005.629  005.629: sourcing /home/indexxuan/.vim/bundle/tagbar/plugin/tagbar.vim
279.872  000.435  000.435: sourcing /home/indexxuan/.vim/bundle/ctrlp.vim/autoload/ctrlp/mrufiles.vim
280.866  002.128  001.693: sourcing /home/indexxuan/.vim/bundle/ctrlp.vim/plugin/ctrlp.vim
284.941  000.690  000.690: sourcing /home/indexxuan/.vim/bundle/ctrlsf.vim/autoload/ctrlsf/backend.vim
286.301  002.505  001.815: sourcing /home/indexxuan/.vim/bundle/ctrlsf.vim/plugin/ctrlsf.vim
287.167  000.166  000.166: sourcing /home/indexxuan/.vim/bundle/ctrlsf.vim/after/plugin/ctrlsf.vim
298.808  037.263: VimEnter autocommands
298.812  000.004: before starting main loop
302.858  004.046: first screen update
302.867  000.009: --- VIM STARTED ---


times in msec
 clock   self+sourced   self:  sourced script
 clock   elapsed:              other lines

000.005  000.005: --- VIM STARTING ---
000.108  000.103: Allocated generic buffers
000.328  000.220: locale set
000.341  000.013: window checked
001.152  000.811: inits 1
001.223  000.071: parsing arguments
001.226  000.003: expanding arguments
001.240  000.014: shell init
001.482  000.242: Termcap init
001.504  000.022: inits 2
001.603  000.099: init highlight
001.904  000.207  000.207: sourcing /usr/share/vim/vim74/debian.vim
002.347  000.238  000.238: sourcing /usr/share/vim/vim74/syntax/syncolor.vim
002.526  000.491  000.253: sourcing /usr/share/vim/vim74/syntax/synload.vim
050.941  048.310  048.310: sourcing /usr/share/vim/vim74/filetype.vim
051.118  049.143  000.342: sourcing /usr/share/vim/vim74/syntax/syntax.vim
051.200  049.553  000.203: sourcing $VIM/vimrc
055.243  003.530  003.530: sourcing /home/indexxuan/.vim/autoload/plug.vim
074.788  000.769  000.769: sourcing /usr/share/vim/vim74/ftoff.vim
079.620  000.053  000.053: sourcing /home/indexxuan/.vim/bundle/scss-syntax.vim/ftdetect/scss.vim
080.082  000.019  000.019: sourcing /home/indexxuan/.vim/bundle/vim-less/ftdetect/less.vim
081.238  000.033  000.033: sourcing /home/indexxuan/.vim/bundle/vim-es6/ftdetect/es6.vim
081.660  000.063  000.063: sourcing /home/indexxuan/.vim/bundle/vim-jsx/ftdetect/javascript.vim
082.310  000.030  000.030: sourcing /home/indexxuan/.vim/bundle/vim-vue/ftdetect/vue.vim
083.630  000.040  000.040: sourcing /home/indexxuan/.vim/bundle/vim-markdown/ftdetect/markdown.vim
154.473  066.277  066.277: sourcing /usr/share/vim/vim74/filetype.vim
155.370  000.192  000.192: sourcing /usr/share/vim/vim74/ftplugin.vim
155.820  000.155  000.155: sourcing /usr/share/vim/vim74/indent.vim
158.535  106.904  035.743: sourcing /home/indexxuan/.vim/.vimrc.plugins
160.315  001.432  001.432: sourcing /usr/share/vim/vim74/syntax/nosyntax.vim
161.040  000.354  000.354: sourcing /usr/share/vim/vim74/syntax/syncolor.vim
161.346  000.807  000.453: sourcing /usr/share/vim/vim74/syntax/synload.vim
161.430  002.671  000.432: sourcing /usr/share/vim/vim74/syntax/syntax.vim
162.317  000.195  000.195: sourcing /usr/share/vim/vim74/syntax/syncolor.vim
162.946  000.240  000.240: sourcing /usr/share/vim/vim74/syntax/syncolor.vim
163.582  000.259  000.259: sourcing /usr/share/vim/vim74/syntax/syncolor.vim
164.355  002.728  002.034: sourcing /home/indexxuan/.vim/colors/molokai.vim
166.209  000.608  000.608: sourcing /usr/share/vim/vim74/syntax/syncolor.vim
167.489  000.355  000.355: sourcing /usr/share/vim/vim74/syntax/syncolor.vim
168.406  000.313  000.313: sourcing /usr/share/vim/vim74/syntax/syncolor.vim
170.038  005.367  004.091: sourcing /home/indexxuan/.vim/colors/molokai.vim
171.851  120.541  002.871: sourcing $HOME/.vimrc
171.882  000.185: sourcing vimrc file(s)
201.892  001.248  001.248: sourcing /home/indexxuan/.vim/bundle/vim-wakatime/plugin/wakatime.vim
202.734  000.384  000.384: sourcing /home/indexxuan/.vim/bundle/vim-auto-save/plugin/AutoSave.vim
203.598  000.209  000.209: sourcing /home/indexxuan/.vim/bundle/vim-stay/autoload/stay/shim.vim
204.640  000.265  000.265: sourcing /home/indexxuan/.vim/bundle/vim-stay/autoload/stay/integrate/fastfold.vim
204.764  001.877  001.403: sourcing /home/indexxuan/.vim/bundle/vim-stay/plugin/stay.vim
205.981  000.919  000.919: sourcing /home/indexxuan/.vim/bundle/open-browser.vim/plugin/openbrowser.vim
206.911  000.331  000.331: sourcing /home/indexxuan/.vim/bundle/open_file_under_cursor.vim/plugin/open_file_under_cursor.vim
208.014  000.665  000.665: sourcing /home/indexxuan/.vim/bundle/vim-fuzzysearch/plugin/fuzzysearch.vim
213.133  000.885  000.885: sourcing /home/indexxuan/.vim/bundle/delimitMate/autoload/delimitMate.vim
216.632  008.267  007.382: sourcing /home/indexxuan/.vim/bundle/delimitMate/plugin/delimitMate.vim
227.361  010.556  010.556: sourcing /home/indexxuan/.vim/bundle/nerdcommenter/plugin/NERD_commenter.vim
229.577  000.976  000.976: sourcing /home/indexxuan/.vim/bundle/vim-multiple-cursors/plugin/multiple_cursors.vim
231.106  001.293  001.293: sourcing /home/indexxuan/.vim/bundle/vim-eunuch/plugin/eunuch.vim
231.811  000.196  000.196: sourcing /usr/share/vim/vim74/plugin/getscriptPlugin.vim
235.776  003.808  003.808: sourcing /usr/share/vim/vim74/plugin/gzip.vim
237.306  000.989  000.989: sourcing /usr/share/vim/vim74/plugin/matchparen.vim
238.595  001.106  001.106: sourcing /usr/share/vim/vim74/plugin/netrwPlugin.vim
238.723  000.016  000.016: sourcing /usr/share/vim/vim74/plugin/rrhelper.vim
238.874  000.074  000.074: sourcing /usr/share/vim/vim74/plugin/spellfile.vim
239.185  000.238  000.238: sourcing /usr/share/vim/vim74/plugin/tarPlugin.vim
239.367  000.105  000.105: sourcing /usr/share/vim/vim74/plugin/tohtml.vim
239.602  000.167  000.167: sourcing /usr/share/vim/vim74/plugin/vimballPlugin.vim
239.996  000.323  000.323: sourcing /usr/share/vim/vim74/plugin/zipPlugin.vim
240.062  034.642: loading plugins
240.069  000.007: inits 3
240.269  000.200: reading viminfo
240.361  000.092: setting raw mode
240.371  000.010: start termcap
240.413  000.042: clearing screen
251.863  000.299  000.299: sourcing /home/indexxuan/.vim/bundle/vim-jsdoc/ftplugin/javascript/jsdoc.vim
253.075  000.289  000.289: sourcing /usr/share/vim/vim74/ftplugin/javascript.vim
255.034  000.080  000.080: sourcing /home/indexxuan/.vim/bundle/vim-jsx/after/ftplugin/jsx.vim
256.274  000.696  000.696: sourcing /home/indexxuan/.vim/bundle/vim-es6/indent/javascript.vim
256.440  000.023  000.023: sourcing /usr/share/vim/vim74/indent/javascript.vim
257.460  000.414  000.414: sourcing /usr/share/vim/vim74/indent/xml.vim
257.745  001.032  000.618: sourcing /home/indexxuan/.vim/bundle/vim-jsx/after/indent/jsx.vim
258.736  000.076  000.076: sourcing /home/indexxuan/.vim/bundle/vim-jsdoc/ftplugin/javascript/jsdoc.vim
259.040  000.102  000.102: sourcing /usr/share/vim/vim74/ftplugin/javascript.vim
260.253  000.032  000.032: sourcing /home/indexxuan/.vim/bundle/vim-jsx/after/ftplugin/jsx.vim
260.730  000.069  000.069: sourcing /home/indexxuan/.vim/bundle/vim-es6/indent/javascript.vim
261.279  000.040  000.040: sourcing /usr/share/vim/vim74/indent/javascript.vim
262.265  000.164  000.164: sourcing /usr/share/vim/vim74/indent/xml.vim
262.520  000.775  000.611: sourcing /home/indexxuan/.vim/bundle/vim-jsx/after/indent/jsx.vim
264.338  001.248  001.248: sourcing /home/indexxuan/.vim/bundle/vim-es6/syntax/javascript.vim
264.539  000.031  000.031: sourcing /usr/share/vim/vim74/syntax/javascript.vim
264.818  000.057  000.057: sourcing /home/indexxuan/.vim/bundle/javascript-libraries-syntax.vim/autoload/jslibsyntax.vim
265.501  000.496  000.496: sourcing /home/indexxuan/.vim/bundle/javascript-libraries-syntax.vim/autoload/syntax/jquery.javascript.vim
265.972  000.340  000.340: sourcing /home/indexxuan/.vim/bundle/javascript-libraries-syntax.vim/autoload/syntax/underscore.javascript.vim
266.425  000.208  000.208: sourcing /home/indexxuan/.vim/bundle/javascript-libraries-syntax.vim/autoload/syntax/jasmine.javascript.vim
267.124  000.587  000.587: sourcing /home/indexxuan/.vim/bundle/javascript-libraries-syntax.vim/autoload/syntax/chai.javascript.vim
267.626  000.390  000.390: sourcing /home/indexxuan/.vim/bundle/javascript-libraries-syntax.vim/autoload/syntax/react.javascript.vim
267.854  000.080  000.080: sourcing /home/indexxuan/.vim/bundle/javascript-libraries-syntax.vim/autoload/syntax/postprocess.javascript.vim
267.870  003.241  001.083: sourcing /home/indexxuan/.vim/bundle/javascript-libraries-syntax.vim/after/syntax/javascript.vim
268.181  000.240  000.240: sourcing /home/indexxuan/.vim/bundle/es.next.syntax.vim/after/syntax/javascript.vim
270.114  000.606  000.606: sourcing /usr/share/vim/vim74/syntax/dtd.vim
270.254  001.345  000.739: sourcing /usr/share/vim/vim74/syntax/xml.vim
270.410  001.696  000.351: sourcing /home/indexxuan/.vim/bundle/vim-jsx/after/syntax/jsx.vim
285.742  000.254  000.254: sourcing /home/indexxuan/.vim/bundle/vim-stay/autoload/stay.vim
288.085  000.300  000.300: sourcing /home/indexxuan/.vim/bundle/vim-stay/autoload/stay/view.vim
288.667  000.260  000.260: sourcing /home/indexxuan/.vim/view/~=+workspace=+wm=+nerve-rank=+widget=+workflow=+apply=+index.js=
288.977  037.781: opening buffers
313.469  024.492: BufEnter autocommands
313.482  000.013: editing files in windows
329.425  000.232  000.232: sourcing /home/indexxuan/.vim/bundle/vim-airline/autoload/airline.vim
329.756  000.120  000.120: sourcing /home/indexxuan/.vim/bundle/vim-airline/autoload/airline/init.vim
330.294  000.122  000.122: sourcing /home/indexxuan/.vim/bundle/vim-airline/autoload/airline/parts.vim
331.466  002.515  002.041: sourcing /home/indexxuan/.vim/bundle/vim-airline/plugin/airline.vim
334.079  000.089  000.089: sourcing /home/indexxuan/.vim/bundle/vim-airline-themes/plugin/airline-themes.vim
341.781  000.325  000.325: sourcing /home/indexxuan/.vim/bundle/vim-gitgutter/autoload/gitgutter/highlight.vim
343.664  003.715  003.390: sourcing /home/indexxuan/.vim/bundle/vim-gitgutter/plugin/gitgutter.vim
355.263  007.821  007.821: sourcing /home/indexxuan/.vim/bundle/tagbar/plugin/tagbar.vim
362.102  000.499  000.499: sourcing /home/indexxuan/.vim/bundle/ctrlp.vim/autoload/ctrlp/mrufiles.vim
364.653  003.868  003.369: sourcing /home/indexxuan/.vim/bundle/ctrlp.vim/plugin/ctrlp.vim
372.040  000.564  000.564: sourcing /home/indexxuan/.vim/bundle/ctrlsf.vim/autoload/ctrlsf/backend.vim
373.295  002.273  001.709: sourcing /home/indexxuan/.vim/bundle/ctrlsf.vim/plugin/ctrlsf.vim
375.388  000.343  000.343: sourcing /home/indexxuan/.vim/bundle/ctrlsf.vim/after/plugin/ctrlsf.vim
392.115  058.009: VimEnter autocommands
392.121  000.006: before starting main loop
399.482  007.361: first screen update
399.493  000.011: --- VIM STARTED ---


times in msec
 clock   self+sourced   self:  sourced script
 clock   elapsed:              other lines

000.032  000.032: --- VIM STARTING ---
000.153  000.121: Allocated generic buffers
000.270  000.117: locale set
000.276  000.006: window checked
000.665  000.389: inits 1
000.718  000.053: parsing arguments
000.719  000.001: expanding arguments
000.730  000.011: shell init
000.953  000.223: Termcap init
000.971  000.018: inits 2
001.159  000.188: init highlight
001.421  000.169  000.169: sourcing /usr/share/vim/vim74/debian.vim
001.753  000.174  000.174: sourcing /usr/share/vim/vim74/syntax/syncolor.vim
001.863  000.333  000.159: sourcing /usr/share/vim/vim74/syntax/synload.vim
078.970  077.050  077.050: sourcing /usr/share/vim/vim74/filetype.vim
079.149  077.670  000.287: sourcing /usr/share/vim/vim74/syntax/syntax.vim
079.215  078.010  000.171: sourcing $VIM/vimrc
081.899  002.347  002.347: sourcing /home/indexxuan/.vim/autoload/plug.vim
101.312  000.979  000.979: sourcing /usr/share/vim/vim74/ftoff.vim
106.198  000.090  000.090: sourcing /home/indexxuan/.vim/bundle/scss-syntax.vim/ftdetect/scss.vim
108.646  000.149  000.149: sourcing /home/indexxuan/.vim/bundle/vim-less/ftdetect/less.vim
111.372  000.026  000.026: sourcing /home/indexxuan/.vim/bundle/vim-es6/ftdetect/es6.vim
111.759  000.060  000.060: sourcing /home/indexxuan/.vim/bundle/vim-jsx/ftdetect/javascript.vim
112.268  000.026  000.026: sourcing /home/indexxuan/.vim/bundle/vim-vue/ftdetect/vue.vim
112.825  000.024  000.024: sourcing /home/indexxuan/.vim/bundle/vim-markdown/ftdetect/markdown.vim
182.237  062.407  062.407: sourcing /usr/share/vim/vim74/filetype.vim
182.720  000.124  000.124: sourcing /usr/share/vim/vim74/ftplugin.vim
183.000  000.041  000.041: sourcing /usr/share/vim/vim74/indent.vim
183.978  104.505  038.232: sourcing /home/indexxuan/.vim/.vimrc.plugins
184.684  000.456  000.456: sourcing /usr/share/vim/vim74/syntax/nosyntax.vim
187.277  000.637  000.637: sourcing /usr/share/vim/vim74/syntax/syncolor.vim
188.129  002.501  001.864: sourcing /usr/share/vim/vim74/syntax/synload.vim
188.470  004.334  001.377: sourcing /usr/share/vim/vim74/syntax/syntax.vim
191.593  000.228  000.228: sourcing /usr/share/vim/vim74/syntax/syncolor.vim
192.137  000.202  000.202: sourcing /usr/share/vim/vim74/syntax/syncolor.vim
192.510  000.162  000.162: sourcing /usr/share/vim/vim74/syntax/syncolor.vim
192.838  003.969  003.377: sourcing /home/indexxuan/.vim/colors/molokai.vim
193.348  000.177  000.177: sourcing /usr/share/vim/vim74/syntax/syncolor.vim
193.820  000.170  000.170: sourcing /usr/share/vim/vim74/syntax/syncolor.vim
194.214  000.168  000.168: sourcing /usr/share/vim/vim74/syntax/syncolor.vim
195.151  002.267  001.752: sourcing /home/indexxuan/.vim/colors/molokai.vim
203.526  124.219  009.144: sourcing $HOME/.vimrc
203.584  000.196: sourcing vimrc file(s)
236.078  001.737  001.737: sourcing /home/indexxuan/.vim/bundle/vim-wakatime/plugin/wakatime.vim
238.096  001.726  001.726: sourcing /home/indexxuan/.vim/bundle/vim-auto-save/plugin/AutoSave.vim
240.992  000.118  000.118: sourcing /home/indexxuan/.vim/bundle/vim-stay/autoload/stay/shim.vim
241.935  000.231  000.231: sourcing /home/indexxuan/.vim/bundle/vim-stay/autoload/stay/integrate/fastfold.vim
242.086  002.346  001.997: sourcing /home/indexxuan/.vim/bundle/vim-stay/plugin/stay.vim
242.846  000.618  000.618: sourcing /home/indexxuan/.vim/bundle/open-browser.vim/plugin/openbrowser.vim
243.138  000.138  000.138: sourcing /home/indexxuan/.vim/bundle/open_file_under_cursor.vim/plugin/open_file_under_cursor.vim
243.551  000.288  000.288: sourcing /home/indexxuan/.vim/bundle/vim-fuzzysearch/plugin/fuzzysearch.vim
249.398  001.424  001.424: sourcing /home/indexxuan/.vim/bundle/delimitMate/autoload/delimitMate.vim
254.294  010.640  009.216: sourcing /home/indexxuan/.vim/bundle/delimitMate/plugin/delimitMate.vim
263.342  008.777  008.777: sourcing /home/indexxuan/.vim/bundle/nerdcommenter/plugin/NERD_commenter.vim
266.058  001.596  001.596: sourcing /home/indexxuan/.vim/bundle/vim-multiple-cursors/plugin/multiple_cursors.vim
269.174  002.274  002.274: sourcing /home/indexxuan/.vim/bundle/vim-eunuch/plugin/eunuch.vim
269.625  000.096  000.096: sourcing /usr/share/vim/vim74/plugin/getscriptPlugin.vim
270.424  000.727  000.727: sourcing /usr/share/vim/vim74/plugin/gzip.vim
270.686  000.192  000.192: sourcing /usr/share/vim/vim74/plugin/matchparen.vim
271.596  000.843  000.843: sourcing /usr/share/vim/vim74/plugin/netrwPlugin.vim
271.715  000.016  000.016: sourcing /usr/share/vim/vim74/plugin/rrhelper.vim
271.810  000.029  000.029: sourcing /usr/share/vim/vim74/plugin/spellfile.vim
272.249  000.363  000.363: sourcing /usr/share/vim/vim74/plugin/tarPlugin.vim
272.444  000.121  000.121: sourcing /usr/share/vim/vim74/plugin/tohtml.vim
272.739  000.212  000.212: sourcing /usr/share/vim/vim74/plugin/vimballPlugin.vim
280.686  007.725  007.725: sourcing /usr/share/vim/vim74/plugin/zipPlugin.vim
280.935  036.887: loading plugins
280.949  000.014: inits 3
281.369  000.420: reading viminfo
281.453  000.084: setting raw mode
281.462  000.009: start termcap
281.496  000.034: clearing screen
286.291  000.086  000.086: sourcing /home/indexxuan/.vim/bundle/vim-jsdoc/ftplugin/javascript/jsdoc.vim
286.557  000.113  000.113: sourcing /usr/share/vim/vim74/ftplugin/javascript.vim
288.455  000.055  000.055: sourcing /home/indexxuan/.vim/bundle/vim-jsx/after/ftplugin/jsx.vim
290.205  000.936  000.936: sourcing /home/indexxuan/.vim/bundle/vim-es6/indent/javascript.vim
290.447  000.031  000.031: sourcing /usr/share/vim/vim74/indent/javascript.vim
291.218  000.174  000.174: sourcing /usr/share/vim/vim74/indent/xml.vim
291.477  000.681  000.507: sourcing /home/indexxuan/.vim/bundle/vim-jsx/after/indent/jsx.vim
293.745  000.339  000.339: sourcing /home/indexxuan/.vim/bundle/vim-jsdoc/ftplugin/javascript/jsdoc.vim
294.600  000.262  000.262: sourcing /usr/share/vim/vim74/ftplugin/javascript.vim
297.622  000.045  000.045: sourcing /home/indexxuan/.vim/bundle/vim-jsx/after/ftplugin/jsx.vim
298.036  000.064  000.064: sourcing /home/indexxuan/.vim/bundle/vim-es6/indent/javascript.vim
298.161  000.011  000.011: sourcing /usr/share/vim/vim74/indent/javascript.vim
298.725  000.082  000.082: sourcing /usr/share/vim/vim74/indent/xml.vim
298.882  000.419  000.337: sourcing /home/indexxuan/.vim/bundle/vim-jsx/after/indent/jsx.vim
300.603  001.218  001.218: sourcing /home/indexxuan/.vim/bundle/vim-es6/syntax/javascript.vim
300.832  000.037  000.037: sourcing /usr/share/vim/vim74/syntax/javascript.vim
301.436  000.119  000.119: sourcing /home/indexxuan/.vim/bundle/javascript-libraries-syntax.vim/autoload/jslibsyntax.vim
302.510  000.821  000.821: sourcing /home/indexxuan/.vim/bundle/javascript-libraries-syntax.vim/autoload/syntax/jquery.javascript.vim
304.177  001.323  001.323: sourcing /home/indexxuan/.vim/bundle/javascript-libraries-syntax.vim/autoload/syntax/underscore.javascript.vim
306.357  000.983  000.983: sourcing /home/indexxuan/.vim/bundle/javascript-libraries-syntax.vim/autoload/syntax/jasmine.javascript.vim
309.989  002.251  002.251: sourcing /home/indexxuan/.vim/bundle/javascript-libraries-syntax.vim/autoload/syntax/chai.javascript.vim
311.813  001.605  001.605: sourcing /home/indexxuan/.vim/bundle/javascript-libraries-syntax.vim/autoload/syntax/react.javascript.vim
312.991  000.293  000.293: sourcing /home/indexxuan/.vim/bundle/javascript-libraries-syntax.vim/autoload/syntax/postprocess.javascript.vim
313.216  012.275  004.880: sourcing /home/indexxuan/.vim/bundle/javascript-libraries-syntax.vim/after/syntax/javascript.vim
314.377  000.971  000.971: sourcing /home/indexxuan/.vim/bundle/es.next.syntax.vim/after/syntax/javascript.vim
317.242  000.589  000.589: sourcing /usr/share/vim/vim74/syntax/dtd.vim
317.393  001.657  001.068: sourcing /usr/share/vim/vim74/syntax/xml.vim
317.549  002.117  000.460: sourcing /home/indexxuan/.vim/bundle/vim-jsx/after/syntax/jsx.vim
325.515  000.088  000.088: sourcing /home/indexxuan/.vim/bundle/vim-stay/autoload/stay.vim
325.833  000.102  000.102: sourcing /home/indexxuan/.vim/bundle/vim-stay/autoload/stay/view.vim
326.141  000.157  000.157: sourcing /home/indexxuan/.vim/view/~=+workspace=+wm=+nerve-rank=+widget=+workflow=+apply=+index.js=
326.260  024.757: opening buffers
344.779  018.519: BufEnter autocommands
344.798  000.019: editing files in windows
349.551  000.328  000.328: sourcing /home/indexxuan/.vim/bundle/vim-airline/autoload/airline.vim
350.021  000.184  000.184: sourcing /home/indexxuan/.vim/bundle/vim-airline/autoload/airline/init.vim
350.818  000.202  000.202: sourcing /home/indexxuan/.vim/bundle/vim-airline/autoload/airline/parts.vim
352.524  003.720  003.006: sourcing /home/indexxuan/.vim/bundle/vim-airline/plugin/airline.vim
355.360  000.061  000.061: sourcing /home/indexxuan/.vim/bundle/vim-airline-themes/plugin/airline-themes.vim
360.533  000.197  000.197: sourcing /home/indexxuan/.vim/bundle/vim-gitgutter/autoload/gitgutter/highlight.vim
362.419  002.987  002.790: sourcing /home/indexxuan/.vim/bundle/vim-gitgutter/plugin/gitgutter.vim
375.800  005.813  005.813: sourcing /home/indexxuan/.vim/bundle/tagbar/plugin/tagbar.vim
381.629  000.471  000.471: sourcing /home/indexxuan/.vim/bundle/ctrlp.vim/autoload/ctrlp/mrufiles.vim
382.696  002.422  001.951: sourcing /home/indexxuan/.vim/bundle/ctrlp.vim/plugin/ctrlp.vim
387.285  000.430  000.430: sourcing /home/indexxuan/.vim/bundle/ctrlsf.vim/autoload/ctrlsf/backend.vim
388.182  001.614  001.184: sourcing /home/indexxuan/.vim/bundle/ctrlsf.vim/plugin/ctrlsf.vim
388.528  000.091  000.091: sourcing /home/indexxuan/.vim/bundle/ctrlsf.vim/after/plugin/ctrlsf.vim
403.420  041.914: VimEnter autocommands
403.424  000.004: before starting main loop
407.229  003.805: first screen update
407.251  000.022: --- VIM STARTED ---


times in msec
 clock   self+sourced   self:  sourced script
 clock   elapsed:              other lines

000.006  000.006: --- VIM STARTING ---
000.109  000.103: Allocated generic buffers
000.258  000.149: locale set
000.266  000.008: window checked
000.854  000.588: inits 1
001.003  000.149: parsing arguments
001.007  000.004: expanding arguments
001.038  000.031: shell init
002.276  001.238: Termcap init
002.526  000.250: inits 2
002.788  000.262: init highlight
004.820  001.592  001.592: sourcing /usr/share/vim/vim74/debian.vim
007.376  001.340  001.340: sourcing /usr/share/vim/vim74/syntax/syncolor.vim
007.590  001.875  000.535: sourcing /usr/share/vim/vim74/syntax/synload.vim
081.903  074.210  074.210: sourcing /usr/share/vim/vim74/filetype.vim
082.414  077.188  001.103: sourcing /usr/share/vim/vim74/syntax/syntax.vim
082.582  079.552  000.772: sourcing $VIM/vimrc
086.814  003.227  003.227: sourcing /home/indexxuan/.vim/autoload/plug.vim
099.704  002.535  002.535: sourcing /usr/share/vim/vim74/ftoff.vim
109.988  000.135  000.135: sourcing /home/indexxuan/.vim/bundle/scss-syntax.vim/ftdetect/scss.vim
112.276  000.091  000.091: sourcing /home/indexxuan/.vim/bundle/vim-less/ftdetect/less.vim
116.920  000.023  000.023: sourcing /home/indexxuan/.vim/bundle/vim-es6/ftdetect/es6.vim
117.339  000.091  000.091: sourcing /home/indexxuan/.vim/bundle/vim-jsx/ftdetect/javascript.vim
117.659  000.013  000.013: sourcing /home/indexxuan/.vim/bundle/vim-vue/ftdetect/vue.vim
117.951  000.019  000.019: sourcing /home/indexxuan/.vim/bundle/vim-markdown/ftdetect/markdown.vim
165.669  044.810  044.810: sourcing /usr/share/vim/vim74/filetype.vim
165.930  000.064  000.064: sourcing /usr/share/vim/vim74/ftplugin.vim
166.124  000.046  000.046: sourcing /usr/share/vim/vim74/indent.vim
166.884  083.654  033.600: sourcing /home/indexxuan/.vim/.vimrc.plugins
167.669  000.670  000.670: sourcing /usr/share/vim/vim74/syntax/nosyntax.vim
168.179  000.205  000.205: sourcing /usr/share/vim/vim74/syntax/syncolor.vim
168.521  000.681  000.476: sourcing /usr/share/vim/vim74/syntax/synload.vim
168.610  001.653  000.302: sourcing /usr/share/vim/vim74/syntax/syntax.vim
169.377  000.300  000.300: sourcing /usr/share/vim/vim74/syntax/syncolor.vim
170.147  000.247  000.247: sourcing /usr/share/vim/vim74/syntax/syncolor.vim
171.148  000.425  000.425: sourcing /usr/share/vim/vim74/syntax/syncolor.vim
172.164  003.415  002.443: sourcing /home/indexxuan/.vim/colors/molokai.vim
174.252  000.695  000.695: sourcing /usr/share/vim/vim74/syntax/syncolor.vim
175.584  000.320  000.320: sourcing /usr/share/vim/vim74/syntax/syncolor.vim
176.258  000.346  000.346: sourcing /usr/share/vim/vim74/syntax/syncolor.vim
177.013  004.638  003.277: sourcing /home/indexxuan/.vim/colors/molokai.vim
179.414  096.595  003.235: sourcing $HOME/.vimrc
179.538  000.603: sourcing vimrc file(s)
206.847  000.621  000.621: sourcing /home/indexxuan/.vim/bundle/vim-wakatime/plugin/wakatime.vim
207.344  000.393  000.393: sourcing /home/indexxuan/.vim/bundle/vim-auto-save/plugin/AutoSave.vim
208.144  000.211  000.211: sourcing /home/indexxuan/.vim/bundle/vim-stay/autoload/stay/shim.vim
210.949  000.703  000.703: sourcing /home/indexxuan/.vim/bundle/vim-stay/autoload/stay/integrate/fastfold.vim
211.398  003.966  003.052: sourcing /home/indexxuan/.vim/bundle/vim-stay/plugin/stay.vim
213.901  002.081  002.081: sourcing /home/indexxuan/.vim/bundle/open-browser.vim/plugin/openbrowser.vim
215.495  000.516  000.516: sourcing /home/indexxuan/.vim/bundle/open_file_under_cursor.vim/plugin/open_file_under_cursor.vim
216.672  000.742  000.742: sourcing /home/indexxuan/.vim/bundle/vim-fuzzysearch/plugin/fuzzysearch.vim
219.140  000.921  000.921: sourcing /home/indexxuan/.vim/bundle/delimitMate/autoload/delimitMate.vim
230.657  013.669  012.748: sourcing /home/indexxuan/.vim/bundle/delimitMate/plugin/delimitMate.vim
237.445  006.350  006.350: sourcing /home/indexxuan/.vim/bundle/nerdcommenter/plugin/NERD_commenter.vim
238.272  000.580  000.580: sourcing /home/indexxuan/.vim/bundle/vim-multiple-cursors/plugin/multiple_cursors.vim
243.484  004.718  004.718: sourcing /home/indexxuan/.vim/bundle/vim-eunuch/plugin/eunuch.vim
244.810  000.203  000.203: sourcing /usr/share/vim/vim74/plugin/getscriptPlugin.vim
246.534  001.571  001.571: sourcing /usr/share/vim/vim74/plugin/gzip.vim
247.042  000.334  000.334: sourcing /usr/share/vim/vim74/plugin/matchparen.vim
249.115  001.954  001.954: sourcing /usr/share/vim/vim74/plugin/netrwPlugin.vim
249.357  000.034  000.034: sourcing /usr/share/vim/vim74/plugin/rrhelper.vim
249.518  000.046  000.046: sourcing /usr/share/vim/vim74/plugin/spellfile.vim
250.125  000.526  000.526: sourcing /usr/share/vim/vim74/plugin/tarPlugin.vim
250.817  000.380  000.380: sourcing /usr/share/vim/vim74/plugin/tohtml.vim
251.867  000.633  000.633: sourcing /usr/share/vim/vim74/plugin/vimballPlugin.vim
255.837  002.796  002.796: sourcing /usr/share/vim/vim74/plugin/zipPlugin.vim
256.007  034.356: loading plugins
256.023  000.016: inits 3
256.446  000.423: reading viminfo
256.560  000.114: setting raw mode
256.586  000.026: start termcap
256.670  000.084: clearing screen
264.900  000.192  000.192: sourcing /home/indexxuan/.vim/bundle/vim-jsdoc/ftplugin/javascript/jsdoc.vim
265.288  000.125  000.125: sourcing /usr/share/vim/vim74/ftplugin/javascript.vim
267.674  000.105  000.105: sourcing /home/indexxuan/.vim/bundle/vim-jsx/after/ftplugin/jsx.vim
269.462  001.023  001.023: sourcing /home/indexxuan/.vim/bundle/vim-es6/indent/javascript.vim
269.803  000.047  000.047: sourcing /usr/share/vim/vim74/indent/javascript.vim
270.953  000.402  000.402: sourcing /usr/share/vim/vim74/indent/xml.vim
271.223  001.022  000.620: sourcing /home/indexxuan/.vim/bundle/vim-jsx/after/indent/jsx.vim
274.201  000.583  000.583: sourcing /home/indexxuan/.vim/bundle/vim-jsdoc/ftplugin/javascript/jsdoc.vim
275.259  000.250  000.250: sourcing /usr/share/vim/vim74/ftplugin/javascript.vim
282.539  000.088  000.088: sourcing /home/indexxuan/.vim/bundle/vim-jsx/after/ftplugin/jsx.vim
283.082  000.041  000.041: sourcing /home/indexxuan/.vim/bundle/vim-es6/indent/javascript.vim
283.226  000.016  000.016: sourcing /usr/share/vim/vim74/indent/javascript.vim
283.822  000.086  000.086: sourcing /usr/share/vim/vim74/indent/xml.vim
284.035  000.476  000.390: sourcing /home/indexxuan/.vim/bundle/vim-jsx/after/indent/jsx.vim
285.864  001.190  001.190: sourcing /home/indexxuan/.vim/bundle/vim-es6/syntax/javascript.vim
286.097  000.035  000.035: sourcing /usr/share/vim/vim74/syntax/javascript.vim
286.625  000.105  000.105: sourcing /home/indexxuan/.vim/bundle/javascript-libraries-syntax.vim/autoload/jslibsyntax.vim
287.736  000.861  000.861: sourcing /home/indexxuan/.vim/bundle/javascript-libraries-syntax.vim/autoload/syntax/jquery.javascript.vim
289.270  001.128  001.128: sourcing /home/indexxuan/.vim/bundle/javascript-libraries-syntax.vim/autoload/syntax/underscore.javascript.vim
292.093  000.505  000.505: sourcing /home/indexxuan/.vim/bundle/javascript-libraries-syntax.vim/autoload/syntax/jasmine.javascript.vim
293.818  001.225  001.225: sourcing /home/indexxuan/.vim/bundle/javascript-libraries-syntax.vim/autoload/syntax/chai.javascript.vim
294.749  000.612  000.612: sourcing /home/indexxuan/.vim/bundle/javascript-libraries-syntax.vim/autoload/syntax/react.javascript.vim
295.208  000.124  000.124: sourcing /home/indexxuan/.vim/bundle/javascript-libraries-syntax.vim/autoload/syntax/postprocess.javascript.vim
295.253  009.017  004.457: sourcing /home/indexxuan/.vim/bundle/javascript-libraries-syntax.vim/after/syntax/javascript.vim
295.889  000.457  000.457: sourcing /home/indexxuan/.vim/bundle/es.next.syntax.vim/after/syntax/javascript.vim
301.223  001.986  001.986: sourcing /usr/share/vim/vim74/syntax/dtd.vim
301.796  003.986  002.000: sourcing /usr/share/vim/vim74/syntax/xml.vim
302.279  004.976  000.990: sourcing /home/indexxuan/.vim/bundle/vim-jsx/after/syntax/jsx.vim
327.113  000.124  000.124: sourcing /home/indexxuan/.vim/bundle/vim-stay/autoload/stay.vim
327.526  000.112  000.112: sourcing /home/indexxuan/.vim/bundle/vim-stay/autoload/stay/view.vim
327.836  000.142  000.142: sourcing /home/indexxuan/.vim/view/~=+workspace=+wm=+nerve-rank=+widget=+workflow=+apply=+index.js=
327.961  051.270: opening buffers
328.674  000.713: BufEnter autocommands
328.681  000.007: editing files in windows
331.936  000.670  000.670: sourcing /home/indexxuan/.vim/bundle/vim-airline/autoload/airline.vim
332.405  000.170  000.170: sourcing /home/indexxuan/.vim/bundle/vim-airline/autoload/airline/init.vim
332.938  000.133  000.133: sourcing /home/indexxuan/.vim/bundle/vim-airline/autoload/airline/parts.vim
335.078  004.088  003.115: sourcing /home/indexxuan/.vim/bundle/vim-airline/plugin/airline.vim
338.896  000.159  000.159: sourcing /home/indexxuan/.vim/bundle/vim-airline-themes/plugin/airline-themes.vim
342.223  000.184  000.184: sourcing /home/indexxuan/.vim/bundle/vim-gitgutter/autoload/gitgutter/highlight.vim
346.875  005.610  005.426: sourcing /home/indexxuan/.vim/bundle/vim-gitgutter/plugin/gitgutter.vim
353.811  003.594  003.594: sourcing /home/indexxuan/.vim/bundle/tagbar/plugin/tagbar.vim
369.860  001.220  001.220: sourcing /home/indexxuan/.vim/bundle/ctrlp.vim/autoload/ctrlp/mrufiles.vim
372.345  006.410  005.190: sourcing /home/indexxuan/.vim/bundle/ctrlp.vim/plugin/ctrlp.vim
375.835  000.305  000.305: sourcing /home/indexxuan/.vim/bundle/ctrlsf.vim/autoload/ctrlsf/backend.vim
377.355  002.168  001.863: sourcing /home/indexxuan/.vim/bundle/ctrlsf.vim/plugin/ctrlsf.vim
377.952  000.138  000.138: sourcing /home/indexxuan/.vim/bundle/ctrlsf.vim/after/plugin/ctrlsf.vim
390.077  039.229: VimEnter autocommands
390.110  000.033: before starting main loop
393.525  003.415: first screen update
393.528  000.003: --- VIM STARTED ---


times in msec
 clock   self+sourced   self:  sourced script
 clock   elapsed:              other lines

000.004  000.004: --- VIM STARTING ---
000.100  000.096: Allocated generic buffers
000.192  000.092: locale set
000.197  000.005: window checked
000.615  000.418: inits 1
000.670  000.055: parsing arguments
000.672  000.002: expanding arguments
000.684  000.012: shell init
001.014  000.330: Termcap init
001.043  000.029: inits 2
001.137  000.094: init highlight
001.411  000.185  000.185: sourcing /usr/share/vim/vim74/debian.vim
001.755  000.168  000.168: sourcing /usr/share/vim/vim74/syntax/syncolor.vim
001.899  000.365  000.197: sourcing /usr/share/vim/vim74/syntax/synload.vim
081.462  079.501  079.501: sourcing /usr/share/vim/vim74/filetype.vim
081.549  080.076  000.210: sourcing /usr/share/vim/vim74/syntax/syntax.vim
081.589  080.408  000.147: sourcing $VIM/vimrc
083.791  001.956  001.956: sourcing /home/indexxuan/.vim/autoload/plug.vim
093.344  002.035  002.035: sourcing /usr/share/vim/vim74/ftoff.vim
097.546  000.029  000.029: sourcing /home/indexxuan/.vim/bundle/scss-syntax.vim/ftdetect/scss.vim
097.866  000.032  000.032: sourcing /home/indexxuan/.vim/bundle/vim-less/ftdetect/less.vim
099.426  000.065  000.065: sourcing /home/indexxuan/.vim/bundle/vim-es6/ftdetect/es6.vim
100.377  000.113  000.113: sourcing /home/indexxuan/.vim/bundle/vim-jsx/ftdetect/javascript.vim
102.044  000.078  000.078: sourcing /home/indexxuan/.vim/bundle/vim-vue/ftdetect/vue.vim
103.321  000.186  000.186: sourcing /home/indexxuan/.vim/bundle/vim-markdown/ftdetect/markdown.vim
170.577  062.434  062.434: sourcing /usr/share/vim/vim74/filetype.vim
171.407  000.222  000.222: sourcing /usr/share/vim/vim74/ftplugin.vim
172.080  000.248  000.248: sourcing /usr/share/vim/vim74/indent.vim
179.021  097.236  029.838: sourcing /home/indexxuan/.vim/.vimrc.plugins
183.573  004.197  004.197: sourcing /usr/share/vim/vim74/syntax/nosyntax.vim
185.658  000.674  000.674: sourcing /usr/share/vim/vim74/syntax/syncolor.vim
186.429  002.057  001.383: sourcing /usr/share/vim/vim74/syntax/synload.vim
186.643  007.373  001.119: sourcing /usr/share/vim/vim74/syntax/syntax.vim
188.313  000.527  000.527: sourcing /usr/share/vim/vim74/syntax/syncolor.vim
189.012  000.244  000.244: sourcing /usr/share/vim/vim74/syntax/syncolor.vim
189.473  000.187  000.187: sourcing /usr/share/vim/vim74/syntax/syncolor.vim
190.287  003.280  002.322: sourcing /home/indexxuan/.vim/colors/molokai.vim
190.938  000.256  000.256: sourcing /usr/share/vim/vim74/syntax/syncolor.vim
192.014  000.476  000.476: sourcing /usr/share/vim/vim74/syntax/syncolor.vim
192.659  000.235  000.235: sourcing /usr/share/vim/vim74/syntax/syncolor.vim
193.314  002.899  001.932: sourcing /home/indexxuan/.vim/colors/molokai.vim
202.449  120.796  010.008: sourcing $HOME/.vimrc
202.627  000.286: sourcing vimrc file(s)
248.205  001.167  001.167: sourcing /home/indexxuan/.vim/bundle/vim-wakatime/plugin/wakatime.vim
248.923  000.513  000.513: sourcing /home/indexxuan/.vim/bundle/vim-auto-save/plugin/AutoSave.vim
249.839  000.138  000.138: sourcing /home/indexxuan/.vim/bundle/vim-stay/autoload/stay/shim.vim
251.239  000.430  000.430: sourcing /home/indexxuan/.vim/bundle/vim-stay/autoload/stay/integrate/fastfold.vim
251.403  002.306  001.738: sourcing /home/indexxuan/.vim/bundle/vim-stay/plugin/stay.vim
252.726  001.116  001.116: sourcing /home/indexxuan/.vim/bundle/open-browser.vim/plugin/openbrowser.vim
253.836  000.298  000.298: sourcing /home/indexxuan/.vim/bundle/open_file_under_cursor.vim/plugin/open_file_under_cursor.vim
255.343  000.778  000.778: sourcing /home/indexxuan/.vim/bundle/vim-fuzzysearch/plugin/fuzzysearch.vim
260.203  000.788  000.788: sourcing /home/indexxuan/.vim/bundle/delimitMate/autoload/delimitMate.vim
265.409  009.410  008.622: sourcing /home/indexxuan/.vim/bundle/delimitMate/plugin/delimitMate.vim
274.955  008.694  008.694: sourcing /home/indexxuan/.vim/bundle/nerdcommenter/plugin/NERD_commenter.vim
277.309  000.930  000.930: sourcing /home/indexxuan/.vim/bundle/vim-multiple-cursors/plugin/multiple_cursors.vim
280.177  001.927  001.927: sourcing /home/indexxuan/.vim/bundle/vim-eunuch/plugin/eunuch.vim
280.858  000.142  000.142: sourcing /usr/share/vim/vim74/plugin/getscriptPlugin.vim
281.547  000.575  000.575: sourcing /usr/share/vim/vim74/plugin/gzip.vim
282.123  000.473  000.473: sourcing /usr/share/vim/vim74/plugin/matchparen.vim
283.775  001.513  001.513: sourcing /usr/share/vim/vim74/plugin/netrwPlugin.vim
284.295  000.061  000.061: sourcing /usr/share/vim/vim74/plugin/rrhelper.vim
284.623  000.093  000.093: sourcing /usr/share/vim/vim74/plugin/spellfile.vim
285.790  000.983  000.983: sourcing /usr/share/vim/vim74/plugin/tarPlugin.vim
286.639  000.374  000.374: sourcing /usr/share/vim/vim74/plugin/tohtml.vim
287.144  000.291  000.291: sourcing /usr/share/vim/vim74/plugin/vimballPlugin.vim
287.924  000.670  000.670: sourcing /usr/share/vim/vim74/plugin/zipPlugin.vim
288.030  053.089: loading plugins
288.044  000.014: inits 3
288.368  000.324: reading viminfo
288.447  000.079: setting raw mode
288.459  000.012: start termcap
288.522  000.063: clearing screen
297.417  000.240  000.240: sourcing /home/indexxuan/.vim/bundle/vim-jsdoc/ftplugin/javascript/jsdoc.vim
298.086  000.294  000.294: sourcing /usr/share/vim/vim74/ftplugin/javascript.vim
301.040  000.079  000.079: sourcing /home/indexxuan/.vim/bundle/vim-jsx/after/ftplugin/jsx.vim
302.593  000.815  000.815: sourcing /home/indexxuan/.vim/bundle/vim-es6/indent/javascript.vim
302.905  000.071  000.071: sourcing /usr/share/vim/vim74/indent/javascript.vim
303.758  000.200  000.200: sourcing /usr/share/vim/vim74/indent/xml.vim
303.982  000.682  000.482: sourcing /home/indexxuan/.vim/bundle/vim-jsx/after/indent/jsx.vim
305.177  000.129  000.129: sourcing /home/indexxuan/.vim/bundle/vim-jsdoc/ftplugin/javascript/jsdoc.vim
305.501  000.107  000.107: sourcing /usr/share/vim/vim74/ftplugin/javascript.vim
308.293  000.095  000.095: sourcing /home/indexxuan/.vim/bundle/vim-jsx/after/ftplugin/jsx.vim
309.115  000.069  000.069: sourcing /home/indexxuan/.vim/bundle/vim-es6/indent/javascript.vim
309.310  000.023  000.023: sourcing /usr/share/vim/vim74/indent/javascript.vim
310.279  000.112  000.112: sourcing /usr/share/vim/vim74/indent/xml.vim
310.471  000.563  000.451: sourcing /home/indexxuan/.vim/bundle/vim-jsx/after/indent/jsx.vim
313.498  002.191  002.191: sourcing /home/indexxuan/.vim/bundle/vim-es6/syntax/javascript.vim
313.780  000.037  000.037: sourcing /usr/share/vim/vim74/syntax/javascript.vim
314.251  000.082  000.082: sourcing /home/indexxuan/.vim/bundle/javascript-libraries-syntax.vim/autoload/jslibsyntax.vim
315.201  000.772  000.772: sourcing /home/indexxuan/.vim/bundle/javascript-libraries-syntax.vim/autoload/syntax/jquery.javascript.vim
315.860  000.478  000.478: sourcing /home/indexxuan/.vim/bundle/javascript-libraries-syntax.vim/autoload/syntax/underscore.javascript.vim
316.569  000.331  000.331: sourcing /home/indexxuan/.vim/bundle/javascript-libraries-syntax.vim/autoload/syntax/jasmine.javascript.vim
317.485  000.752  000.752: sourcing /home/indexxuan/.vim/bundle/javascript-libraries-syntax.vim/autoload/syntax/chai.javascript.vim
318.243  000.587  000.587: sourcing /home/indexxuan/.vim/bundle/javascript-libraries-syntax.vim/autoload/syntax/react.javascript.vim
318.578  000.090  000.090: sourcing /home/indexxuan/.vim/bundle/javascript-libraries-syntax.vim/autoload/syntax/postprocess.javascript.vim
318.604  004.638  001.546: sourcing /home/indexxuan/.vim/bundle/javascript-libraries-syntax.vim/after/syntax/javascript.vim
319.091  000.379  000.379: sourcing /home/indexxuan/.vim/bundle/es.next.syntax.vim/after/syntax/javascript.vim
321.590  000.657  000.657: sourcing /usr/share/vim/vim74/syntax/dtd.vim
321.773  001.696  001.039: sourcing /usr/share/vim/vim74/syntax/xml.vim
322.032  002.238  000.542: sourcing /home/indexxuan/.vim/bundle/vim-jsx/after/syntax/jsx.vim
347.333  000.190  000.190: sourcing /home/indexxuan/.vim/bundle/vim-stay/autoload/stay.vim
347.955  000.205  000.205: sourcing /home/indexxuan/.vim/bundle/vim-stay/autoload/stay/view.vim
348.578  000.311  000.311: sourcing /home/indexxuan/.vim/view/~=+workspace=+wm=+nerve-rank=+widget=+workflow=+apply=+index.js=
348.762  046.884: opening buffers
349.426  000.664: BufEnter autocommands
349.429  000.003: editing files in windows
351.191  000.194  000.194: sourcing /home/indexxuan/.vim/bundle/vim-airline/autoload/airline.vim
351.463  000.104  000.104: sourcing /home/indexxuan/.vim/bundle/vim-airline/autoload/airline/init.vim
351.939  000.149  000.149: sourcing /home/indexxuan/.vim/bundle/vim-airline/autoload/airline/parts.vim
353.041  002.199  001.752: sourcing /home/indexxuan/.vim/bundle/vim-airline/plugin/airline.vim
357.318  000.154  000.154: sourcing /home/indexxuan/.vim/bundle/vim-airline-themes/plugin/airline-themes.vim
365.605  000.255  000.255: sourcing /home/indexxuan/.vim/bundle/vim-gitgutter/autoload/gitgutter/highlight.vim
368.107  003.772  003.517: sourcing /home/indexxuan/.vim/bundle/vim-gitgutter/plugin/gitgutter.vim
371.606  001.845  001.845: sourcing /home/indexxuan/.vim/bundle/tagbar/plugin/tagbar.vim
375.737  000.491  000.491: sourcing /home/indexxuan/.vim/bundle/ctrlp.vim/autoload/ctrlp/mrufiles.vim
378.348  003.962  003.471: sourcing /home/indexxuan/.vim/bundle/ctrlp.vim/plugin/ctrlp.vim
385.586  002.060  002.060: sourcing /home/indexxuan/.vim/bundle/ctrlsf.vim/autoload/ctrlsf/backend.vim
388.828  006.030  003.970: sourcing /home/indexxuan/.vim/bundle/ctrlsf.vim/plugin/ctrlsf.vim
391.916  000.242  000.242: sourcing /home/indexxuan/.vim/bundle/ctrlsf.vim/after/plugin/ctrlsf.vim
406.028  038.395: VimEnter autocommands
406.047  000.019: before starting main loop
418.092  012.045: first screen update
418.097  000.005: --- VIM STARTED ---


times in msec
 clock   self+sourced   self:  sourced script
 clock   elapsed:              other lines

000.005  000.005: --- VIM STARTING ---
000.128  000.123: Allocated generic buffers
000.286  000.158: locale set
000.296  000.010: window checked
000.880  000.584: inits 1
000.951  000.071: parsing arguments
000.953  000.002: expanding arguments
000.969  000.016: shell init
001.230  000.261: Termcap init
001.252  000.022: inits 2
001.352  000.100: init highlight
001.767  000.232  000.232: sourcing /usr/share/vim/vim74/debian.vim
002.141  000.196  000.196: sourcing /usr/share/vim/vim74/syntax/syncolor.vim
002.270  000.379  000.183: sourcing /usr/share/vim/vim74/syntax/synload.vim
065.338  063.004  063.004: sourcing /usr/share/vim/vim74/filetype.vim
065.540  063.707  000.324: sourcing /usr/share/vim/vim74/syntax/syntax.vim
065.641  064.243  000.304: sourcing $VIM/vimrc
076.763  010.469  010.469: sourcing /home/indexxuan/.vim/autoload/plug.vim
088.188  001.459  001.459: sourcing /usr/share/vim/vim74/ftoff.vim
096.396  000.035  000.035: sourcing /home/indexxuan/.vim/bundle/scss-syntax.vim/ftdetect/scss.vim
097.078  000.056  000.056: sourcing /home/indexxuan/.vim/bundle/vim-less/ftdetect/less.vim
101.926  000.120  000.120: sourcing /home/indexxuan/.vim/bundle/vim-es6/ftdetect/es6.vim
103.401  000.155  000.155: sourcing /home/indexxuan/.vim/bundle/vim-jsx/ftdetect/javascript.vim
104.822  000.073  000.073: sourcing /home/indexxuan/.vim/bundle/vim-vue/ftdetect/vue.vim
105.813  000.047  000.047: sourcing /home/indexxuan/.vim/bundle/vim-markdown/ftdetect/markdown.vim
166.780  058.383  058.383: sourcing /usr/share/vim/vim74/filetype.vim
167.303  000.148  000.148: sourcing /usr/share/vim/vim74/ftplugin.vim
168.041  000.171  000.171: sourcing /usr/share/vim/vim74/indent.vim
173.167  107.000  035.884: sourcing /home/indexxuan/.vim/.vimrc.plugins
174.903  001.449  001.449: sourcing /usr/share/vim/vim74/syntax/nosyntax.vim
175.604  000.252  000.252: sourcing /usr/share/vim/vim74/syntax/syncolor.vim
175.763  000.605  000.353: sourcing /usr/share/vim/vim74/syntax/synload.vim
175.815  002.473  000.419: sourcing /usr/share/vim/vim74/syntax/syntax.vim
176.286  000.171  000.171: sourcing /usr/share/vim/vim74/syntax/syncolor.vim
176.966  000.194  000.194: sourcing /usr/share/vim/vim74/syntax/syncolor.vim
177.917  000.356  000.356: sourcing /usr/share/vim/vim74/syntax/syncolor.vim
178.588  002.710  001.989: sourcing /home/indexxuan/.vim/colors/molokai.vim
179.650  000.436  000.436: sourcing /usr/share/vim/vim74/syntax/syncolor.vim
180.417  000.276  000.276: sourcing /usr/share/vim/vim74/syntax/syncolor.vim
181.804  000.394  000.394: sourcing /usr/share/vim/vim74/syntax/syncolor.vim
182.656  003.870  002.764: sourcing /home/indexxuan/.vim/colors/molokai.vim
187.083  121.276  005.223: sourcing $HOME/.vimrc
187.122  000.251: sourcing vimrc file(s)
212.734  001.183  001.183: sourcing /home/indexxuan/.vim/bundle/vim-wakatime/plugin/wakatime.vim
213.760  000.768  000.768: sourcing /home/indexxuan/.vim/bundle/vim-auto-save/plugin/AutoSave.vim
214.849  000.139  000.139: sourcing /home/indexxuan/.vim/bundle/vim-stay/autoload/stay/shim.vim
216.187  000.225  000.225: sourcing /home/indexxuan/.vim/bundle/vim-stay/autoload/stay/integrate/fastfold.vim
216.302  002.386  002.022: sourcing /home/indexxuan/.vim/bundle/vim-stay/plugin/stay.vim
217.156  000.710  000.710: sourcing /home/indexxuan/.vim/bundle/open-browser.vim/plugin/openbrowser.vim
217.590  000.123  000.123: sourcing /home/indexxuan/.vim/bundle/open_file_under_cursor.vim/plugin/open_file_under_cursor.vim
218.014  000.294  000.294: sourcing /home/indexxuan/.vim/bundle/vim-fuzzysearch/plugin/fuzzysearch.vim
220.853  000.867  000.867: sourcing /home/indexxuan/.vim/bundle/delimitMate/autoload/delimitMate.vim
226.205  008.084  007.217: sourcing /home/indexxuan/.vim/bundle/delimitMate/plugin/delimitMate.vim
235.690  008.840  008.840: sourcing /home/indexxuan/.vim/bundle/nerdcommenter/plugin/NERD_commenter.vim
236.270  000.363  000.363: sourcing /home/indexxuan/.vim/bundle/vim-multiple-cursors/plugin/multiple_cursors.vim
242.884  006.418  006.418: sourcing /home/indexxuan/.vim/bundle/vim-eunuch/plugin/eunuch.vim
244.196  000.201  000.201: sourcing /usr/share/vim/vim74/plugin/getscriptPlugin.vim
245.771  001.419  001.419: sourcing /usr/share/vim/vim74/plugin/gzip.vim
246.394  000.435  000.435: sourcing /usr/share/vim/vim74/plugin/matchparen.vim
247.733  000.876  000.876: sourcing /usr/share/vim/vim74/plugin/netrwPlugin.vim
247.904  000.027  000.027: sourcing /usr/share/vim/vim74/plugin/rrhelper.vim
248.034  000.036  000.036: sourcing /usr/share/vim/vim74/plugin/spellfile.vim
248.528  000.423  000.423: sourcing /usr/share/vim/vim74/plugin/tarPlugin.vim
248.714  000.105  000.105: sourcing /usr/share/vim/vim74/plugin/tohtml.vim
248.953  000.167  000.167: sourcing /usr/share/vim/vim74/plugin/vimballPlugin.vim
249.417  000.394  000.394: sourcing /usr/share/vim/vim74/plugin/zipPlugin.vim
249.522  029.148: loading plugins
249.532  000.010: inits 3
249.774  000.242: reading viminfo
249.834  000.060: setting raw mode
249.847  000.013: start termcap
249.887  000.040: clearing screen
258.914  000.116  000.116: sourcing /home/indexxuan/.vim/bundle/vim-jsdoc/ftplugin/javascript/jsdoc.vim
259.179  000.094  000.094: sourcing /usr/share/vim/vim74/ftplugin/javascript.vim
260.505  000.055  000.055: sourcing /home/indexxuan/.vim/bundle/vim-jsx/after/ftplugin/jsx.vim
261.370  000.451  000.451: sourcing /home/indexxuan/.vim/bundle/vim-es6/indent/javascript.vim
261.615  000.021  000.021: sourcing /usr/share/vim/vim74/indent/javascript.vim
262.246  000.139  000.139: sourcing /usr/share/vim/vim74/indent/xml.vim
262.377  000.459  000.320: sourcing /home/indexxuan/.vim/bundle/vim-jsx/after/indent/jsx.vim
265.060  000.811  000.811: sourcing /home/indexxuan/.vim/bundle/vim-jsdoc/ftplugin/javascript/jsdoc.vim
266.289  000.418  000.418: sourcing /usr/share/vim/vim74/ftplugin/javascript.vim
269.664  000.119  000.119: sourcing /home/indexxuan/.vim/bundle/vim-jsx/after/ftplugin/jsx.vim
270.281  000.054  000.054: sourcing /home/indexxuan/.vim/bundle/vim-es6/indent/javascript.vim
270.553  000.064  000.064: sourcing /usr/share/vim/vim74/indent/javascript.vim
271.320  000.064  000.064: sourcing /usr/share/vim/vim74/indent/xml.vim
271.489  000.408  000.344: sourcing /home/indexxuan/.vim/bundle/vim-jsx/after/indent/jsx.vim
274.838  002.493  002.493: sourcing /home/indexxuan/.vim/bundle/vim-es6/syntax/javascript.vim
275.830  000.162  000.162: sourcing /usr/share/vim/vim74/syntax/javascript.vim
277.597  000.296  000.296: sourcing /home/indexxuan/.vim/bundle/javascript-libraries-syntax.vim/autoload/jslibsyntax.vim
280.070  001.658  001.658: sourcing /home/indexxuan/.vim/bundle/javascript-libraries-syntax.vim/autoload/syntax/jquery.javascript.vim
284.917  002.979  002.979: sourcing /home/indexxuan/.vim/bundle/javascript-libraries-syntax.vim/autoload/syntax/underscore.javascript.vim
288.180  001.159  001.159: sourcing /home/indexxuan/.vim/bundle/javascript-libraries-syntax.vim/autoload/syntax/jasmine.javascript.vim
292.271  002.449  002.449: sourcing /home/indexxuan/.vim/bundle/javascript-libraries-syntax.vim/autoload/syntax/chai.javascript.vim
293.839  000.907  000.907: sourcing /home/indexxuan/.vim/bundle/javascript-libraries-syntax.vim/autoload/syntax/react.javascript.vim
294.404  000.162  000.162: sourcing /home/indexxuan/.vim/bundle/javascript-libraries-syntax.vim/autoload/syntax/postprocess.javascript.vim
294.615  018.400  008.790: sourcing /home/indexxuan/.vim/bundle/javascript-libraries-syntax.vim/after/syntax/javascript.vim
295.964  001.119  001.119: sourcing /home/indexxuan/.vim/bundle/es.next.syntax.vim/after/syntax/javascript.vim
302.780  001.587  001.587: sourcing /usr/share/vim/vim74/syntax/dtd.vim
303.186  003.915  002.328: sourcing /usr/share/vim/vim74/syntax/xml.vim
303.640  005.089  001.174: sourcing /home/indexxuan/.vim/bundle/vim-jsx/after/syntax/jsx.vim
328.370  000.105  000.105: sourcing /home/indexxuan/.vim/bundle/vim-stay/autoload/stay.vim
328.723  000.099  000.099: sourcing /home/indexxuan/.vim/bundle/vim-stay/autoload/stay/view.vim
329.256  000.338  000.338: sourcing /home/indexxuan/.vim/view/~=+workspace=+wm=+nerve-rank=+widget=+workflow=+apply=+index.js=
330.240  049.478: opening buffers
332.060  001.820: BufEnter autocommands
332.064  000.004: editing files in windows
335.842  000.403  000.403: sourcing /home/indexxuan/.vim/bundle/vim-airline/autoload/airline.vim
336.689  000.403  000.403: sourcing /home/indexxuan/.vim/bundle/vim-airline/autoload/airline/init.vim
337.257  000.129  000.129: sourcing /home/indexxuan/.vim/bundle/vim-airline/autoload/airline/parts.vim
338.100  002.943  002.008: sourcing /home/indexxuan/.vim/bundle/vim-airline/plugin/airline.vim
340.981  000.057  000.057: sourcing /home/indexxuan/.vim/bundle/vim-airline-themes/plugin/airline-themes.vim
347.268  000.444  000.444: sourcing /home/indexxuan/.vim/bundle/vim-gitgutter/autoload/gitgutter/highlight.vim
357.865  012.010  011.566: sourcing /home/indexxuan/.vim/bundle/vim-gitgutter/plugin/gitgutter.vim
364.355  001.481  001.481: sourcing /home/indexxuan/.vim/bundle/tagbar/plugin/tagbar.vim
367.092  000.408  000.408: sourcing /home/indexxuan/.vim/bundle/ctrlp.vim/autoload/ctrlp/mrufiles.vim
368.080  002.093  001.685: sourcing /home/indexxuan/.vim/bundle/ctrlp.vim/plugin/ctrlp.vim
371.529  000.368  000.368: sourcing /home/indexxuan/.vim/bundle/ctrlsf.vim/autoload/ctrlsf/backend.vim
373.813  002.895  002.527: sourcing /home/indexxuan/.vim/bundle/ctrlsf.vim/plugin/ctrlsf.vim
374.835  000.228  000.228: sourcing /home/indexxuan/.vim/bundle/ctrlsf.vim/after/plugin/ctrlsf.vim
388.118  034.347: VimEnter autocommands
388.122  000.004: before starting main loop
394.786  006.664: first screen update
394.796  000.010: --- VIM STARTED ---
