
times in msec
 clock   self+sourced   self:  sourced script
 clock   elapsed:              other lines

000.009  000.009: --- NVIM STARTING ---
000.780  000.770: locale set
001.361  000.581: inits 1
001.385  000.025: window checked
001.819  000.434: parsing arguments
002.104  000.285: expanding arguments
002.211  000.107: inits 2
002.812  000.600: init highlight
005.917  002.135  002.135: sourcing /Users/indexxuan/.local/share/nvim/site/autoload/plug.vim
019.471  000.029  000.029: sourcing /Users/indexxuan/.vim/plugged/vim-editorconfig/ftdetect/editorconfig.vim
019.674  000.025  000.025: sourcing /Users/indexxuan/.vim/plugged/typescript-vim/ftdetect/typescript.vim
019.828  000.021  000.021: sourcing /Users/indexxuan/.vim/plugged/vim-vue/ftdetect/vue.vim
019.982  007.184  007.109: sourcing /Users/indexxuan/nvim-osx64/share/nvim/runtime/filetype.vim
020.206  000.051  000.051: sourcing /Users/indexxuan/nvim-osx64/share/nvim/runtime/ftplugin.vim
020.418  000.042  000.042: sourcing /Users/indexxuan/nvim-osx64/share/nvim/runtime/indent.vim
021.106  000.227  000.227: sourcing /Users/indexxuan/nvim-osx64/share/nvim/runtime/syntax/syncolor.vim
021.231  000.520  000.293: sourcing /Users/indexxuan/nvim-osx64/share/nvim/runtime/syntax/synload.vim
021.271  000.729  000.209: sourcing /Users/indexxuan/nvim-osx64/share/nvim/runtime/syntax/syntax.vim
022.281  000.524  000.524: sourcing /Users/indexxuan/.vim/plugged/vim-startify/autoload/startify/fortune.vim
023.126  019.462  008.796: sourcing /Users/indexxuan/.vim/.vimrc.plug
024.646  000.331  000.331: sourcing /Users/indexxuan/nvim-osx64/share/nvim/runtime/syntax/syncolor.vim
026.091  000.226  000.226: sourcing /Users/indexxuan/nvim-osx64/share/nvim/runtime/syntax/syncolor.vim
027.082  000.201  000.201: sourcing /Users/indexxuan/nvim-osx64/share/nvim/runtime/syntax/syncolor.vim
027.747  000.198  000.198: sourcing /Users/indexxuan/nvim-osx64/share/nvim/runtime/syntax/syncolor.vim
028.339  003.115  002.490: sourcing /Users/indexxuan/.vim/colors/molokai.vim
028.969  000.235  000.235: sourcing /Users/indexxuan/nvim-osx64/share/nvim/runtime/autoload/provider/clipboard.vim
029.455  026.067  002.924: sourcing /Users/indexxuan/.config/nvim/init.vim
029.469  000.590: sourcing vimrc file(s)
030.194  000.199  000.199: sourcing /Users/indexxuan/.vim/plugged/coc.nvim/autoload/coc/rpc.vim
030.968  000.648  000.648: sourcing /Users/indexxuan/.vim/plugged/coc.nvim/autoload/coc/util.vim
031.418  000.198  000.198: sourcing /Users/indexxuan/.vim/plugged/coc.nvim/autoload/coc/client.vim
033.985  004.142  003.098: sourcing /Users/indexxuan/.vim/plugged/coc.nvim/plugin/coc.vim
042.986  008.714  008.714: sourcing /Users/indexxuan/.vim/plugged/vim-wakatime/plugin/wakatime.vim
043.813  000.090  000.090: sourcing /Users/indexxuan/.vim/plugged/vim-stay/autoload/stay/shim.vim
044.914  000.700  000.700: sourcing /Users/indexxuan/.vim/plugged/vim-stay/autoload/stay/integrate/fastfold.vim
045.016  001.791  001.000: sourcing /Users/indexxuan/.vim/plugged/vim-stay/plugin/stay.vim
045.353  000.116  000.116: sourcing /Users/indexxuan/.vim/plugged/vim-editorconfig/plugin/editorconfig.vim
046.104  000.549  000.549: sourcing /Users/indexxuan/.vim/plugged/vim-surround/plugin/surround.vim
046.472  000.132  000.132: sourcing /Users/indexxuan/.vim/plugged/vim-startify/plugin/startify.vim
052.315  005.632  005.632: sourcing /Users/indexxuan/.vim/plugged/nerdcommenter/plugin/NERD_commenter.vim
053.320  000.299  000.299: sourcing /Users/indexxuan/nvim-osx64/share/nvim/runtime/plugin/gzip.vim
053.426  000.022  000.022: sourcing /Users/indexxuan/nvim-osx64/share/nvim/runtime/plugin/health.vim
053.613  000.106  000.106: sourcing /Users/indexxuan/nvim-osx64/share/nvim/runtime/plugin/man.vim
054.336  000.632  000.632: sourcing /Users/indexxuan/nvim-osx64/share/nvim/runtime/plugin/matchit.vim
054.668  000.211  000.211: sourcing /Users/indexxuan/nvim-osx64/share/nvim/runtime/plugin/matchparen.vim
054.793  000.040  000.040: sourcing /Users/indexxuan/nvim-osx64/share/nvim/runtime/plugin/netrwPlugin.vim
055.090  000.217  000.217: sourcing /Users/indexxuan/nvim-osx64/share/nvim/runtime/plugin/rplugin.vim
055.372  000.169  000.169: sourcing /Users/indexxuan/nvim-osx64/share/nvim/runtime/plugin/shada.vim
055.501  000.039  000.039: sourcing /Users/indexxuan/nvim-osx64/share/nvim/runtime/plugin/spellfile.vim
055.774  000.185  000.185: sourcing /Users/indexxuan/nvim-osx64/share/nvim/runtime/plugin/tarPlugin.vim
055.977  000.115  000.115: sourcing /Users/indexxuan/nvim-osx64/share/nvim/runtime/plugin/tohtml.vim
056.092  000.029  000.029: sourcing /Users/indexxuan/nvim-osx64/share/nvim/runtime/plugin/tutor.vim
056.388  000.214  000.214: sourcing /Users/indexxuan/nvim-osx64/share/nvim/runtime/plugin/zipPlugin.vim
056.426  003.604: loading plugins
056.574  000.148: loading packages
056.643  000.069: loading after plugins
056.661  000.018: inits 3
059.800  003.139: reading ShaDa
063.853  004.053: clearing screen
069.524  000.131  000.131: sourcing /Users/indexxuan/nvim-osx64/share/nvim/runtime/ftplugin/xml.vim
070.187  000.132  000.132: sourcing /Users/indexxuan/nvim-osx64/share/nvim/runtime/indent/xml.vim
071.446  000.325  000.325: sourcing /Users/indexxuan/nvim-osx64/share/nvim/runtime/syntax/dtd.vim
071.558  000.977  000.652: sourcing /Users/indexxuan/nvim-osx64/share/nvim/runtime/syntax/xml.vim
072.623  000.079  000.079: sourcing /Users/indexxuan/.vim/plugged/typescript-vim/compiler/typescript.vim
072.730  000.363  000.284: sourcing /Users/indexxuan/.vim/plugged/typescript-vim/ftplugin/typescript.vim
073.120  000.069  000.069: sourcing /Users/indexxuan/.vim/plugged/vim-jsdoc/ftplugin/typescript/jsdoc.vim
074.062  000.334  000.334: sourcing /Users/indexxuan/.vim/plugged/typescript-vim/indent/typescript.vim
075.573  001.117  001.117: sourcing /Users/indexxuan/.vim/plugged/typescript-vim/syntax/typescript.vim
076.319  000.255  000.255: sourcing /Users/indexxuan/.vim/plugged/vim-editorconfig/autoload/editorconfig.vim
078.287  000.033  000.033: sourcing /Users/indexxuan/.vim/plugged/vim-editorconfig/autoload/editorconfig/root.vim
078.501  000.065  000.065: sourcing /Users/indexxuan/.vim/plugged/vim-editorconfig/autoload/editorconfig/insert_final_newline.vim
078.698  000.042  000.042: sourcing /Users/indexxuan/.vim/plugged/vim-editorconfig/autoload/editorconfig/end_of_line.vim
078.939  000.087  000.087: sourcing /Users/indexxuan/.vim/plugged/vim-editorconfig/autoload/editorconfig/charset.vim
079.147  000.041  000.041: sourcing /Users/indexxuan/.vim/plugged/vim-editorconfig/autoload/editorconfig/indent_style.vim
079.324  000.030  000.030: sourcing /Users/indexxuan/.vim/plugged/vim-editorconfig/autoload/editorconfig/indent_size.vim
079.518  000.041  000.041: sourcing /Users/indexxuan/.vim/plugged/vim-editorconfig/autoload/editorconfig/trim_trailing_whitespace.vim
079.708  000.045  000.045: sourcing /Users/indexxuan/.vim/plugged/vim-editorconfig/autoload/editorconfig/tab_width.vim
080.175  000.167  000.167: sourcing /Users/indexxuan/.vim/plugged/vim-stay/autoload/stay/win.vim
080.404  000.104  000.104: sourcing /Users/indexxuan/.vim/plugged/vim-stay/autoload/stay.vim
080.883  000.138  000.138: sourcing /Users/indexxuan/.vim/plugged/vim-stay/autoload/stay/view.vim
081.415  000.155  000.155: sourcing /Users/indexxuan/.local/share/nvim/view/~=+workspace=+delivery=+app=+service=+app.ts=
081.726  013.546: opening buffers
083.121  001.395: BufEnter autocommands
083.132  000.011: editing files in windows
084.528  001.396: VimEnter autocommands
084.533  000.005: before starting main loop
091.673  007.140: first screen update
091.679  000.006: --- NVIM STARTED ---
