

times in msec
 clock   self+sourced   self:  sourced script
 clock   elapsed:              other lines

000.015  000.015: --- NVIM STARTING ---
001.320  001.305: locale set
002.152  000.831: inits 1
002.198  000.046: window checked
002.840  000.642: parsing arguments
003.150  000.310: expanding arguments
003.258  000.108: inits 2
003.858  000.600: init highlight
007.641  002.543  002.543: sourcing /Users/indexxuan/.local/share/nvim/site/autoload/plug.vim
026.421  000.037  000.037: sourcing /Users/indexxuan/.vim/plugged/typescript-vim/ftdetect/typescript.vim
026.860  000.033  000.033: sourcing /Users/indexxuan/.vim/plugged/vim-vue/ftdetect/vue.vim
027.007  007.685  007.615: sourcing /Users/indexxuan/nvim-osx64/share/nvim/runtime/filetype.vim
027.213  000.057  000.057: sourcing /Users/indexxuan/nvim-osx64/share/nvim/runtime/ftplugin.vim
027.400  000.044  000.044: sourcing /Users/indexxuan/nvim-osx64/share/nvim/runtime/indent.vim
028.104  000.254  000.254: sourcing /Users/indexxuan/nvim-osx64/share/nvim/runtime/syntax/syncolor.vim
028.232  000.522  000.268: sourcing /Users/indexxuan/nvim-osx64/share/nvim/runtime/syntax/synload.vim
028.272  000.733  000.211: sourcing /Users/indexxuan/nvim-osx64/share/nvim/runtime/syntax/syntax.vim
029.711  024.849  013.787: sourcing /Users/indexxuan/wow-my-dotfiles/.plug.vim
030.390  000.184  000.184: sourcing /Users/indexxuan/nvim-osx64/share/nvim/runtime/syntax/syncolor.vim
031.435  000.197  000.197: sourcing /Users/indexxuan/nvim-osx64/share/nvim/runtime/syntax/syncolor.vim
032.406  000.219  000.219: sourcing /Users/indexxuan/nvim-osx64/share/nvim/runtime/syntax/syncolor.vim
033.457  000.284  000.284: sourcing /Users/indexxuan/nvim-osx64/share/nvim/runtime/syntax/syncolor.vim
034.127  003.378  002.678: sourcing /Users/indexxuan/wow-my-dotfiles/colors/molokai.vim
034.865  000.239  000.239: sourcing /Users/indexxuan/nvim-osx64/share/nvim/runtime/autoload/provider/clipboard.vim
035.469  030.944  002.294: sourcing /Users/indexxuan/.config/nvim/init.vim
035.481  000.678: sourcing vimrc file(s)
036.489  000.157  000.157: sourcing /Users/indexxuan/.vim/plugged/coc.nvim/autoload/coc/rpc.vim
037.281  000.681  000.681: sourcing /Users/indexxuan/.vim/plugged/coc.nvim/autoload/coc/util.vim
037.728  000.223  000.223: sourcing /Users/indexxuan/.vim/plugged/coc.nvim/autoload/coc/client.vim
040.697  004.510  003.449: sourcing /Users/indexxuan/.vim/plugged/coc.nvim/plugin/coc.vim
042.130  000.279  000.279: sourcing /Users/indexxuan/.vim/plugged/ctrlp.vim/autoload/ctrlp/mrufiles.vim
042.337  000.729  000.450: sourcing /Users/indexxuan/.vim/plugged/ctrlp.vim/plugin/ctrlp.vim
043.052  000.025  000.025: sourcing /Users/indexxuan/nvim-osx64/share/nvim/runtime/plugin/gzip.vim
043.145  000.025  000.025: sourcing /Users/indexxuan/nvim-osx64/share/nvim/runtime/plugin/health.vim
043.235  000.020  000.020: sourcing /Users/indexxuan/nvim-osx64/share/nvim/runtime/plugin/man.vim
043.331  000.033  000.033: sourcing /Users/indexxuan/nvim-osx64/share/nvim/runtime/plugin/matchit.vim
043.417  000.020  000.020: sourcing /Users/indexxuan/nvim-osx64/share/nvim/runtime/plugin/matchparen.vim
043.511  000.028  000.028: sourcing /Users/indexxuan/nvim-osx64/share/nvim/runtime/plugin/netrwPlugin.vim
044.258  000.281  000.281: sourcing /Users/indexxuan/nvim-osx64/share/nvim/runtime/autoload/remote/host.vim
045.002  000.316  000.316: sourcing /Users/indexxuan/nvim-osx64/share/nvim/runtime/autoload/remote/define.vim
049.134  005.308  004.711: sourcing /Users/indexxuan/.local/share/nvim/rplugin.vim
049.154  005.575  000.266: sourcing /Users/indexxuan/nvim-osx64/share/nvim/runtime/plugin/rplugin.vim
049.262  000.023  000.023: sourcing /Users/indexxuan/nvim-osx64/share/nvim/runtime/plugin/shada.vim
049.352  000.019  000.019: sourcing /Users/indexxuan/nvim-osx64/share/nvim/runtime/plugin/spellfile.vim
049.443  000.028  000.028: sourcing /Users/indexxuan/nvim-osx64/share/nvim/runtime/plugin/tarPlugin.vim
049.551  000.044  000.044: sourcing /Users/indexxuan/nvim-osx64/share/nvim/runtime/plugin/tohtml.vim
049.630  000.015  000.015: sourcing /Users/indexxuan/nvim-osx64/share/nvim/runtime/plugin/tutor.vim
050.157  000.036  000.036: sourcing /Users/indexxuan/nvim-osx64/share/nvim/runtime/plugin/zipPlugin.vim
050.193  003.581: loading plugins
050.327  000.134: loading packages
050.394  000.067: loading after plugins
050.413  000.019: inits 3
054.493  004.079: reading ShaDa
058.974  004.482: clearing screen
064.798  000.142  000.142: sourcing /Users/indexxuan/nvim-osx64/share/nvim/runtime/ftplugin/xml.vim
065.547  000.147  000.147: sourcing /Users/indexxuan/nvim-osx64/share/nvim/runtime/indent/xml.vim
066.710  000.327  000.327: sourcing /Users/indexxuan/nvim-osx64/share/nvim/runtime/syntax/dtd.vim
066.812  000.946  000.620: sourcing /Users/indexxuan/nvim-osx64/share/nvim/runtime/syntax/xml.vim
067.561  000.092  000.092: sourcing /Users/indexxuan/.vim/plugged/typescript-vim/compiler/typescript.vim
067.662  000.320  000.228: sourcing /Users/indexxuan/.vim/plugged/typescript-vim/ftplugin/typescript.vim
069.961  000.303  000.303: sourcing /Users/indexxuan/.vim/plugged/typescript-vim/indent/typescript.vim
071.303  001.059  001.059: sourcing /Users/indexxuan/.vim/plugged/typescript-vim/syntax/typescript.vim
072.745  000.872  000.872: sourcing /Users/indexxuan/.vim/plugged/ctrlp.vim/autoload/ctrlp/utils.vim
073.651  010.886: opening buffers
073.699  000.048: BufEnter autocommands
073.702  000.003: editing files in windows
074.058  000.356: VimEnter autocommands
074.062  000.004: before starting main loop
081.237  007.174: first screen update
081.243  000.007: --- NVIM STARTED ---

