

times in msec
 clock   self+sourced   self:  sourced script
 clock   elapsed:              other lines

000.008  000.008: --- VIM STARTING ---
000.143  000.135: Allocated generic buffers
000.518  000.375: locale set
000.523  000.005: clipboard setup
000.535  000.012: window checked
001.143  000.608: inits 1
001.371  000.228: parsing arguments
001.377  000.006: expanding arguments
004.907  003.530: shell init
005.280  000.373: Termcap init
005.303  000.023: inits 2
005.464  000.161: init highlight
008.438  002.123  002.123: sourcing /Users/indexxuan/.vim/autoload/plug.vim
012.283  000.032  000.032: sourcing /Users/indexxuan/.vim/bundle/typescript-vim/ftdetect/typescript.vim
012.719  000.026  000.026: sourcing /Users/indexxuan/.vim/bundle/vim-vue/ftdetect/vue.vim
013.119  000.027  000.027: sourcing /Users/indexxuan/.vim/bundle/vim-markdown/ftdetect/markdown.vim
022.753  000.026  000.026: sourcing /Users/indexxuan/.vim/bundle/vim-fugitive/ftdetect/fugitive.vim
022.917  008.180  008.154: sourcing /usr/local/share/vim/vim81/filetype.vim
023.163  000.063  000.063: sourcing /usr/local/share/vim/vim81/ftplugin.vim
023.387  000.048  000.048: sourcing /usr/local/share/vim/vim81/indent.vim
024.843  000.895  000.895: sourcing /usr/local/share/vim/vim81/syntax/syncolor.vim
024.959  001.222  000.327: sourcing /usr/local/share/vim/vim81/syntax/synload.vim
024.994  001.472  000.250: sourcing /usr/local/share/vim/vim81/syntax/syntax.vim
025.699  019.507  007.536: sourcing /Users/indexxuan/.vim/.vimrc.plugin
026.218  000.337  000.337: sourcing /usr/local/Cellar/vim/8.1.0250/share/vim/vim81/syntax/nosyntax.vim
026.744  000.190  000.190: sourcing /usr/local/share/vim/vim81/syntax/syncolor.vim
026.873  000.491  000.301: sourcing /usr/local/share/vim/vim81/syntax/synload.vim
026.911  001.115  000.287: sourcing /usr/local/share/vim/vim81/syntax/syntax.vim
027.572  000.183  000.183: sourcing /usr/local/share/vim/vim81/syntax/syncolor.vim
028.139  000.206  000.206: sourcing /usr/local/share/vim/vim81/syntax/syncolor.vim
028.651  000.209  000.209: sourcing /usr/local/share/vim/vim81/syntax/syncolor.vim
029.261  002.158  001.560: sourcing /Users/indexxuan/.vim/colors/molokai.vim
029.843  023.966  001.186: sourcing $HOME/.vimrc
029.852  000.422: sourcing vimrc file(s)
045.348  015.036  015.036: sourcing /Users/indexxuan/.vim/bundle/vim-wakatime/plugin/wakatime.vim
045.978  000.150  000.150: sourcing /Users/indexxuan/.vim/bundle/vim-airline/autoload/airline/init.vim
046.480  000.145  000.145: sourcing /Users/indexxuan/.vim/bundle/vim-airline/autoload/airline/parts.vim
047.412  001.851  001.556: sourcing /Users/indexxuan/.vim/bundle/vim-airline/plugin/airline.vim
047.634  000.030  000.030: sourcing /Users/indexxuan/.vim/bundle/vim-airline-themes/plugin/airline-themes.vim
048.161  000.195  000.195: sourcing /Users/indexxuan/.vim/bundle/coc.nvim/autoload/coc/rpc.vim
048.920  000.621  000.621: sourcing /Users/indexxuan/.vim/bundle/coc.nvim/autoload/coc/util.vim
302.783  000.490  000.490: sourcing /Users/indexxuan/.nvm/versions/node/v8.12.0/lib/node_modules/vim-node-rpc/autoload/nvim/rpc.vim
305.791  257.987  256.681: sourcing /Users/indexxuan/.vim/bundle/coc.nvim/plugin/coc.vim
307.131  000.149  000.149: sourcing /Users/indexxuan/.vim/bundle/vim-stay/autoload/stay/shim.vim
309.586  001.354  001.354: sourcing /Users/indexxuan/.vim/bundle/vim-stay/autoload/stay/integrate/fastfold.vim
309.694  003.544  002.041: sourcing /Users/indexxuan/.vim/bundle/vim-stay/plugin/stay.vim
310.328  000.338  000.338: sourcing /Users/indexxuan/.vim/bundle/vim-auto-save/plugin/AutoSave.vim
311.047  000.417  000.417: sourcing /Users/indexxuan/.vim/bundle/open-browser.vim/plugin/openbrowser.vim
311.523  000.187  000.187: sourcing /Users/indexxuan/.vim/bundle/vim-fuzzysearch/plugin/fuzzysearch.vim
313.991  000.817  000.817: sourcing /Users/indexxuan/.vim/bundle/editorconfig-vim/plugin/editorconfig.vim
314.748  000.509  000.509: sourcing /Users/indexxuan/.vim/bundle/vim-fugitive/plugin/fugitive.vim
315.089  000.062  000.062: sourcing /Users/indexxuan/.vim/bundle/vim-snippets/plugin/vimsnippets.vim
316.044  000.106  000.106: sourcing /usr/local/share/vim/vim81/plugin/getscriptPlugin.vim
316.503  000.349  000.349: sourcing /usr/local/share/vim/vim81/plugin/gzip.vim
316.919  000.326  000.326: sourcing /usr/local/share/vim/vim81/plugin/logiPat.vim
317.082  000.058  000.058: sourcing /usr/local/share/vim/vim81/plugin/manpager.vim
317.385  000.228  000.228: sourcing /usr/local/share/vim/vim81/plugin/matchparen.vim
318.176  000.704  000.704: sourcing /usr/local/share/vim/vim81/plugin/netrwPlugin.vim
318.312  000.029  000.029: sourcing /usr/local/share/vim/vim81/plugin/rrhelper.vim
318.454  000.048  000.048: sourcing /usr/local/share/vim/vim81/plugin/spellfile.vim
318.736  000.204  000.204: sourcing /usr/local/share/vim/vim81/plugin/tarPlugin.vim
318.940  000.116  000.116: sourcing /usr/local/share/vim/vim81/plugin/tohtml.vim
319.230  000.213  000.213: sourcing /usr/local/share/vim/vim81/plugin/vimballPlugin.vim
319.554  000.234  000.234: sourcing /usr/local/share/vim/vim81/plugin/zipPlugin.vim
319.566  006.321: loading plugins
319.691  000.125: loading packages
319.757  000.066: loading after plugins
319.798  000.041: inits 3
320.215  000.417: reading viminfo
320.261  000.046: setting raw mode
320.267  000.006: start termcap
320.332  000.065: clearing screen
328.026  001.168  001.168: sourcing /Users/indexxuan/.vim/bundle/typescript-vim/syntax/typescript.vim
329.068  000.254  000.254: sourcing /Users/indexxuan/.vim/bundle/vim-run/plugin/run.vim
330.203  000.116  000.116: sourcing /Users/indexxuan/.vim/bundle/typescript-vim/compiler/typescript.vim
330.321  000.476  000.360: sourcing /Users/indexxuan/.vim/bundle/typescript-vim/ftplugin/typescript.vim
330.808  000.089  000.089: sourcing /Users/indexxuan/.vim/bundle/vim-jsdoc/ftplugin/typescript/jsdoc.vim
331.356  000.100  000.100: sourcing /Users/indexxuan/.vim/bundle/vim-jsx-pretty/after/ftplugin/typescript.vim
332.193  000.470  000.470: sourcing /Users/indexxuan/.vim/bundle/typescript-vim/indent/typescript.vim
332.452  000.071  000.071: sourcing /Users/indexxuan/.vim/bundle/vim-jsx-pretty/after/indent/typescript.vim
333.261  000.081  000.081: sourcing /Users/indexxuan/.vim/bundle/typescript-vim/compiler/typescript.vim
333.373  000.397  000.316: sourcing /Users/indexxuan/.vim/bundle/typescript-vim/ftplugin/typescript.vim
333.778  000.061  000.061: sourcing /Users/indexxuan/.vim/bundle/vim-jsdoc/ftplugin/typescript/jsdoc.vim
334.234  000.048  000.048: sourcing /Users/indexxuan/.vim/bundle/vim-jsx-pretty/after/ftplugin/typescript.vim
334.604  000.048  000.048: sourcing /Users/indexxuan/.vim/bundle/typescript-vim/indent/typescript.vim
334.820  000.059  000.059: sourcing /Users/indexxuan/.vim/bundle/vim-jsx-pretty/after/indent/typescript.vim
336.303  001.046  001.046: sourcing /Users/indexxuan/.vim/bundle/typescript-vim/syntax/typescript.vim
337.037  000.158  000.158: sourcing /Users/indexxuan/.vim/bundle/vim-jsx-pretty/autoload/jsx_pretty/syntax.vim
337.374  000.775  000.617: sourcing /Users/indexxuan/.vim/bundle/vim-jsx-pretty/after/syntax/typescript.vim
338.114  000.415  000.415: sourcing /Users/indexxuan/.vim/bundle/vim-airline/autoload/airline/extensions.vim
338.388  000.099  000.099: sourcing /Users/indexxuan/.vim/bundle/vim-airline/autoload/airline/extensions/quickfix.vim
338.732  000.221  000.221: sourcing /Users/indexxuan/.vim/bundle/vim-airline/autoload/airline.vim
338.999  000.069  000.069: sourcing /Users/indexxuan/.vim/bundle/vim-airline/autoload/airline/extensions/netrw.vim
339.227  000.061  000.061: sourcing /Users/indexxuan/.vim/bundle/vim-airline/autoload/airline/extensions/term.vim
339.905  000.374  000.374: sourcing /Users/indexxuan/.vim/bundle/vim-airline/autoload/airline/util.vim
340.531  000.373  000.373: sourcing /Users/indexxuan/.vim/bundle/vim-airline/autoload/airline/extensions/branch.vim
340.914  000.105  000.105: sourcing /Users/indexxuan/.vim/bundle/vim-airline/autoload/airline/extensions/fugitiveline.vim
341.374  000.224  000.224: sourcing /Users/indexxuan/.vim/bundle/vim-airline/autoload/airline/extensions/whitespace.vim
341.885  000.085  000.085: sourcing /Users/indexxuan/.vim/bundle/vim-airline/autoload/airline/extensions/wordcount.vim
342.358  000.243  000.243: sourcing /Users/indexxuan/.vim/bundle/vim-airline/autoload/airline/extensions/tabline.vim
342.676  000.099  000.099: sourcing /Users/indexxuan/.vim/bundle/vim-airline/autoload/airline/extensions/tabline/autoshow.vim
343.396  000.184  000.184: sourcing /Users/indexxuan/.vim/bundle/vim-airline/autoload/airline/extensions/tabline/tabs.vim
344.059  000.298  000.298: sourcing /Users/indexxuan/.vim/bundle/vim-airline/autoload/airline/extensions/tabline/buffers.vim
344.483  000.084  000.084: sourcing /Users/indexxuan/.vim/bundle/vim-airline/autoload/airline/extensions/keymap.vim
349.066  000.090  000.090: sourcing /Users/indexxuan/.vim/bundle/coc.nvim/autoload/airline/extensions/coc.vim
349.578  000.157  000.157: sourcing /Users/indexxuan/.vim/bundle/vim-airline/autoload/airline/section.vim
350.195  000.345  000.345: sourcing /Users/indexxuan/.vim/bundle/vim-airline/autoload/airline/highlighter.vim
353.194  000.219  000.219: sourcing /Users/indexxuan/.vim/bundle/vim-airline/autoload/airline/themes.vim
353.553  000.851  000.632: sourcing /Users/indexxuan/.vim/bundle/vim-airline-themes/autoload/airline/themes/badwolf.vim
366.581  000.272  000.272: sourcing /Users/indexxuan/.vim/bundle/vim-airline/autoload/airline/builder.vim
367.131  000.150  000.150: sourcing /Users/indexxuan/.vim/bundle/vim-airline/autoload/airline/extensions/default.vim
436.591  000.114  000.114: sourcing /Users/indexxuan/.vim/bundle/editorconfig-vim/autoload/editorconfig.vim
442.759  005.364  005.364: sourcing /Users/indexxuan/.vim/bundle/vim-fugitive/autoload/fugitive.vim
444.567  000.307  000.307: sourcing /Users/indexxuan/.vim/bundle/vim-stay/autoload/stay/win.vim
444.982  000.232  000.232: sourcing /Users/indexxuan/.vim/bundle/vim-stay/autoload/stay.vim
445.765  000.291  000.291: sourcing /Users/indexxuan/.vim/bundle/vim-stay/autoload/stay/view.vim
446.344  000.165  000.165: sourcing /Users/indexxuan/.vim/view/~=+workspace=+delivery=+app=+service=+app.ts=
446.554  109.888: opening buffers
448.101  001.547: BufEnter autocommands
448.104  000.003: editing files in windows
449.043  000.444  000.444: sourcing /Users/indexxuan/.vim/bundle/coc.nvim/autoload/coc/client.vim
453.563  000.511  000.511: sourcing /Users/indexxuan/.vim/bundle/vim-gitgutter/autoload/gitgutter/utility.vim
454.351  000.292  000.292: sourcing /Users/indexxuan/.vim/bundle/vim-gitgutter/autoload/gitgutter/highlight.vim
455.392  002.909  002.106: sourcing /Users/indexxuan/.vim/bundle/vim-gitgutter/plugin/gitgutter.vim
458.628  000.578  000.578: sourcing /Users/indexxuan/.vim/bundle/ctrlp.vim/autoload/ctrlp/mrufiles.vim
459.067  001.450  000.872: sourcing /Users/indexxuan/.vim/bundle/ctrlp.vim/plugin/ctrlp.vim
461.966  000.376  000.376: sourcing /Users/indexxuan/.vim/bundle/ctrlsf.vim/autoload/ctrlsf/backend.vim
462.664  001.532  001.156: sourcing /Users/indexxuan/.vim/bundle/ctrlsf.vim/plugin/ctrlsf.vim
463.211  000.146  000.146: sourcing /Users/indexxuan/.vim/bundle/ctrlsf.vim/after/plugin/ctrlsf.vim
472.150  007.068  007.068: sourcing /Users/indexxuan/.vim/bundle/nerdcommenter/plugin/NERD_commenter.vim
477.599  000.773  000.773: sourcing /Users/indexxuan/.vim/bundle/vim-multiple-cursors/plugin/multiple_cursors.vim
487.694  025.268: VimEnter autocommands
487.697  000.003: before starting main loop
488.325  000.080  000.080: sourcing /Users/indexxuan/.vim/bundle/vim-jsx-pretty/autoload/jsx_pretty/comment.vim
495.041  000.211  000.211: sourcing /Users/indexxuan/.vim/bundle/vim-airline/autoload/airline/extensions/tabline/ctrlspace.vim
495.670  000.260  000.260: sourcing /Users/indexxuan/.vim/bundle/vim-airline/autoload/airline/extensions/tabline/builder.vim
496.024  000.117  000.117: sourcing /Users/indexxuan/.vim/bundle/vim-airline/autoload/airline/extensions/tabline/buflist.vim
500.397  000.108  000.108: sourcing /Users/indexxuan/.vim/bundle/vim-airline/autoload/airline/extensions/tabline/formatters/default.vim
522.307  000.314  000.314: sourcing /Users/indexxuan/.vim/bundle/vim-airline/autoload/airline/async.vim
528.333  039.546: first screen update
528.339  000.006: --- VIM STARTED ---
