

times in msec
 clock   self+sourced   self:  sourced script
 clock   elapsed:              other lines

000.009  000.009: --- VIM STARTING ---
000.127  000.118: Allocated generic buffers
000.476  000.349: locale set
000.480  000.004: clipboard setup
000.490  000.010: window checked
001.058  000.568: inits 1
001.278  000.220: parsing arguments
001.283  000.005: expanding arguments
005.015  003.732: shell init
005.651  000.636: Termcap init
005.682  000.031: inits 2
005.865  000.183: init highlight
009.076  002.353  002.353: sourcing /Users/indexxuan/.vim/autoload/plug.vim
012.705  000.040  000.040: sourcing /Users/indexxuan/.vim/bundle/typescript-vim/ftdetect/typescript.vim
013.229  000.042  000.042: sourcing /Users/indexxuan/.vim/bundle/vim-vue/ftdetect/vue.vim
024.534  009.248  009.248: sourcing /usr/local/share/vim/vim81/filetype.vim
024.783  000.057  000.057: sourcing /usr/local/share/vim/vim81/ftplugin.vim
024.996  000.055  000.055: sourcing /usr/local/share/vim/vim81/indent.vim
026.442  000.991  000.991: sourcing /usr/local/share/vim/vim81/syntax/syncolor.vim
026.595  001.303  000.312: sourcing /usr/local/share/vim/vim81/syntax/synload.vim
026.642  001.526  000.223: sourcing /usr/local/share/vim/vim81/syntax/syntax.vim
027.302  020.712  007.391: sourcing /Users/indexxuan/.vim/.vimrc.plugin
029.344  001.611  001.611: sourcing /usr/local/Cellar/vim/8.1.0250/share/vim/vim81/syntax/nosyntax.vim
030.072  000.233  000.233: sourcing /usr/local/share/vim/vim81/syntax/syncolor.vim
030.282  000.691  000.458: sourcing /usr/local/share/vim/vim81/syntax/synload.vim
030.335  002.782  000.480: sourcing /usr/local/share/vim/vim81/syntax/syntax.vim
031.044  000.217  000.217: sourcing /usr/local/share/vim/vim81/syntax/syncolor.vim
031.651  000.175  000.175: sourcing /usr/local/share/vim/vim81/syntax/syncolor.vim
032.146  000.174  000.174: sourcing /usr/local/share/vim/vim81/syntax/syncolor.vim
032.535  000.174  000.174: sourcing /usr/local/share/vim/vim81/syntax/syncolor.vim
033.131  001.961  001.438: sourcing /Users/indexxuan/.vim/colors/molokai.vim
033.697  027.481  001.809: sourcing $HOME/.vimrc
033.707  000.361: sourcing vimrc file(s)
043.002  008.960  008.960: sourcing /Users/indexxuan/.vim/bundle/vim-wakatime/plugin/wakatime.vim
043.376  000.175  000.175: sourcing /Users/indexxuan/.vim/bundle/lightline.vim/plugin/lightline.vim
043.869  000.180  000.180: sourcing /Users/indexxuan/.vim/bundle/coc.nvim/autoload/coc/rpc.vim
044.640  000.664  000.664: sourcing /Users/indexxuan/.vim/bundle/coc.nvim/autoload/coc/util.vim
313.304  000.489  000.489: sourcing /Users/indexxuan/.nvm/versions/node/v8.12.0/lib/node_modules/vim-node-rpc/autoload/nvim/rpc.vim
316.572  273.027  271.694: sourcing /Users/indexxuan/.vim/bundle/coc.nvim/plugin/coc.vim
317.807  000.133  000.133: sourcing /Users/indexxuan/.vim/bundle/vim-stay/autoload/stay/shim.vim
318.992  000.612  000.612: sourcing /Users/indexxuan/.vim/bundle/vim-stay/autoload/stay/integrate/fastfold.vim
319.098  002.130  001.385: sourcing /Users/indexxuan/.vim/bundle/vim-stay/plugin/stay.vim
319.756  000.383  000.383: sourcing /Users/indexxuan/.vim/bundle/open-browser.vim/plugin/openbrowser.vim
320.173  000.184  000.184: sourcing /Users/indexxuan/.vim/bundle/vim-fuzzysearch/plugin/fuzzysearch.vim
322.675  000.896  000.896: sourcing /Users/indexxuan/.vim/bundle/editorconfig-vim/plugin/editorconfig.vim
323.024  000.099  000.099: sourcing /Users/indexxuan/.vim/bundle/vim-snippets/plugin/vimsnippets.vim
323.933  000.100  000.100: sourcing /usr/local/share/vim/vim81/plugin/getscriptPlugin.vim
324.324  000.313  000.313: sourcing /usr/local/share/vim/vim81/plugin/gzip.vim
324.718  000.319  000.319: sourcing /usr/local/share/vim/vim81/plugin/logiPat.vim
324.842  000.050  000.050: sourcing /usr/local/share/vim/vim81/plugin/manpager.vim
325.157  000.247  000.247: sourcing /usr/local/share/vim/vim81/plugin/matchparen.vim
325.857  000.634  000.634: sourcing /usr/local/share/vim/vim81/plugin/netrwPlugin.vim
325.970  000.030  000.030: sourcing /usr/local/share/vim/vim81/plugin/rrhelper.vim
326.088  000.048  000.048: sourcing /usr/local/share/vim/vim81/plugin/spellfile.vim
326.452  000.214  000.214: sourcing /usr/local/share/vim/vim81/plugin/tarPlugin.vim
326.699  000.127  000.127: sourcing /usr/local/share/vim/vim81/plugin/tohtml.vim
327.005  000.217  000.217: sourcing /usr/local/share/vim/vim81/plugin/vimballPlugin.vim
327.341  000.221  000.221: sourcing /usr/local/share/vim/vim81/plugin/zipPlugin.vim
327.360  005.279: loading plugins
327.498  000.138: loading packages
327.540  000.042: loading after plugins
327.559  000.019: inits 3
327.966  000.407: reading viminfo
328.014  000.048: setting raw mode
328.031  000.017: start termcap
328.095  000.064: clearing screen
334.043  001.207  001.207: sourcing /Users/indexxuan/.vim/bundle/typescript-vim/syntax/typescript.vim
335.100  000.252  000.252: sourcing /Users/indexxuan/.vim/bundle/vim-run/plugin/run.vim
336.107  000.100  000.100: sourcing /Users/indexxuan/.vim/bundle/typescript-vim/compiler/typescript.vim
336.215  000.423  000.323: sourcing /Users/indexxuan/.vim/bundle/typescript-vim/ftplugin/typescript.vim
336.702  000.077  000.077: sourcing /Users/indexxuan/.vim/bundle/vim-jsdoc/ftplugin/typescript/jsdoc.vim
337.757  000.421  000.421: sourcing /Users/indexxuan/.vim/bundle/typescript-vim/indent/typescript.vim
338.566  000.087  000.087: sourcing /Users/indexxuan/.vim/bundle/typescript-vim/compiler/typescript.vim
338.661  000.400  000.313: sourcing /Users/indexxuan/.vim/bundle/typescript-vim/ftplugin/typescript.vim
339.103  000.077  000.077: sourcing /Users/indexxuan/.vim/bundle/vim-jsdoc/ftplugin/typescript/jsdoc.vim
339.738  000.072  000.072: sourcing /Users/indexxuan/.vim/bundle/typescript-vim/indent/typescript.vim
341.252  001.049  001.049: sourcing /Users/indexxuan/.vim/bundle/typescript-vim/syntax/typescript.vim
342.177  000.580  000.580: sourcing /Users/indexxuan/.vim/bundle/lightline.vim/autoload/lightline.vim
343.053  000.241  000.241: sourcing /Users/indexxuan/.vim/bundle/coc.nvim/autoload/coc.vim
343.445  000.077  000.077: sourcing /Users/indexxuan/.vim/bundle/lightline.vim/autoload/lightline/tab.vim
344.195  000.292  000.292: sourcing /Users/indexxuan/.vim/bundle/lightline.vim/autoload/lightline/colorscheme.vim
346.664  002.993  002.701: sourcing /Users/indexxuan/.vim/bundle/lightline.vim/autoload/lightline/colorscheme/powerline.vim
396.939  000.139  000.139: sourcing /Users/indexxuan/.vim/bundle/editorconfig-vim/autoload/editorconfig.vim
399.903  000.240  000.240: sourcing /Users/indexxuan/.vim/bundle/vim-stay/autoload/stay/win.vim
400.291  000.203  000.203: sourcing /Users/indexxuan/.vim/bundle/vim-stay/autoload/stay.vim
401.116  000.234  000.234: sourcing /Users/indexxuan/.vim/bundle/vim-stay/autoload/stay/view.vim
401.770  000.184  000.184: sourcing /Users/indexxuan/.vim/view/~=+workspace=+delivery=+app=+service=+app.ts=
415.776  078.812: opening buffers
417.404  001.628: BufEnter autocommands
417.407  000.003: editing files in windows
419.678  000.269  000.269: sourcing /Users/indexxuan/.vim/bundle/vim-gitgutter/autoload/gitgutter/utility.vim
420.405  000.186  000.186: sourcing /Users/indexxuan/.vim/bundle/vim-gitgutter/autoload/gitgutter/highlight.vim
421.275  002.288  001.833: sourcing /Users/indexxuan/.vim/bundle/vim-gitgutter/plugin/gitgutter.vim
422.807  000.042  000.042: sourcing /Users/indexxuan/.vim/bundle/vim-fugitive/ftdetect/fugitive.vim
423.725  000.460  000.460: sourcing /Users/indexxuan/.vim/bundle/vim-fugitive/plugin/fugitive.vim
425.985  000.295  000.295: sourcing /Users/indexxuan/.vim/bundle/ctrlp.vim/autoload/ctrlp/mrufiles.vim
426.202  000.841  000.546: sourcing /Users/indexxuan/.vim/bundle/ctrlp.vim/plugin/ctrlp.vim
428.509  000.314  000.314: sourcing /Users/indexxuan/.vim/bundle/ctrlsf.vim/autoload/ctrlsf/backend.vim
429.195  001.298  000.984: sourcing /Users/indexxuan/.vim/bundle/ctrlsf.vim/plugin/ctrlsf.vim
429.596  000.066  000.066: sourcing /Users/indexxuan/.vim/bundle/ctrlsf.vim/after/plugin/ctrlsf.vim
437.506  006.266  006.266: sourcing /Users/indexxuan/.vim/bundle/nerdcommenter/plugin/NERD_commenter.vim
441.606  000.107  000.107: sourcing /Users/indexxuan/.vim/bundle/typescript-vim/compiler/typescript.vim
441.764  000.511  000.404: sourcing /Users/indexxuan/.vim/bundle/typescript-vim/ftplugin/typescript.vim
442.184  000.081  000.081: sourcing /Users/indexxuan/.vim/bundle/vim-jsdoc/ftplugin/typescript/jsdoc.vim
442.946  000.072  000.072: sourcing /Users/indexxuan/.vim/bundle/typescript-vim/indent/typescript.vim
445.108  001.604  001.604: sourcing /Users/indexxuan/.vim/bundle/typescript-vim/syntax/typescript.vim
467.049  012.409  012.409: sourcing /Users/indexxuan/.vim/bundle/vim-fugitive/autoload/fugitive.vim
468.769  026.424: VimEnter autocommands
468.772  000.003: before starting main loop
482.943  014.171: first screen update
482.945  000.002: --- VIM STARTED ---


times in msec
 clock   self+sourced   self:  sourced script
 clock   elapsed:              other lines

000.017  000.017: --- VIM STARTING ---
000.152  000.135: Allocated generic buffers
000.525  000.373: locale set
000.531  000.006: clipboard setup
000.543  000.012: window checked
001.144  000.601: inits 1
001.362  000.218: parsing arguments
001.367  000.005: expanding arguments
005.060  003.693: shell init
005.438  000.378: Termcap init
005.460  000.022: inits 2
005.636  000.176: init highlight
008.457  001.959  001.959: sourcing /Users/indexxuan/.vim/autoload/plug.vim
011.755  000.032  000.032: sourcing /Users/indexxuan/.vim/bundle/typescript-vim/ftdetect/typescript.vim
012.488  000.043  000.043: sourcing /Users/indexxuan/.vim/bundle/vim-vue/ftdetect/vue.vim
021.525  007.309  007.309: sourcing /usr/local/share/vim/vim81/filetype.vim
021.757  000.059  000.059: sourcing /usr/local/share/vim/vim81/ftplugin.vim
021.960  000.049  000.049: sourcing /usr/local/share/vim/vim81/indent.vim
024.319  001.905  001.905: sourcing /usr/local/share/vim/vim81/syntax/syncolor.vim
024.453  002.212  000.307: sourcing /usr/local/share/vim/vim81/syntax/synload.vim
024.492  002.422  000.210: sourcing /usr/local/share/vim/vim81/syntax/syntax.vim
025.093  018.718  007.845: sourcing /Users/indexxuan/.vim/.vimrc.plugin
025.708  000.375  000.375: sourcing /usr/local/Cellar/vim/8.1.0250/share/vim/vim81/syntax/nosyntax.vim
026.259  000.193  000.193: sourcing /usr/local/share/vim/vim81/syntax/syncolor.vim
026.401  000.513  000.320: sourcing /usr/local/share/vim/vim81/syntax/synload.vim
026.444  001.227  000.339: sourcing /usr/local/share/vim/vim81/syntax/syntax.vim
026.000  000.191  000.191: sourcing /usr/local/share/vim/vim81/syntax/syncolor.vim
027.563  000.188  000.188: sourcing /usr/local/share/vim/vim81/syntax/syncolor.vim
028.172  000.205  000.205: sourcing /usr/local/share/vim/vim81/syntax/syncolor.vim
028.604  000.182  000.182: sourcing /usr/local/share/vim/vim81/syntax/syncolor.vim
029.258  002.158  001.583: sourcing /Users/indexxuan/.vim/colors/molokai.vim
029.929  023.871  001.577: sourcing $HOME/.vimrc
029.942  000.435: sourcing vimrc file(s)
051.049  020.661  020.661: sourcing /Users/indexxuan/.vim/bundle/vim-wakatime/plugin/wakatime.vim
051.561  000.248  000.248: sourcing /Users/indexxuan/.vim/bundle/lightline.vim/plugin/lightline.vim
052.203  000.221  000.221: sourcing /Users/indexxuan/.vim/bundle/coc.nvim/autoload/coc/rpc.vim
053.212  000.868  000.868: sourcing /Users/indexxuan/.vim/bundle/coc.nvim/autoload/coc/util.vim
296.441  000.275  000.275: sourcing /Users/indexxuan/.nvm/versions/node/v8.12.0/lib/node_modules/vim-node-rpc/autoload/nvim/rpc.vim
298.440  246.626  245.262: sourcing /Users/indexxuan/.vim/bundle/coc.nvim/plugin/coc.vim
299.278  000.096  000.096: sourcing /Users/indexxuan/.vim/bundle/vim-stay/autoload/stay/shim.vim
300.064  000.364  000.364: sourcing /Users/indexxuan/.vim/bundle/vim-stay/autoload/stay/integrate/fastfold.vim
300.133  001.438  000.978: sourcing /Users/indexxuan/.vim/bundle/vim-stay/plugin/stay.vim
300.582  000.267  000.267: sourcing /Users/indexxuan/.vim/bundle/open-browser.vim/plugin/openbrowser.vim
300.903  000.138  000.138: sourcing /Users/indexxuan/.vim/bundle/vim-fuzzysearch/plugin/fuzzysearch.vim
302.701  000.600  000.600: sourcing /Users/indexxuan/.vim/bundle/editorconfig-vim/plugin/editorconfig.vim
302.933  000.051  000.051: sourcing /Users/indexxuan/.vim/bundle/vim-snippets/plugin/vimsnippets.vim
303.674  000.082  000.082: sourcing /usr/local/share/vim/vim81/plugin/getscriptPlugin.vim
303.967  000.229  000.229: sourcing /usr/local/share/vim/vim81/plugin/gzip.vim
304.312  000.281  000.281: sourcing /usr/local/share/vim/vim81/plugin/logiPat.vim
304.419  000.043  000.043: sourcing /usr/local/share/vim/vim81/plugin/manpager.vim
304.696  000.216  000.216: sourcing /usr/local/share/vim/vim81/plugin/matchparen.vim
305.347  000.586  000.586: sourcing /usr/local/share/vim/vim81/plugin/netrwPlugin.vim
305.465  000.033  000.033: sourcing /usr/local/share/vim/vim81/plugin/rrhelper.vim
305.577  000.043  000.043: sourcing /usr/local/share/vim/vim81/plugin/spellfile.vim
305.856  000.183  000.183: sourcing /usr/local/share/vim/vim81/plugin/tarPlugin.vim
306.123  000.145  000.145: sourcing /usr/local/share/vim/vim81/plugin/tohtml.vim
306.450  000.248  000.248: sourcing /usr/local/share/vim/vim81/plugin/vimballPlugin.vim
306.774  000.224  000.224: sourcing /usr/local/share/vim/vim81/plugin/zipPlugin.vim
306.792  004.508: loading plugins
306.911  000.119: loading packages
306.959  000.048: loading after plugins
306.978  000.019: inits 3
307.387  000.409: reading viminfo
307.436  000.049: setting raw mode
307.443  000.007: start termcap
307.504  000.061: clearing screen
313.478  001.225  001.225: sourcing /Users/indexxuan/.vim/bundle/typescript-vim/syntax/typescript.vim
314.522  000.256  000.256: sourcing /Users/indexxuan/.vim/bundle/vim-run/plugin/run.vim
315.532  000.115  000.115: sourcing /Users/indexxuan/.vim/bundle/typescript-vim/compiler/typescript.vim
315.637  000.437  000.322: sourcing /Users/indexxuan/.vim/bundle/typescript-vim/ftplugin/typescript.vim
316.105  000.090  000.090: sourcing /Users/indexxuan/.vim/bundle/vim-jsdoc/ftplugin/typescript/jsdoc.vim
317.157  000.409  000.409: sourcing /Users/indexxuan/.vim/bundle/typescript-vim/indent/typescript.vim
317.981  000.095  000.095: sourcing /Users/indexxuan/.vim/bundle/typescript-vim/compiler/typescript.vim
318.077  000.394  000.299: sourcing /Users/indexxuan/.vim/bundle/typescript-vim/ftplugin/typescript.vim
318.537  000.079  000.079: sourcing /Users/indexxuan/.vim/bundle/vim-jsdoc/ftplugin/typescript/jsdoc.vim
319.173  000.073  000.073: sourcing /Users/indexxuan/.vim/bundle/typescript-vim/indent/typescript.vim
320.656  001.051  001.051: sourcing /Users/indexxuan/.vim/bundle/typescript-vim/syntax/typescript.vim
321.574  000.574  000.574: sourcing /Users/indexxuan/.vim/bundle/lightline.vim/autoload/lightline.vim
322.488  000.261  000.261: sourcing /Users/indexxuan/.vim/bundle/coc.nvim/autoload/coc.vim
322.887  000.093  000.093: sourcing /Users/indexxuan/.vim/bundle/lightline.vim/autoload/lightline/tab.vim
323.636  000.295  000.295: sourcing /Users/indexxuan/.vim/bundle/lightline.vim/autoload/lightline/colorscheme.vim
326.122  003.021  002.726: sourcing /Users/indexxuan/.vim/bundle/lightline.vim/autoload/lightline/colorscheme/powerline.vim
374.928  000.134  000.134: sourcing /Users/indexxuan/.vim/bundle/editorconfig-vim/autoload/editorconfig.vim
377.691  000.242  000.242: sourcing /Users/indexxuan/.vim/bundle/vim-stay/autoload/stay/win.vim
378.015  000.153  000.153: sourcing /Users/indexxuan/.vim/bundle/vim-stay/autoload/stay.vim
378.723  000.215  000.215: sourcing /Users/indexxuan/.vim/bundle/vim-stay/autoload/stay/view.vim
379.357  000.184  000.184: sourcing /Users/indexxuan/.vim/view/~=+workspace=+delivery=+app=+service=+app.ts=
392.816  076.421: opening buffers
394.332  001.516: BufEnter autocommands
394.336  000.004: editing files in windows
396.684  000.285  000.285: sourcing /Users/indexxuan/.vim/bundle/vim-gitgutter/autoload/gitgutter/utility.vim
397.353  000.175  000.175: sourcing /Users/indexxuan/.vim/bundle/vim-gitgutter/autoload/gitgutter/highlight.vim
398.317  002.370  001.910: sourcing /Users/indexxuan/.vim/bundle/vim-gitgutter/plugin/gitgutter.vim
399.871  000.035  000.035: sourcing /Users/indexxuan/.vim/bundle/vim-fugitive/ftdetect/fugitive.vim
400.746  000.496  000.496: sourcing /Users/indexxuan/.vim/bundle/vim-fugitive/plugin/fugitive.vim
402.900  000.296  000.296: sourcing /Users/indexxuan/.vim/bundle/ctrlp.vim/autoload/ctrlp/mrufiles.vim
403.183  000.913  000.617: sourcing /Users/indexxuan/.vim/bundle/ctrlp.vim/plugin/ctrlp.vim
405.504  000.309  000.309: sourcing /Users/indexxuan/.vim/bundle/ctrlsf.vim/autoload/ctrlsf/backend.vim
406.170  001.318  001.009: sourcing /Users/indexxuan/.vim/bundle/ctrlsf.vim/plugin/ctrlsf.vim
406.663  000.085  000.085: sourcing /Users/indexxuan/.vim/bundle/ctrlsf.vim/after/plugin/ctrlsf.vim
414.698  006.335  006.335: sourcing /Users/indexxuan/.vim/bundle/nerdcommenter/plugin/NERD_commenter.vim
418.580  000.108  000.108: sourcing /Users/indexxuan/.vim/bundle/typescript-vim/compiler/typescript.vim
418.745  000.519  000.411: sourcing /Users/indexxuan/.vim/bundle/typescript-vim/ftplugin/typescript.vim
419.171  000.087  000.087: sourcing /Users/indexxuan/.vim/bundle/vim-jsdoc/ftplugin/typescript/jsdoc.vim
419.930  000.073  000.073: sourcing /Users/indexxuan/.vim/bundle/typescript-vim/indent/typescript.vim
422.165  001.629  001.629: sourcing /Users/indexxuan/.vim/bundle/typescript-vim/syntax/typescript.vim
436.946  007.595  007.595: sourcing /Users/indexxuan/.vim/bundle/vim-fugitive/autoload/fugitive.vim
439.345  023.554: VimEnter autocommands
439.347  000.002: before starting main loop
455.315  015.968: first screen update
455.319  000.004: --- VIM STARTED ---


times in msec
 clock   self+sourced   self:  sourced script
 clock   elapsed:              other lines

000.008  000.008: --- VIM STARTING ---
000.133  000.125: Allocated generic buffers
000.518  000.385: locale set
000.523  000.005: clipboard setup
000.534  000.011: window checked
001.108  000.574: inits 1
001.321  000.213: parsing arguments
001.326  000.005: expanding arguments
005.086  003.760: shell init
005.580  000.494: Termcap init
005.607  000.027: inits 2
005.780  000.173: init highlight
009.201  002.700  002.700: sourcing /Users/indexxuan/.vim/autoload/plug.vim
013.000  000.031  000.031: sourcing /Users/indexxuan/.vim/bundle/typescript-vim/ftdetect/typescript.vim
013.415  000.027  000.027: sourcing /Users/indexxuan/.vim/bundle/vim-vue/ftdetect/vue.vim
022.375  007.585  007.585: sourcing /usr/local/share/vim/vim81/filetype.vim
022.640  000.070  000.070: sourcing /usr/local/share/vim/vim81/ftplugin.vim
022.859  000.055  000.055: sourcing /usr/local/share/vim/vim81/indent.vim
024.558  001.061  001.061: sourcing /usr/local/share/vim/vim81/syntax/syncolor.vim
024.692  001.501  000.440: sourcing /usr/local/share/vim/vim81/syntax/synload.vim
024.734  001.757  000.256: sourcing /usr/local/share/vim/vim81/syntax/syntax.vim
025.271  018.884  006.659: sourcing /Users/indexxuan/.vim/.vimrc.plugin
025.966  000.408  000.408: sourcing /usr/local/Cellar/vim/8.1.0250/share/vim/vim81/syntax/nosyntax.vim
026.462  000.208  000.208: sourcing /usr/local/share/vim/vim81/syntax/syncolor.vim
026.575  000.470  000.262: sourcing /usr/local/share/vim/vim81/syntax/synload.vim
026.610  001.192  000.314: sourcing /usr/local/share/vim/vim81/syntax/syntax.vim
027.217  000.261  000.261: sourcing /usr/local/share/vim/vim81/syntax/syncolor.vim
027.771  000.179  000.179: sourcing /usr/local/share/vim/vim81/syntax/syncolor.vim
028.293  000.178  000.178: sourcing /usr/local/share/vim/vim81/syntax/syncolor.vim
028.706  000.194  000.194: sourcing /usr/local/share/vim/vim81/syntax/syncolor.vim
029.383  002.077  001.526: sourcing /Users/indexxuan/.vim/colors/molokai.vim
030.079  024.007  001.593: sourcing $HOME/.vimrc
030.098  000.311: sourcing vimrc file(s)
050.377  019.795  019.795: sourcing /Users/indexxuan/.vim/bundle/vim-wakatime/plugin/wakatime.vim
050.872  000.233  000.233: sourcing /Users/indexxuan/.vim/bundle/lightline.vim/plugin/lightline.vim
051.491  000.256  000.256: sourcing /Users/indexxuan/.vim/bundle/coc.nvim/autoload/coc/rpc.vim
052.399  000.781  000.781: sourcing /Users/indexxuan/.vim/bundle/coc.nvim/autoload/coc/util.vim
306.008  000.319  000.319: sourcing /Users/indexxuan/.nvm/versions/node/v8.12.0/lib/node_modules/vim-node-rpc/autoload/nvim/rpc.vim
308.352  257.290  255.934: sourcing /Users/indexxuan/.vim/bundle/coc.nvim/plugin/coc.vim
309.307  000.102  000.102: sourcing /Users/indexxuan/.vim/bundle/vim-stay/autoload/stay/shim.vim
310.149  000.389  000.389: sourcing /Users/indexxuan/.vim/bundle/vim-stay/autoload/stay/integrate/fastfold.vim
310.219  001.569  001.078: sourcing /Users/indexxuan/.vim/bundle/vim-stay/plugin/stay.vim
310.677  000.276  000.276: sourcing /Users/indexxuan/.vim/bundle/open-browser.vim/plugin/openbrowser.vim
311.008  000.150  000.150: sourcing /Users/indexxuan/.vim/bundle/vim-fuzzysearch/plugin/fuzzysearch.vim
312.754  000.603  000.603: sourcing /Users/indexxuan/.vim/bundle/editorconfig-vim/plugin/editorconfig.vim
312.986  000.051  000.051: sourcing /Users/indexxuan/.vim/bundle/vim-snippets/plugin/vimsnippets.vim
313.723  000.079  000.079: sourcing /usr/local/share/vim/vim81/plugin/getscriptPlugin.vim
314.020  000.235  000.235: sourcing /usr/local/share/vim/vim81/plugin/gzip.vim
314.369  000.286  000.286: sourcing /usr/local/share/vim/vim81/plugin/logiPat.vim
314.484  000.048  000.048: sourcing /usr/local/share/vim/vim81/plugin/manpager.vim
314.769  000.225  000.225: sourcing /usr/local/share/vim/vim81/plugin/matchparen.vim
315.424  000.590  000.590: sourcing /usr/local/share/vim/vim81/plugin/netrwPlugin.vim
315.643  000.065  000.065: sourcing /usr/local/share/vim/vim81/plugin/rrhelper.vim
315.807  000.049  000.049: sourcing /usr/local/share/vim/vim81/plugin/spellfile.vim
316.124  000.218  000.218: sourcing /usr/local/share/vim/vim81/plugin/tarPlugin.vim
316.325  000.124  000.124: sourcing /usr/local/share/vim/vim81/plugin/tohtml.vim
316.594  000.201  000.201: sourcing /usr/local/share/vim/vim81/plugin/vimballPlugin.vim
316.905  000.220  000.220: sourcing /usr/local/share/vim/vim81/plugin/zipPlugin.vim
316.917  004.512: loading plugins
317.034  000.117: loading packages
317.078  000.044: loading after plugins
317.098  000.020: inits 3
317.510  000.412: reading viminfo
317.558  000.048: setting raw mode
317.565  000.007: start termcap
317.640  000.075: clearing screen
323.852  001.221  001.221: sourcing /Users/indexxuan/.vim/bundle/typescript-vim/syntax/typescript.vim
324.925  000.240  000.240: sourcing /Users/indexxuan/.vim/bundle/vim-run/plugin/run.vim
325.988  000.114  000.114: sourcing /Users/indexxuan/.vim/bundle/typescript-vim/compiler/typescript.vim
326.095  000.467  000.353: sourcing /Users/indexxuan/.vim/bundle/typescript-vim/ftplugin/typescript.vim
326.558  000.088  000.088: sourcing /Users/indexxuan/.vim/bundle/vim-jsdoc/ftplugin/typescript/jsdoc.vim
327.560  000.411  000.411: sourcing /Users/indexxuan/.vim/bundle/typescript-vim/indent/typescript.vim
328.304  000.078  000.078: sourcing /Users/indexxuan/.vim/bundle/typescript-vim/compiler/typescript.vim
328.403  000.355  000.277: sourcing /Users/indexxuan/.vim/bundle/typescript-vim/ftplugin/typescript.vim
328.749  000.058  000.058: sourcing /Users/indexxuan/.vim/bundle/vim-jsdoc/ftplugin/typescript/jsdoc.vim
329.344  000.053  000.053: sourcing /Users/indexxuan/.vim/bundle/typescript-vim/indent/typescript.vim
330.831  001.062  001.062: sourcing /Users/indexxuan/.vim/bundle/typescript-vim/syntax/typescript.vim
331.746  000.590  000.590: sourcing /Users/indexxuan/.vim/bundle/lightline.vim/autoload/lightline.vim
332.595  000.241  000.241: sourcing /Users/indexxuan/.vim/bundle/coc.nvim/autoload/coc.vim
332.962  000.074  000.074: sourcing /Users/indexxuan/.vim/bundle/lightline.vim/autoload/lightline/tab.vim
333.657  000.287  000.287: sourcing /Users/indexxuan/.vim/bundle/lightline.vim/autoload/lightline/colorscheme.vim
336.303  003.140  002.853: sourcing /Users/indexxuan/.vim/bundle/lightline.vim/autoload/lightline/colorscheme/powerline.vim
385.743  000.154  000.154: sourcing /Users/indexxuan/.vim/bundle/editorconfig-vim/autoload/editorconfig.vim
388.683  000.233  000.233: sourcing /Users/indexxuan/.vim/bundle/vim-stay/autoload/stay/win.vim
389.036  000.158  000.158: sourcing /Users/indexxuan/.vim/bundle/vim-stay/autoload/stay.vim
389.811  000.228  000.228: sourcing /Users/indexxuan/.vim/bundle/vim-stay/autoload/stay/view.vim
390.399  000.173  000.173: sourcing /Users/indexxuan/.vim/view/~=+workspace=+delivery=+app=+service=+app.ts=
404.555  077.969: opening buffers
405.851  001.296: BufEnter autocommands
405.854  000.003: editing files in windows
408.067  000.270  000.270: sourcing /Users/indexxuan/.vim/bundle/vim-gitgutter/autoload/gitgutter/utility.vim
408.763  000.196  000.196: sourcing /Users/indexxuan/.vim/bundle/vim-gitgutter/autoload/gitgutter/highlight.vim
409.663  002.259  001.793: sourcing /Users/indexxuan/.vim/bundle/vim-gitgutter/plugin/gitgutter.vim
411.066  000.033  000.033: sourcing /Users/indexxuan/.vim/bundle/vim-fugitive/ftdetect/fugitive.vim
411.875  000.436  000.436: sourcing /Users/indexxuan/.vim/bundle/vim-fugitive/plugin/fugitive.vim
414.429  000.388  000.388: sourcing /Users/indexxuan/.vim/bundle/ctrlp.vim/autoload/ctrlp/mrufiles.vim
414.714  001.013  000.625: sourcing /Users/indexxuan/.vim/bundle/ctrlp.vim/plugin/ctrlp.vim
417.369  000.319  000.319: sourcing /Users/indexxuan/.vim/bundle/ctrlsf.vim/autoload/ctrlsf/backend.vim
418.052  001.352  001.033: sourcing /Users/indexxuan/.vim/bundle/ctrlsf.vim/plugin/ctrlsf.vim
418.597  000.105  000.105: sourcing /Users/indexxuan/.vim/bundle/ctrlsf.vim/after/plugin/ctrlsf.vim
429.817  009.114  009.114: sourcing /Users/indexxuan/.vim/bundle/nerdcommenter/plugin/NERD_commenter.vim
434.939  000.176  000.176: sourcing /Users/indexxuan/.vim/bundle/typescript-vim/compiler/typescript.vim
435.252  000.880  000.704: sourcing /Users/indexxuan/.vim/bundle/typescript-vim/ftplugin/typescript.vim
435.775  000.097  000.097: sourcing /Users/indexxuan/.vim/bundle/vim-jsdoc/ftplugin/typescript/jsdoc.vim
436.591  000.077  000.077: sourcing /Users/indexxuan/.vim/bundle/typescript-vim/indent/typescript.vim
438.971  001.762  001.762: sourcing /Users/indexxuan/.vim/bundle/typescript-vim/syntax/typescript.vim
454.369  006.113  006.113: sourcing /Users/indexxuan/.vim/bundle/vim-fugitive/autoload/fugitive.vim
455.987  026.892: VimEnter autocommands
455.990  000.003: before starting main loop
470.752  014.762: first screen update
470.755  000.003: --- VIM STARTED ---


times in msec
 clock   self+sourced   self:  sourced script
 clock   elapsed:              other lines

000.008  000.008: --- VIM STARTING ---
000.147  000.139: Allocated generic buffers
000.536  000.389: locale set
000.542  000.006: clipboard setup
000.554  000.012: window checked
001.148  000.594: inits 1
001.367  000.219: parsing arguments
001.372  000.005: expanding arguments
005.062  003.690: shell init
005.439  000.377: Termcap init
005.464  000.025: inits 2
005.624  000.160: init highlight
008.542  002.069  002.069: sourcing /Users/indexxuan/.vim/autoload/plug.vim
011.649  000.031  000.031: sourcing /Users/indexxuan/.vim/bundle/typescript-vim/ftdetect/typescript.vim
012.109  000.033  000.033: sourcing /Users/indexxuan/.vim/bundle/vim-vue/ftdetect/vue.vim
021.199  007.437  007.437: sourcing /usr/local/share/vim/vim81/filetype.vim
021.430  000.060  000.060: sourcing /usr/local/share/vim/vim81/ftplugin.vim
021.627  000.048  000.048: sourcing /usr/local/share/vim/vim81/indent.vim
022.959  000.898  000.898: sourcing /usr/local/share/vim/vim81/syntax/syncolor.vim
023.073  001.172  000.274: sourcing /usr/local/share/vim/vim81/syntax/synload.vim
023.110  001.379  000.207: sourcing /usr/local/share/vim/vim81/syntax/syntax.vim
023.635  017.282  006.225: sourcing /Users/indexxuan/.vim/.vimrc.plugin
024.084  000.261  000.261: sourcing /usr/local/Cellar/vim/8.1.0250/share/vim/vim81/syntax/nosyntax.vim
024.597  000.187  000.187: sourcing /usr/local/share/vim/vim81/syntax/syncolor.vim
024.733  000.498  000.311: sourcing /usr/local/share/vim/vim81/syntax/synload.vim
024.771  001.039  000.280: sourcing /usr/local/share/vim/vim81/syntax/syntax.vim
025.299  000.186  000.186: sourcing /usr/local/share/vim/vim81/syntax/syncolor.vim
025.857  000.188  000.188: sourcing /usr/local/share/vim/vim81/syntax/syncolor.vim
026.453  000.212  000.212: sourcing /usr/local/share/vim/vim81/syntax/syncolor.vim
026.923  000.203  000.203: sourcing /usr/local/share/vim/vim81/syntax/syncolor.vim
027.582  002.182  001.579: sourcing /Users/indexxuan/.vim/colors/molokai.vim
028.228  022.288  001.599: sourcing $HOME/.vimrc
028.249  000.337: sourcing vimrc file(s)
044.405  015.712  015.712: sourcing /Users/indexxuan/.vim/bundle/vim-wakatime/plugin/wakatime.vim
045.370  000.595  000.595: sourcing /Users/indexxuan/.vim/bundle/lightline.vim/plugin/lightline.vim
046.310  000.303  000.303: sourcing /Users/indexxuan/.vim/bundle/coc.nvim/autoload/coc/rpc.vim
047.309  000.828  000.828: sourcing /Users/indexxuan/.vim/bundle/coc.nvim/autoload/coc/util.vim
298.200  000.286  000.286: sourcing /Users/indexxuan/.nvm/versions/node/v8.12.0/lib/node_modules/vim-node-rpc/autoload/nvim/rpc.vim
300.122  254.459  253.042: sourcing /Users/indexxuan/.vim/bundle/coc.nvim/plugin/coc.vim
301.276  000.102  000.102: sourcing /Users/indexxuan/.vim/bundle/vim-stay/autoload/stay/shim.vim
302.109  000.382  000.382: sourcing /Users/indexxuan/.vim/bundle/vim-stay/autoload/stay/integrate/fastfold.vim
302.234  001.809  001.325: sourcing /Users/indexxuan/.vim/bundle/vim-stay/plugin/stay.vim
302.862  000.358  000.358: sourcing /Users/indexxuan/.vim/bundle/open-browser.vim/plugin/openbrowser.vim
303.263  000.157  000.157: sourcing /Users/indexxuan/.vim/bundle/vim-fuzzysearch/plugin/fuzzysearch.vim
305.119  000.688  000.688: sourcing /Users/indexxuan/.vim/bundle/editorconfig-vim/plugin/editorconfig.vim
305.367  000.055  000.055: sourcing /Users/indexxuan/.vim/bundle/vim-snippets/plugin/vimsnippets.vim
306.107  000.081  000.081: sourcing /usr/local/share/vim/vim81/plugin/getscriptPlugin.vim
306.491  000.320  000.320: sourcing /usr/local/share/vim/vim81/plugin/gzip.vim
306.845  000.289  000.289: sourcing /usr/local/share/vim/vim81/plugin/logiPat.vim
306.956  000.045  000.045: sourcing /usr/local/share/vim/vim81/plugin/manpager.vim
307.235  000.220  000.220: sourcing /usr/local/share/vim/vim81/plugin/matchparen.vim
308.045  000.721  000.721: sourcing /usr/local/share/vim/vim81/plugin/netrwPlugin.vim
308.172  000.036  000.036: sourcing /usr/local/share/vim/vim81/plugin/rrhelper.vim
308.290  000.043  000.043: sourcing /usr/local/share/vim/vim81/plugin/spellfile.vim
308.621  000.237  000.237: sourcing /usr/local/share/vim/vim81/plugin/tarPlugin.vim
308.915  000.136  000.136: sourcing /usr/local/share/vim/vim81/plugin/tohtml.vim
309.273  000.275  000.275: sourcing /usr/local/share/vim/vim81/plugin/vimballPlugin.vim
309.670  000.272  000.272: sourcing /usr/local/share/vim/vim81/plugin/zipPlugin.vim
309.686  004.929: loading plugins
309.826  000.140: loading packages
309.872  000.046: loading after plugins
309.891  000.019: inits 3
310.313  000.422: reading viminfo
310.358  000.045: setting raw mode
310.376  000.018: start termcap
310.443  000.067: clearing screen
316.441  001.205  001.205: sourcing /Users/indexxuan/.vim/bundle/typescript-vim/syntax/typescript.vim
317.410  000.232  000.232: sourcing /Users/indexxuan/.vim/bundle/vim-run/plugin/run.vim
318.359  000.092  000.092: sourcing /Users/indexxuan/.vim/bundle/typescript-vim/compiler/typescript.vim
318.466  000.387  000.295: sourcing /Users/indexxuan/.vim/bundle/typescript-vim/ftplugin/typescript.vim
318.828  000.069  000.069: sourcing /Users/indexxuan/.vim/bundle/vim-jsdoc/ftplugin/typescript/jsdoc.vim
319.800  000.401  000.401: sourcing /Users/indexxuan/.vim/bundle/typescript-vim/indent/typescript.vim
320.541  000.079  000.079: sourcing /Users/indexxuan/.vim/bundle/typescript-vim/compiler/typescript.vim
320.638  000.351  000.272: sourcing /Users/indexxuan/.vim/bundle/typescript-vim/ftplugin/typescript.vim
320.985  000.058  000.058: sourcing /Users/indexxuan/.vim/bundle/vim-jsdoc/ftplugin/typescript/jsdoc.vim
321.574  000.053  000.053: sourcing /Users/indexxuan/.vim/bundle/typescript-vim/indent/typescript.vim
323.042  001.050  001.050: sourcing /Users/indexxuan/.vim/bundle/typescript-vim/syntax/typescript.vim
323.943  000.577  000.577: sourcing /Users/indexxuan/.vim/bundle/lightline.vim/autoload/lightline.vim
324.777  000.234  000.234: sourcing /Users/indexxuan/.vim/bundle/coc.nvim/autoload/coc.vim
325.141  000.072  000.072: sourcing /Users/indexxuan/.vim/bundle/lightline.vim/autoload/lightline/tab.vim
325.832  000.282  000.282: sourcing /Users/indexxuan/.vim/bundle/lightline.vim/autoload/lightline/colorscheme.vim
328.289  002.949  002.667: sourcing /Users/indexxuan/.vim/bundle/lightline.vim/autoload/lightline/colorscheme/powerline.vim
377.901  000.133  000.133: sourcing /Users/indexxuan/.vim/bundle/editorconfig-vim/autoload/editorconfig.vim
381.242  000.261  000.261: sourcing /Users/indexxuan/.vim/bundle/vim-stay/autoload/stay/win.vim
381.695  000.224  000.224: sourcing /Users/indexxuan/.vim/bundle/vim-stay/autoload/stay.vim
382.627  000.239  000.239: sourcing /Users/indexxuan/.vim/bundle/vim-stay/autoload/stay/view.vim
383.421  000.239  000.239: sourcing /Users/indexxuan/.vim/view/~=+workspace=+delivery=+app=+service=+app.ts=
397.061  077.884: opening buffers
398.385  001.324: BufEnter autocommands
398.388  000.003: editing files in windows
400.692  000.247  000.247: sourcing /Users/indexxuan/.vim/bundle/vim-gitgutter/autoload/gitgutter/utility.vim
401.318  000.173  000.173: sourcing /Users/indexxuan/.vim/bundle/vim-gitgutter/autoload/gitgutter/highlight.vim
402.212  002.161  001.741: sourcing /Users/indexxuan/.vim/bundle/vim-gitgutter/plugin/gitgutter.vim
403.594  000.033  000.033: sourcing /Users/indexxuan/.vim/bundle/vim-fugitive/ftdetect/fugitive.vim
404.371  000.395  000.395: sourcing /Users/indexxuan/.vim/bundle/vim-fugitive/plugin/fugitive.vim
406.494  000.294  000.294: sourcing /Users/indexxuan/.vim/bundle/ctrlp.vim/autoload/ctrlp/mrufiles.vim
406.701  000.830  000.536: sourcing /Users/indexxuan/.vim/bundle/ctrlp.vim/plugin/ctrlp.vim
408.810  000.278  000.278: sourcing /Users/indexxuan/.vim/bundle/ctrlsf.vim/autoload/ctrlsf/backend.vim
409.458  001.194  000.916: sourcing /Users/indexxuan/.vim/bundle/ctrlsf.vim/plugin/ctrlsf.vim
409.851  000.066  000.066: sourcing /Users/indexxuan/.vim/bundle/ctrlsf.vim/after/plugin/ctrlsf.vim
417.787  006.398  006.398: sourcing /Users/indexxuan/.vim/bundle/nerdcommenter/plugin/NERD_commenter.vim
421.732  000.110  000.110: sourcing /Users/indexxuan/.vim/bundle/typescript-vim/compiler/typescript.vim
421.931  000.570  000.460: sourcing /Users/indexxuan/.vim/bundle/typescript-vim/ftplugin/typescript.vim
422.428  000.099  000.099: sourcing /Users/indexxuan/.vim/bundle/vim-jsdoc/ftplugin/typescript/jsdoc.vim
423.259  000.092  000.092: sourcing /Users/indexxuan/.vim/bundle/typescript-vim/indent/typescript.vim
425.548  001.679  001.679: sourcing /Users/indexxuan/.vim/bundle/typescript-vim/syntax/typescript.vim
442.814  008.175  008.175: sourcing /Users/indexxuan/.vim/bundle/vim-fugitive/autoload/fugitive.vim
444.441  024.361: VimEnter autocommands
444.444  000.003: before starting main loop
458.746  014.302: first screen update
458.748  000.002: --- VIM STARTED ---


times in msec
 clock   self+sourced   self:  sourced script
 clock   elapsed:              other lines

000.007  000.007: --- VIM STARTING ---
000.142  000.135: Allocated generic buffers
000.545  000.403: locale set
000.551  000.006: clipboard setup
000.563  000.012: window checked
001.164  000.601: inits 1
001.379  000.215: parsing arguments
001.384  000.005: expanding arguments
005.151  003.767: shell init
005.560  000.409: Termcap init
005.582  000.022: inits 2
005.747  000.165: init highlight
008.729  002.014  002.014: sourcing /Users/indexxuan/.vim/autoload/plug.vim
011.919  000.033  000.033: sourcing /Users/indexxuan/.vim/bundle/typescript-vim/ftdetect/typescript.vim
012.306  000.026  000.026: sourcing /Users/indexxuan/.vim/bundle/vim-vue/ftdetect/vue.vim
021.298  007.345  007.345: sourcing /usr/local/share/vim/vim81/filetype.vim
021.528  000.060  000.060: sourcing /usr/local/share/vim/vim81/ftplugin.vim
021.726  000.048  000.048: sourcing /usr/local/share/vim/vim81/indent.vim
023.087  000.924  000.924: sourcing /usr/local/share/vim/vim81/syntax/syncolor.vim
023.206  001.203  000.279: sourcing /usr/local/share/vim/vim81/syntax/synload.vim
023.245  001.412  000.209: sourcing /usr/local/share/vim/vim81/syntax/syntax.vim
023.793  017.218  006.280: sourcing /Users/indexxuan/.vim/.vimrc.plugin
024.201  000.227  000.227: sourcing /usr/local/Cellar/vim/8.1.0250/share/vim/vim81/syntax/nosyntax.vim
024.698  000.193  000.193: sourcing /usr/local/share/vim/vim81/syntax/syncolor.vim
024.820  000.474  000.281: sourcing /usr/local/share/vim/vim81/syntax/synload.vim
024.859  000.973  000.272: sourcing /usr/local/share/vim/vim81/syntax/syntax.vim
025.385  000.193  000.193: sourcing /usr/local/share/vim/vim81/syntax/syncolor.vim
025.944  000.191  000.191: sourcing /usr/local/share/vim/vim81/syntax/syncolor.vim
026.498  000.193  000.193: sourcing /usr/local/share/vim/vim81/syntax/syncolor.vim
026.930  000.192  000.192: sourcing /usr/local/share/vim/vim81/syntax/syncolor.vim
027.559  002.081  001.505: sourcing /Users/indexxuan/.vim/colors/molokai.vim
028.177  022.047  001.582: sourcing $HOME/.vimrc
028.187  000.393: sourcing vimrc file(s)
043.357  014.775  014.775: sourcing /Users/indexxuan/.vim/bundle/vim-wakatime/plugin/wakatime.vim
043.931  000.288  000.288: sourcing /Users/indexxuan/.vim/bundle/lightline.vim/plugin/lightline.vim
044.588  000.239  000.239: sourcing /Users/indexxuan/.vim/bundle/coc.nvim/autoload/coc/rpc.vim
045.609  000.861  000.861: sourcing /Users/indexxuan/.vim/bundle/coc.nvim/autoload/coc/util.vim
299.109  000.401  000.401: sourcing /Users/indexxuan/.nvm/versions/node/v8.12.0/lib/node_modules/vim-node-rpc/autoload/nvim/rpc.vim
301.114  256.958  255.457: sourcing /Users/indexxuan/.vim/bundle/coc.nvim/plugin/coc.vim
302.214  000.099  000.099: sourcing /Users/indexxuan/.vim/bundle/vim-stay/autoload/stay/shim.vim
303.109  000.477  000.477: sourcing /Users/indexxuan/.vim/bundle/vim-stay/autoload/stay/integrate/fastfold.vim
303.183  001.794  001.218: sourcing /Users/indexxuan/.vim/bundle/vim-stay/plugin/stay.vim
303.825  000.380  000.380: sourcing /Users/indexxuan/.vim/bundle/open-browser.vim/plugin/openbrowser.vim
304.227  000.153  000.153: sourcing /Users/indexxuan/.vim/bundle/vim-fuzzysearch/plugin/fuzzysearch.vim
306.121  000.699  000.699: sourcing /Users/indexxuan/.vim/bundle/editorconfig-vim/plugin/editorconfig.vim
306.445  000.055  000.055: sourcing /Users/indexxuan/.vim/bundle/vim-snippets/plugin/vimsnippets.vim
307.275  000.100  000.100: sourcing /usr/local/share/vim/vim81/plugin/getscriptPlugin.vim
307.649  000.288  000.288: sourcing /usr/local/share/vim/vim81/plugin/gzip.vim
308.024  000.294  000.294: sourcing /usr/local/share/vim/vim81/plugin/logiPat.vim
308.176  000.068  000.068: sourcing /usr/local/share/vim/vim81/plugin/manpager.vim
308.513  000.259  000.259: sourcing /usr/local/share/vim/vim81/plugin/matchparen.vim
309.194  000.596  000.596: sourcing /usr/local/share/vim/vim81/plugin/netrwPlugin.vim
309.331  000.029  000.029: sourcing /usr/local/share/vim/vim81/plugin/rrhelper.vim
309.444  000.043  000.043: sourcing /usr/local/share/vim/vim81/plugin/spellfile.vim
309.723  000.186  000.186: sourcing /usr/local/share/vim/vim81/plugin/tarPlugin.vim
309.909  000.115  000.115: sourcing /usr/local/share/vim/vim81/plugin/tohtml.vim
310.176  000.199  000.199: sourcing /usr/local/share/vim/vim81/plugin/vimballPlugin.vim
310.484  000.219  000.219: sourcing /usr/local/share/vim/vim81/plugin/zipPlugin.vim
310.495  004.810: loading plugins
310.606  000.111: loading packages
310.653  000.047: loading after plugins
310.671  000.018: inits 3
311.083  000.412: reading viminfo
311.127  000.044: setting raw mode
311.133  000.006: start termcap
311.200  000.067: clearing screen
317.048  001.186  001.186: sourcing /Users/indexxuan/.vim/bundle/typescript-vim/syntax/typescript.vim
318.079  000.219  000.219: sourcing /Users/indexxuan/.vim/bundle/vim-run/plugin/run.vim
319.115  000.123  000.123: sourcing /Users/indexxuan/.vim/bundle/typescript-vim/compiler/typescript.vim
319.228  000.460  000.337: sourcing /Users/indexxuan/.vim/bundle/typescript-vim/ftplugin/typescript.vim
319.679  000.086  000.086: sourcing /Users/indexxuan/.vim/bundle/vim-jsdoc/ftplugin/typescript/jsdoc.vim
320.694  000.407  000.407: sourcing /Users/indexxuan/.vim/bundle/typescript-vim/indent/typescript.vim
321.531  000.096  000.096: sourcing /Users/indexxuan/.vim/bundle/typescript-vim/compiler/typescript.vim
321.627  000.418  000.322: sourcing /Users/indexxuan/.vim/bundle/typescript-vim/ftplugin/typescript.vim
321.982  000.058  000.058: sourcing /Users/indexxuan/.vim/bundle/vim-jsdoc/ftplugin/typescript/jsdoc.vim
322.572  000.053  000.053: sourcing /Users/indexxuan/.vim/bundle/typescript-vim/indent/typescript.vim
324.053  001.055  001.055: sourcing /Users/indexxuan/.vim/bundle/typescript-vim/syntax/typescript.vim
324.967  000.582  000.582: sourcing /Users/indexxuan/.vim/bundle/lightline.vim/autoload/lightline.vim
325.811  000.239  000.239: sourcing /Users/indexxuan/.vim/bundle/coc.nvim/autoload/coc.vim
326.174  000.068  000.068: sourcing /Users/indexxuan/.vim/bundle/lightline.vim/autoload/lightline/tab.vim
326.886  000.298  000.298: sourcing /Users/indexxuan/.vim/bundle/lightline.vim/autoload/lightline/colorscheme.vim
329.393  003.014  002.716: sourcing /Users/indexxuan/.vim/bundle/lightline.vim/autoload/lightline/colorscheme/powerline.vim
378.832  000.149  000.149: sourcing /Users/indexxuan/.vim/bundle/editorconfig-vim/autoload/editorconfig.vim
381.747  000.234  000.234: sourcing /Users/indexxuan/.vim/bundle/vim-stay/autoload/stay/win.vim
382.091  000.155  000.155: sourcing /Users/indexxuan/.vim/bundle/vim-stay/autoload/stay.vim
382.858  000.222  000.222: sourcing /Users/indexxuan/.vim/bundle/vim-stay/autoload/stay/view.vim
383.477  000.179  000.179: sourcing /Users/indexxuan/.vim/view/~=+workspace=+delivery=+app=+service=+app.ts=
396.944  076.960: opening buffers
398.258  001.314: BufEnter autocommands
398.262  000.004: editing files in windows
400.634  000.289  000.289: sourcing /Users/indexxuan/.vim/bundle/vim-gitgutter/autoload/gitgutter/utility.vim
401.297  000.178  000.178: sourcing /Users/indexxuan/.vim/bundle/vim-gitgutter/autoload/gitgutter/highlight.vim
402.236  002.318  001.851: sourcing /Users/indexxuan/.vim/bundle/vim-gitgutter/plugin/gitgutter.vim
403.718  000.034  000.034: sourcing /Users/indexxuan/.vim/bundle/vim-fugitive/ftdetect/fugitive.vim
404.595  000.495  000.495: sourcing /Users/indexxuan/.vim/bundle/vim-fugitive/plugin/fugitive.vim
406.756  000.295  000.295: sourcing /Users/indexxuan/.vim/bundle/ctrlp.vim/autoload/ctrlp/mrufiles.vim
406.966  000.843  000.548: sourcing /Users/indexxuan/.vim/bundle/ctrlp.vim/plugin/ctrlp.vim
409.087  000.281  000.281: sourcing /Users/indexxuan/.vim/bundle/ctrlsf.vim/autoload/ctrlsf/backend.vim
409.736  001.198  000.917: sourcing /Users/indexxuan/.vim/bundle/ctrlsf.vim/plugin/ctrlsf.vim
410.128  000.067  000.067: sourcing /Users/indexxuan/.vim/bundle/ctrlsf.vim/after/plugin/ctrlsf.vim
417.977  006.299  006.299: sourcing /Users/indexxuan/.vim/bundle/nerdcommenter/plugin/NERD_commenter.vim
422.277  000.117  000.117: sourcing /Users/indexxuan/.vim/bundle/typescript-vim/compiler/typescript.vim
422.443  000.670  000.553: sourcing /Users/indexxuan/.vim/bundle/typescript-vim/ftplugin/typescript.vim
422.863  000.084  000.084: sourcing /Users/indexxuan/.vim/bundle/vim-jsdoc/ftplugin/typescript/jsdoc.vim
423.625  000.072  000.072: sourcing /Users/indexxuan/.vim/bundle/typescript-vim/indent/typescript.vim
425.862  001.637  001.637: sourcing /Users/indexxuan/.vim/bundle/typescript-vim/syntax/typescript.vim
443.681  008.388  008.388: sourcing /Users/indexxuan/.vim/bundle/vim-fugitive/autoload/fugitive.vim
445.286  025.919: VimEnter autocommands
445.288  000.002: before starting main loop
460.611  015.323: first screen update
460.613  000.002: --- VIM STARTED ---


times in msec
 clock   self+sourced   self:  sourced script
 clock   elapsed:              other lines

000.031  000.031: --- VIM STARTING ---
000.178  000.147: Allocated generic buffers
000.561  000.383: locale set
000.566  000.005: clipboard setup
000.577  000.011: window checked
001.165  000.588: inits 1
001.385  000.220: parsing arguments
001.390  000.005: expanding arguments
005.165  003.775: shell init
005.647  000.482: Termcap init
005.680  000.033: inits 2
005.865  000.185: init highlight
008.847  002.282  002.282: sourcing /Users/indexxuan/.vim/autoload/plug.vim
014.114  000.050  000.050: sourcing /Users/indexxuan/.vim/bundle/typescript-vim/ftdetect/typescript.vim
014.602  000.038  000.038: sourcing /Users/indexxuan/.vim/bundle/vim-vue/ftdetect/vue.vim
023.553  007.563  007.563: sourcing /usr/local/share/vim/vim81/filetype.vim
023.825  000.076  000.076: sourcing /usr/local/share/vim/vim81/ftplugin.vim
024.091  000.071  000.071: sourcing /usr/local/share/vim/vim81/indent.vim
025.609  001.046  001.046: sourcing /usr/local/share/vim/vim81/syntax/syncolor.vim
025.767  001.372  000.326: sourcing /usr/local/share/vim/vim81/syntax/synload.vim
025.819  001.595  000.223: sourcing /usr/local/share/vim/vim81/syntax/syntax.vim
026.433  019.984  008.309: sourcing /Users/indexxuan/.vim/.vimrc.plugin
027.162  000.471  000.471: sourcing /usr/local/Cellar/vim/8.1.0250/share/vim/vim81/syntax/nosyntax.vim
027.748  000.209  000.209: sourcing /usr/local/share/vim/vim81/syntax/syncolor.vim
027.896  000.549  000.340: sourcing /usr/local/share/vim/vim81/syntax/synload.vim
027.939  001.367  000.347: sourcing /usr/local/share/vim/vim81/syntax/syntax.vim
028.534  000.203  000.203: sourcing /usr/local/share/vim/vim81/syntax/syncolor.vim
029.171  000.193  000.193: sourcing /usr/local/share/vim/vim81/syntax/syncolor.vim
029.763  000.205  000.205: sourcing /usr/local/share/vim/vim81/syntax/syncolor.vim
030.257  000.212  000.212: sourcing /usr/local/share/vim/vim81/syntax/syncolor.vim
031.033  002.378  001.768: sourcing /Users/indexxuan/.vim/colors/molokai.vim
031.735  025.577  001.645: sourcing $HOME/.vimrc
031.749  000.307: sourcing vimrc file(s)
047.308  015.070  015.070: sourcing /Users/indexxuan/.vim/bundle/vim-wakatime/plugin/wakatime.vim
047.775  000.237  000.237: sourcing /Users/indexxuan/.vim/bundle/lightline.vim/plugin/lightline.vim
048.277  000.179  000.179: sourcing /Users/indexxuan/.vim/bundle/coc.nvim/autoload/coc/rpc.vim
049.061  000.671  000.671: sourcing /Users/indexxuan/.vim/bundle/coc.nvim/autoload/coc/util.vim
296.001  000.334  000.334: sourcing /Users/indexxuan/.nvm/versions/node/v8.12.0/lib/node_modules/vim-node-rpc/autoload/nvim/rpc.vim
298.199  250.252  249.068: sourcing /Users/indexxuan/.vim/bundle/coc.nvim/plugin/coc.vim
299.156  000.100  000.100: sourcing /Users/indexxuan/.vim/bundle/vim-stay/autoload/stay/shim.vim
299.946  000.379  000.379: sourcing /Users/indexxuan/.vim/bundle/vim-stay/autoload/stay/integrate/fastfold.vim
300.016  001.539  001.060: sourcing /Users/indexxuan/.vim/bundle/vim-stay/plugin/stay.vim
300.537  000.304  000.304: sourcing /Users/indexxuan/.vim/bundle/open-browser.vim/plugin/openbrowser.vim
300.906  000.149  000.149: sourcing /Users/indexxuan/.vim/bundle/vim-fuzzysearch/plugin/fuzzysearch.vim
302.854  000.615  000.615: sourcing /Users/indexxuan/.vim/bundle/editorconfig-vim/plugin/editorconfig.vim
303.166  000.063  000.063: sourcing /Users/indexxuan/.vim/bundle/vim-snippets/plugin/vimsnippets.vim
303.966  000.100  000.100: sourcing /usr/local/share/vim/vim81/plugin/getscriptPlugin.vim
304.345  000.288  000.288: sourcing /usr/local/share/vim/vim81/plugin/gzip.vim
304.733  000.296  000.296: sourcing /usr/local/share/vim/vim81/plugin/logiPat.vim
304.881  000.054  000.054: sourcing /usr/local/share/vim/vim81/plugin/manpager.vim
305.193  000.232  000.232: sourcing /usr/local/share/vim/vim81/plugin/matchparen.vim
305.914  000.638  000.638: sourcing /usr/local/share/vim/vim81/plugin/netrwPlugin.vim
306.103  000.043  000.043: sourcing /usr/local/share/vim/vim81/plugin/rrhelper.vim
306.242  000.050  000.050: sourcing /usr/local/share/vim/vim81/plugin/spellfile.vim
306.583  000.242  000.242: sourcing /usr/local/share/vim/vim81/plugin/tarPlugin.vim
306.779  000.124  000.124: sourcing /usr/local/share/vim/vim81/plugin/tohtml.vim
307.049  000.201  000.201: sourcing /usr/local/share/vim/vim81/plugin/vimballPlugin.vim
307.357  000.219  000.219: sourcing /usr/local/share/vim/vim81/plugin/zipPlugin.vim
307.368  004.903: loading plugins
307.486  000.118: loading packages
307.530  000.044: loading after plugins
307.548  000.018: inits 3
307.962  000.414: reading viminfo
308.009  000.047: setting raw mode
308.016  000.007: start termcap
308.078  000.062: clearing screen
314.018  001.186  001.186: sourcing /Users/indexxuan/.vim/bundle/typescript-vim/syntax/typescript.vim
315.017  000.263  000.263: sourcing /Users/indexxuan/.vim/bundle/vim-run/plugin/run.vim
315.990  000.093  000.093: sourcing /Users/indexxuan/.vim/bundle/typescript-vim/compiler/typescript.vim
316.100  000.400  000.307: sourcing /Users/indexxuan/.vim/bundle/typescript-vim/ftplugin/typescript.vim
316.469  000.071  000.071: sourcing /Users/indexxuan/.vim/bundle/vim-jsdoc/ftplugin/typescript/jsdoc.vim
317.453  000.402  000.402: sourcing /Users/indexxuan/.vim/bundle/typescript-vim/indent/typescript.vim
318.199  000.079  000.079: sourcing /Users/indexxuan/.vim/bundle/typescript-vim/compiler/typescript.vim
318.298  000.355  000.276: sourcing /Users/indexxuan/.vim/bundle/typescript-vim/ftplugin/typescript.vim
318.643  000.059  000.059: sourcing /Users/indexxuan/.vim/bundle/vim-jsdoc/ftplugin/typescript/jsdoc.vim
319.238  000.054  000.054: sourcing /Users/indexxuan/.vim/bundle/typescript-vim/indent/typescript.vim
320.719  001.049  001.049: sourcing /Users/indexxuan/.vim/bundle/typescript-vim/syntax/typescript.vim
321.622  000.576  000.576: sourcing /Users/indexxuan/.vim/bundle/lightline.vim/autoload/lightline.vim
322.461  000.234  000.234: sourcing /Users/indexxuan/.vim/bundle/coc.nvim/autoload/coc.vim
322.827  000.072  000.072: sourcing /Users/indexxuan/.vim/bundle/lightline.vim/autoload/lightline/tab.vim
323.516  000.279  000.279: sourcing /Users/indexxuan/.vim/bundle/lightline.vim/autoload/lightline/colorscheme.vim
325.974  002.947  002.668: sourcing /Users/indexxuan/.vim/bundle/lightline.vim/autoload/lightline/colorscheme/powerline.vim
378.308  000.137  000.137: sourcing /Users/indexxuan/.vim/bundle/editorconfig-vim/autoload/editorconfig.vim
381.246  000.257  000.257: sourcing /Users/indexxuan/.vim/bundle/vim-stay/autoload/stay/win.vim
381.596  000.170  000.170: sourcing /Users/indexxuan/.vim/bundle/vim-stay/autoload/stay.vim
382.391  000.238  000.238: sourcing /Users/indexxuan/.vim/bundle/vim-stay/autoload/stay/view.vim
382.990  000.181  000.181: sourcing /Users/indexxuan/.vim/view/~=+workspace=+delivery=+app=+service=+app.ts=
396.417  079.688: opening buffers
397.770  001.353: BufEnter autocommands
397.773  000.003: editing files in windows
400.061  000.265  000.265: sourcing /Users/indexxuan/.vim/bundle/vim-gitgutter/autoload/gitgutter/utility.vim
400.756  000.177  000.177: sourcing /Users/indexxuan/.vim/bundle/vim-gitgutter/autoload/gitgutter/highlight.vim
401.671  002.274  001.832: sourcing /Users/indexxuan/.vim/bundle/vim-gitgutter/plugin/gitgutter.vim
403.167  000.054  000.054: sourcing /Users/indexxuan/.vim/bundle/vim-fugitive/ftdetect/fugitive.vim
404.049  000.411  000.411: sourcing /Users/indexxuan/.vim/bundle/vim-fugitive/plugin/fugitive.vim
406.193  000.295  000.295: sourcing /Users/indexxuan/.vim/bundle/ctrlp.vim/autoload/ctrlp/mrufiles.vim
406.394  000.829  000.534: sourcing /Users/indexxuan/.vim/bundle/ctrlp.vim/plugin/ctrlp.vim
408.560  000.320  000.320: sourcing /Users/indexxuan/.vim/bundle/ctrlsf.vim/autoload/ctrlsf/backend.vim
409.234  001.263  000.943: sourcing /Users/indexxuan/.vim/bundle/ctrlsf.vim/plugin/ctrlsf.vim
409.736  000.085  000.085: sourcing /Users/indexxuan/.vim/bundle/ctrlsf.vim/after/plugin/ctrlsf.vim
417.957  006.437  006.437: sourcing /Users/indexxuan/.vim/bundle/nerdcommenter/plugin/NERD_commenter.vim
421.567  000.100  000.100: sourcing /Users/indexxuan/.vim/bundle/typescript-vim/compiler/typescript.vim
421.738  000.512  000.412: sourcing /Users/indexxuan/.vim/bundle/typescript-vim/ftplugin/typescript.vim
422.285  000.098  000.098: sourcing /Users/indexxuan/.vim/bundle/vim-jsdoc/ftplugin/typescript/jsdoc.vim
423.185  000.089  000.089: sourcing /Users/indexxuan/.vim/bundle/typescript-vim/indent/typescript.vim
425.382  001.594  001.594: sourcing /Users/indexxuan/.vim/bundle/typescript-vim/syntax/typescript.vim
440.393  006.116  006.116: sourcing /Users/indexxuan/.vim/bundle/vim-fugitive/autoload/fugitive.vim
441.994  024.459: VimEnter autocommands
441.997  000.003: before starting main loop
456.167  014.170: first screen update
456.169  000.002: --- VIM STARTED ---


times in msec
 clock   self+sourced   self:  sourced script
 clock   elapsed:              other lines

000.007  000.007: --- VIM STARTING ---
000.138  000.131: Allocated generic buffers
000.512  000.374: locale set
000.517  000.005: clipboard setup
000.528  000.011: window checked
001.118  000.590: inits 1
001.340  000.222: parsing arguments
001.345  000.005: expanding arguments
005.210  003.865: shell init
005.636  000.426: Termcap init
005.658  000.022: inits 2
005.825  000.167: init highlight
008.685  001.999  001.999: sourcing /Users/indexxuan/.vim/autoload/plug.vim
011.792  000.028  000.028: sourcing /Users/indexxuan/.vim/bundle/typescript-vim/ftdetect/typescript.vim
012.183  000.025  000.025: sourcing /Users/indexxuan/.vim/bundle/vim-vue/ftdetect/vue.vim
021.087  007.618  007.618: sourcing /usr/local/share/vim/vim81/filetype.vim
021.377  000.079  000.079: sourcing /usr/local/share/vim/vim81/ftplugin.vim
021.611  000.068  000.068: sourcing /usr/local/share/vim/vim81/indent.vim
023.056  000.953  000.953: sourcing /usr/local/share/vim/vim81/syntax/syncolor.vim
023.186  001.254  000.301: sourcing /usr/local/share/vim/vim81/syntax/synload.vim
023.225  001.490  000.236: sourcing /usr/local/share/vim/vim81/syntax/syntax.vim
023.793  017.234  005.927: sourcing /Users/indexxuan/.vim/.vimrc.plugin
024.314  000.333  000.333: sourcing /usr/local/Cellar/vim/8.1.0250/share/vim/vim81/syntax/nosyntax.vim
024.820  000.194  000.194: sourcing /usr/local/share/vim/vim81/syntax/syncolor.vim
024.938  000.474  000.280: sourcing /usr/local/share/vim/vim81/syntax/synload.vim
024.976  001.086  000.279: sourcing /usr/local/share/vim/vim81/syntax/syntax.vim
025.517  000.194  000.194: sourcing /usr/local/share/vim/vim81/syntax/syncolor.vim
026.085  000.197  000.197: sourcing /usr/local/share/vim/vim81/syntax/syncolor.vim
026.630  000.192  000.192: sourcing /usr/local/share/vim/vim81/syntax/syncolor.vim
027.059  000.193  000.193: sourcing /usr/local/share/vim/vim81/syntax/syncolor.vim
027.692  002.081  001.499: sourcing /Users/indexxuan/.vim/colors/molokai.vim
028.317  022.085  001.490: sourcing $HOME/.vimrc
028.328  000.418: sourcing vimrc file(s)
038.016  009.365  009.365: sourcing /Users/indexxuan/.vim/bundle/vim-wakatime/plugin/wakatime.vim
038.482  000.204  000.204: sourcing /Users/indexxuan/.vim/bundle/lightline.vim/plugin/lightline.vim
039.099  000.196  000.196: sourcing /Users/indexxuan/.vim/bundle/coc.nvim/autoload/coc/rpc.vim
040.183  000.954  000.954: sourcing /Users/indexxuan/.vim/bundle/coc.nvim/autoload/coc/util.vim
294.264  000.278  000.278: sourcing /Users/indexxuan/.nvm/versions/node/v8.12.0/lib/node_modules/vim-node-rpc/autoload/nvim/rpc.vim
296.222  257.508  256.080: sourcing /Users/indexxuan/.vim/bundle/coc.nvim/plugin/coc.vim
297.386  000.108  000.108: sourcing /Users/indexxuan/.vim/bundle/vim-stay/autoload/stay/shim.vim
298.232  000.438  000.438: sourcing /Users/indexxuan/.vim/bundle/vim-stay/autoload/stay/integrate/fastfold.vim
298.312  001.774  001.228: sourcing /Users/indexxuan/.vim/bundle/vim-stay/plugin/stay.vim
298.946  000.366  000.366: sourcing /Users/indexxuan/.vim/bundle/open-browser.vim/plugin/openbrowser.vim
299.340  000.150  000.150: sourcing /Users/indexxuan/.vim/bundle/vim-fuzzysearch/plugin/fuzzysearch.vim
301.303  000.707  000.707: sourcing /Users/indexxuan/.vim/bundle/editorconfig-vim/plugin/editorconfig.vim
301.612  000.063  000.063: sourcing /Users/indexxuan/.vim/bundle/vim-snippets/plugin/vimsnippets.vim
302.410  000.085  000.085: sourcing /usr/local/share/vim/vim81/plugin/getscriptPlugin.vim
302.810  000.334  000.334: sourcing /usr/local/share/vim/vim81/plugin/gzip.vim
303.166  000.290  000.290: sourcing /usr/local/share/vim/vim81/plugin/logiPat.vim
303.281  000.046  000.046: sourcing /usr/local/share/vim/vim81/plugin/manpager.vim
303.564  000.223  000.223: sourcing /usr/local/share/vim/vim81/plugin/matchparen.vim
304.386  000.757  000.757: sourcing /usr/local/share/vim/vim81/plugin/netrwPlugin.vim
304.505  000.034  000.034: sourcing /usr/local/share/vim/vim81/plugin/rrhelper.vim
304.629  000.044  000.044: sourcing /usr/local/share/vim/vim81/plugin/spellfile.vim
304.966  000.242  000.242: sourcing /usr/local/share/vim/vim81/plugin/tarPlugin.vim
305.156  000.119  000.119: sourcing /usr/local/share/vim/vim81/plugin/tohtml.vim
305.474  000.248  000.248: sourcing /usr/local/share/vim/vim81/plugin/vimballPlugin.vim
305.827  000.266  000.266: sourcing /usr/local/share/vim/vim81/plugin/zipPlugin.vim
305.839  004.686: loading plugins
305.954  000.115: loading packages
305.999  000.045: loading after plugins
306.018  000.019: inits 3
306.442  000.424: reading viminfo
306.491  000.049: setting raw mode
306.498  000.007: start termcap
306.564  000.066: clearing screen
312.555  001.195  001.195: sourcing /Users/indexxuan/.vim/bundle/typescript-vim/syntax/typescript.vim
313.649  000.315  000.315: sourcing /Users/indexxuan/.vim/bundle/vim-run/plugin/run.vim
314.695  000.106  000.106: sourcing /Users/indexxuan/.vim/bundle/typescript-vim/compiler/typescript.vim
314.806  000.457  000.351: sourcing /Users/indexxuan/.vim/bundle/typescript-vim/ftplugin/typescript.vim
315.276  000.082  000.082: sourcing /Users/indexxuan/.vim/bundle/vim-jsdoc/ftplugin/typescript/jsdoc.vim
316.316  000.403  000.403: sourcing /Users/indexxuan/.vim/bundle/typescript-vim/indent/typescript.vim
317.124  000.097  000.097: sourcing /Users/indexxuan/.vim/bundle/typescript-vim/compiler/typescript.vim
317.221  000.400  000.303: sourcing /Users/indexxuan/.vim/bundle/typescript-vim/ftplugin/typescript.vim
317.615  000.063  000.063: sourcing /Users/indexxuan/.vim/bundle/vim-jsdoc/ftplugin/typescript/jsdoc.vim
318.218  000.054  000.054: sourcing /Users/indexxuan/.vim/bundle/typescript-vim/indent/typescript.vim
319.694  001.046  001.046: sourcing /Users/indexxuan/.vim/bundle/typescript-vim/syntax/typescript.vim
320.604  000.586  000.586: sourcing /Users/indexxuan/.vim/bundle/lightline.vim/autoload/lightline.vim
321.449  000.238  000.238: sourcing /Users/indexxuan/.vim/bundle/coc.nvim/autoload/coc.vim
321.815  000.072  000.072: sourcing /Users/indexxuan/.vim/bundle/lightline.vim/autoload/lightline/tab.vim
322.506  000.282  000.282: sourcing /Users/indexxuan/.vim/bundle/lightline.vim/autoload/lightline/colorscheme.vim
324.970  002.954  002.672: sourcing /Users/indexxuan/.vim/bundle/lightline.vim/autoload/lightline/colorscheme/powerline.vim
373.766  000.108  000.108: sourcing /Users/indexxuan/.vim/bundle/editorconfig-vim/autoload/editorconfig.vim
376.423  000.240  000.240: sourcing /Users/indexxuan/.vim/bundle/vim-stay/autoload/stay/win.vim
376.798  000.169  000.169: sourcing /Users/indexxuan/.vim/bundle/vim-stay/autoload/stay.vim
377.594  000.235  000.235: sourcing /Users/indexxuan/.vim/bundle/vim-stay/autoload/stay/view.vim
378.270  000.202  000.202: sourcing /Users/indexxuan/.vim/view/~=+workspace=+delivery=+app=+service=+app.ts=
391.703  076.320: opening buffers
393.001  001.298: BufEnter autocommands
393.005  000.004: editing files in windows
395.368  000.291  000.291: sourcing /Users/indexxuan/.vim/bundle/vim-gitgutter/autoload/gitgutter/utility.vim
396.021  000.189  000.189: sourcing /Users/indexxuan/.vim/bundle/vim-gitgutter/autoload/gitgutter/highlight.vim
396.918  002.264  001.784: sourcing /Users/indexxuan/.vim/bundle/vim-gitgutter/plugin/gitgutter.vim
398.451  000.052  000.052: sourcing /Users/indexxuan/.vim/bundle/vim-fugitive/ftdetect/fugitive.vim
399.243  000.391  000.391: sourcing /Users/indexxuan/.vim/bundle/vim-fugitive/plugin/fugitive.vim
401.402  000.293  000.293: sourcing /Users/indexxuan/.vim/bundle/ctrlp.vim/autoload/ctrlp/mrufiles.vim
401.624  000.861  000.568: sourcing /Users/indexxuan/.vim/bundle/ctrlp.vim/plugin/ctrlp.vim
403.750  000.278  000.278: sourcing /Users/indexxuan/.vim/bundle/ctrlsf.vim/autoload/ctrlsf/backend.vim
404.406  001.209  000.931: sourcing /Users/indexxuan/.vim/bundle/ctrlsf.vim/plugin/ctrlsf.vim
404.794  000.065  000.065: sourcing /Users/indexxuan/.vim/bundle/ctrlsf.vim/after/plugin/ctrlsf.vim
412.424  006.078  006.078: sourcing /Users/indexxuan/.vim/bundle/nerdcommenter/plugin/NERD_commenter.vim
416.129  000.107  000.107: sourcing /Users/indexxuan/.vim/bundle/typescript-vim/compiler/typescript.vim
416.376  000.617  000.510: sourcing /Users/indexxuan/.vim/bundle/typescript-vim/ftplugin/typescript.vim
416.887  000.094  000.094: sourcing /Users/indexxuan/.vim/bundle/vim-jsdoc/ftplugin/typescript/jsdoc.vim
417.633  000.068  000.068: sourcing /Users/indexxuan/.vim/bundle/typescript-vim/indent/typescript.vim
420.063  001.846  001.846: sourcing /Users/indexxuan/.vim/bundle/typescript-vim/syntax/typescript.vim
435.948  008.252  008.252: sourcing /Users/indexxuan/.vim/bundle/vim-fugitive/autoload/fugitive.vim
437.977  023.175: VimEnter autocommands
437.980  000.003: before starting main loop
454.504  016.524: first screen update
454.507  000.003: --- VIM STARTED ---
