

times in msec
 clock   self+sourced   self:  sourced script
 clock   elapsed:              other lines

000.010  000.010: --- NVIM STARTING ---
000.711  000.701: locale set
001.302  000.591: inits 1
001.330  000.029: window checked
001.903  000.572: parsing arguments
002.160  000.258: expanding arguments
002.269  000.109: inits 2
002.767  000.498: init highlight
005.929  002.152  002.152: sourcing /Users/indexxuan/.local/share/nvim/site/autoload/plug.vim
021.181  000.045  000.045: sourcing /Users/indexxuan/.vim/plugged/vim-editorconfig/ftdetect/editorconfig.vim
021.446  000.030  000.030: sourcing /Users/indexxuan/.vim/plugged/typescript-vim/ftdetect/typescript.vim
021.599  000.028  000.028: sourcing /Users/indexxuan/.vim/plugged/vim-vue/ftdetect/vue.vim
021.771  008.829  008.726: sourcing /Users/indexxuan/nvim-osx64/share/nvim/runtime/filetype.vim
022.023  000.059  000.059: sourcing /Users/indexxuan/nvim-osx64/share/nvim/runtime/ftplugin.vim
022.259  000.049  000.049: sourcing /Users/indexxuan/nvim-osx64/share/nvim/runtime/indent.vim
023.050  000.294  000.294: sourcing /Users/indexxuan/nvim-osx64/share/nvim/runtime/syntax/syncolor.vim
023.183  000.609  000.314: sourcing /Users/indexxuan/nvim-osx64/share/nvim/runtime/syntax/synload.vim
023.227  000.838  000.230: sourcing /Users/indexxuan/nvim-osx64/share/nvim/runtime/syntax/syntax.vim
023.908  000.506  000.506: sourcing /Users/indexxuan/.vim/plugged/vim-startify/autoload/startify/fortune.vim
025.035  021.416  008.983: sourcing /Users/indexxuan/.vim/.vimrc.plug
025.808  000.195  000.195: sourcing /Users/indexxuan/nvim-osx64/share/nvim/runtime/syntax/syncolor.vim
026.808  000.181  000.181: sourcing /Users/indexxuan/nvim-osx64/share/nvim/runtime/syntax/syncolor.vim
027.756  000.191  000.191: sourcing /Users/indexxuan/nvim-osx64/share/nvim/runtime/syntax/syncolor.vim
028.407  000.192  000.192: sourcing /Users/indexxuan/nvim-osx64/share/nvim/runtime/syntax/syncolor.vim
029.026  002.882  002.318: sourcing /Users/indexxuan/.vim/plugged/vim-colorschemes/colors/molokai.vim
029.623  000.223  000.223: sourcing /Users/indexxuan/nvim-osx64/share/nvim/runtime/autoload/provider/clipboard.vim
030.106  026.775  002.059: sourcing /Users/indexxuan/.config/nvim/init.vim
030.117  000.575: sourcing vimrc file(s)
039.288  008.837  008.837: sourcing /Users/indexxuan/.vim/plugged/vim-wakatime/plugin/wakatime.vim
039.844  000.185  000.185: sourcing /Users/indexxuan/.vim/plugged/coc.nvim/autoload/coc/rpc.vim
040.679  000.711  000.711: sourcing /Users/indexxuan/.vim/plugged/coc.nvim/autoload/coc/util.vim
041.186  000.223  000.223: sourcing /Users/indexxuan/.vim/plugged/coc.nvim/autoload/coc/client.vim
043.517  004.014  002.895: sourcing /Users/indexxuan/.vim/plugged/coc.nvim/plugin/coc.vim
044.382  000.102  000.102: sourcing /Users/indexxuan/.vim/plugged/vim-stay/autoload/stay/shim.vim
045.630  000.694  000.694: sourcing /Users/indexxuan/.vim/plugged/vim-stay/autoload/stay/integrate/fastfold.vim
045.736  001.990  001.194: sourcing /Users/indexxuan/.vim/plugged/vim-stay/plugin/stay.vim
046.094  000.151  000.151: sourcing /Users/indexxuan/.vim/plugged/vim-editorconfig/plugin/editorconfig.vim
046.951  000.651  000.651: sourcing /Users/indexxuan/.vim/plugged/vim-surround/plugin/surround.vim
047.558  000.178  000.178: sourcing /Users/indexxuan/.vim/plugged/vim-startify/plugin/startify.vim
050.106  000.025  000.025: sourcing /Users/indexxuan/.vim/plugged/vim-devicons/autoload/devicons/plugins/startify.vim
050.146  002.381  002.356: sourcing /Users/indexxuan/.vim/plugged/vim-devicons/plugin/webdevicons.vim
055.344  004.985  004.985: sourcing /Users/indexxuan/.vim/plugged/nerdcommenter/plugin/NERD_commenter.vim
056.482  000.407  000.407: sourcing /Users/indexxuan/nvim-osx64/share/nvim/runtime/plugin/gzip.vim
056.572  000.020  000.020: sourcing /Users/indexxuan/nvim-osx64/share/nvim/runtime/plugin/health.vim
056.728  000.093  000.093: sourcing /Users/indexxuan/nvim-osx64/share/nvim/runtime/plugin/man.vim
057.555  000.761  000.761: sourcing /Users/indexxuan/nvim-osx64/share/nvim/runtime/plugin/matchit.vim
057.893  000.228  000.228: sourcing /Users/indexxuan/nvim-osx64/share/nvim/runtime/plugin/matchparen.vim
058.539  000.533  000.533: sourcing /Users/indexxuan/nvim-osx64/share/nvim/runtime/plugin/netrwPlugin.vim
058.844  000.212  000.212: sourcing /Users/indexxuan/nvim-osx64/share/nvim/runtime/plugin/rplugin.vim
059.060  000.135  000.135: sourcing /Users/indexxuan/nvim-osx64/share/nvim/runtime/plugin/shada.vim
059.182  000.034  000.034: sourcing /Users/indexxuan/nvim-osx64/share/nvim/runtime/plugin/spellfile.vim
059.424  000.164  000.164: sourcing /Users/indexxuan/nvim-osx64/share/nvim/runtime/plugin/tarPlugin.vim
059.606  000.106  000.106: sourcing /Users/indexxuan/nvim-osx64/share/nvim/runtime/plugin/tohtml.vim
059.711  000.032  000.032: sourcing /Users/indexxuan/nvim-osx64/share/nvim/runtime/plugin/tutor.vim
060.004  000.211  000.211: sourcing /Users/indexxuan/nvim-osx64/share/nvim/runtime/plugin/zipPlugin.vim
060.035  003.795: loading plugins
060.164  000.129: loading packages
060.228  000.064: loading after plugins
060.244  000.016: inits 3
063.353  003.109: reading ShaDa
066.772  003.419: clearing screen
074.407  000.141  000.141: sourcing /Users/indexxuan/nvim-osx64/share/nvim/runtime/ftplugin/xml.vim
075.149  000.152  000.152: sourcing /Users/indexxuan/nvim-osx64/share/nvim/runtime/indent/xml.vim
076.837  000.313  000.313: sourcing /Users/indexxuan/nvim-osx64/share/nvim/runtime/syntax/dtd.vim
076.942  001.179  000.866: sourcing /Users/indexxuan/nvim-osx64/share/nvim/runtime/syntax/xml.vim
078.027  000.082  000.082: sourcing /Users/indexxuan/.vim/plugged/typescript-vim/compiler/typescript.vim
078.125  000.348  000.266: sourcing /Users/indexxuan/.vim/plugged/typescript-vim/ftplugin/typescript.vim
078.465  000.057  000.057: sourcing /Users/indexxuan/.vim/plugged/vim-jsdoc/ftplugin/typescript/jsdoc.vim
079.348  000.316  000.316: sourcing /Users/indexxuan/.vim/plugged/typescript-vim/indent/typescript.vim
080.984  001.260  001.260: sourcing /Users/indexxuan/.vim/plugged/typescript-vim/syntax/typescript.vim
081.793  000.261  000.261: sourcing /Users/indexxuan/.vim/plugged/vim-editorconfig/autoload/editorconfig.vim
083.746  000.041  000.041: sourcing /Users/indexxuan/.vim/plugged/vim-editorconfig/autoload/editorconfig/root.vim
083.957  000.058  000.058: sourcing /Users/indexxuan/.vim/plugged/vim-editorconfig/autoload/editorconfig/insert_final_newline.vim
084.148  000.041  000.041: sourcing /Users/indexxuan/.vim/plugged/vim-editorconfig/autoload/editorconfig/end_of_line.vim
084.376  000.082  000.082: sourcing /Users/indexxuan/.vim/plugged/vim-editorconfig/autoload/editorconfig/charset.vim
084.633  000.057  000.057: sourcing /Users/indexxuan/.vim/plugged/vim-editorconfig/autoload/editorconfig/indent_style.vim
084.820  000.035  000.035: sourcing /Users/indexxuan/.vim/plugged/vim-editorconfig/autoload/editorconfig/indent_size.vim
085.017  000.045  000.045: sourcing /Users/indexxuan/.vim/plugged/vim-editorconfig/autoload/editorconfig/trim_trailing_whitespace.vim
085.192  000.031  000.031: sourcing /Users/indexxuan/.vim/plugged/vim-editorconfig/autoload/editorconfig/tab_width.vim
085.684  000.180  000.180: sourcing /Users/indexxuan/.vim/plugged/vim-stay/autoload/stay/win.vim
085.930  000.112  000.112: sourcing /Users/indexxuan/.vim/plugged/vim-stay/autoload/stay.vim
086.434  000.146  000.146: sourcing /Users/indexxuan/.vim/plugged/vim-stay/autoload/stay/view.vim
087.011  000.186  000.186: sourcing /Users/indexxuan/.local/share/nvim/view/~=+workspace=+delivery=+app=+service=+app.ts=
087.284  015.787: opening buffers
088.515  001.231: BufEnter autocommands
088.524  000.009: editing files in windows
092.063  003.540: VimEnter autocommands
092.068  000.004: before starting main loop
098.173  006.105: first screen update
098.176  000.003: --- NVIM STARTED ---
