
times in msec
 clock   self+sourced   self:  sourced script
 clock   elapsed:              other lines

000.009  000.009: --- NVIM STARTING ---
000.720  000.711: locale set
001.261  000.541: inits 1
001.285  000.023: window checked
001.689  000.404: parsing arguments
001.940  000.251: expanding arguments
002.031  000.091: inits 2
002.557  000.526: init highlight
005.771  002.203  002.203: sourcing /Users/indexxuan/.local/share/nvim/site/autoload/plug.vim
021.491  000.048  000.048: sourcing /Users/indexxuan/.vim/plugged/typescript-vim/ftdetect/typescript.vim
021.686  000.030  000.030: sourcing /Users/indexxuan/.vim/plugged/vim-vue/ftdetect/vue.vim
021.858  007.889  007.811: sourcing /Users/indexxuan/nvim-osx64/share/nvim/runtime/filetype.vim
022.102  000.061  000.061: sourcing /Users/indexxuan/nvim-osx64/share/nvim/runtime/ftplugin.vim
022.321  000.053  000.053: sourcing /Users/indexxuan/nvim-osx64/share/nvim/runtime/indent.vim
023.092  000.292  000.292: sourcing /Users/indexxuan/nvim-osx64/share/nvim/runtime/syntax/syncolor.vim
023.225  000.582  000.290: sourcing /Users/indexxuan/nvim-osx64/share/nvim/runtime/syntax/synload.vim
023.271  000.791  000.209: sourcing /Users/indexxuan/nvim-osx64/share/nvim/runtime/syntax/syntax.vim
024.695  021.281  010.284: sourcing /Users/indexxuan/wow-my-dotfiles/.plug.vim
025.429  000.215  000.215: sourcing /Users/indexxuan/nvim-osx64/share/nvim/runtime/syntax/syncolor.vim
026.513  000.196  000.196: sourcing /Users/indexxuan/nvim-osx64/share/nvim/runtime/syntax/syncolor.vim
027.426  000.200  000.200: sourcing /Users/indexxuan/nvim-osx64/share/nvim/runtime/syntax/syncolor.vim
028.038  000.194  000.194: sourcing /Users/indexxuan/nvim-osx64/share/nvim/runtime/syntax/syncolor.vim
028.600  002.768  002.177: sourcing /Users/indexxuan/wow-my-dotfiles/colors/molokai.vim
029.299  000.223  000.223: sourcing /Users/indexxuan/nvim-osx64/share/nvim/runtime/autoload/provider/clipboard.vim
029.792  026.683  002.197: sourcing /Users/indexxuan/.config/nvim/init.vim
029.806  000.565: sourcing vimrc file(s)
030.432  000.141  000.141: sourcing /Users/indexxuan/.vim/plugged/coc.nvim/autoload/coc/rpc.vim
031.257  000.703  000.703: sourcing /Users/indexxuan/.vim/plugged/coc.nvim/autoload/coc/util.vim
031.717  000.229  000.229: sourcing /Users/indexxuan/.vim/plugged/coc.nvim/autoload/coc/client.vim
034.261  004.106  003.033: sourcing /Users/indexxuan/.vim/plugged/coc.nvim/plugin/coc.vim
035.102  000.093  000.093: sourcing /Users/indexxuan/.vim/plugged/vim-stay/autoload/stay/shim.vim
036.038  000.586  000.586: sourcing /Users/indexxuan/.vim/plugged/vim-stay/autoload/stay/integrate/fastfold.vim
036.147  001.646  000.966: sourcing /Users/indexxuan/.vim/plugged/vim-stay/plugin/stay.vim
036.883  000.285  000.285: sourcing /Users/indexxuan/.vim/plugged/ctrlp.vim/autoload/ctrlp/mrufiles.vim
037.062  000.694  000.409: sourcing /Users/indexxuan/.vim/plugged/ctrlp.vim/plugin/ctrlp.vim
037.768  000.026  000.026: sourcing /Users/indexxuan/nvim-osx64/share/nvim/runtime/plugin/gzip.vim
037.866  000.021  000.021: sourcing /Users/indexxuan/nvim-osx64/share/nvim/runtime/plugin/health.vim
037.966  000.022  000.022: sourcing /Users/indexxuan/nvim-osx64/share/nvim/runtime/plugin/man.vim
038.076  000.035  000.035: sourcing /Users/indexxuan/nvim-osx64/share/nvim/runtime/plugin/matchit.vim
038.176  000.025  000.025: sourcing /Users/indexxuan/nvim-osx64/share/nvim/runtime/plugin/matchparen.vim
038.279  000.029  000.029: sourcing /Users/indexxuan/nvim-osx64/share/nvim/runtime/plugin/netrwPlugin.vim
038.563  000.210  000.210: sourcing /Users/indexxuan/nvim-osx64/share/nvim/runtime/plugin/rplugin.vim
038.663  000.020  000.020: sourcing /Users/indexxuan/nvim-osx64/share/nvim/runtime/plugin/shada.vim
038.757  000.018  000.018: sourcing /Users/indexxuan/nvim-osx64/share/nvim/runtime/plugin/spellfile.vim
038.854  000.024  000.024: sourcing /Users/indexxuan/nvim-osx64/share/nvim/runtime/plugin/tarPlugin.vim
038.974  000.046  000.046: sourcing /Users/indexxuan/nvim-osx64/share/nvim/runtime/plugin/tohtml.vim
039.064  000.016  000.016: sourcing /Users/indexxuan/nvim-osx64/share/nvim/runtime/plugin/tutor.vim
039.194  000.027  000.027: sourcing /Users/indexxuan/nvim-osx64/share/nvim/runtime/plugin/zipPlugin.vim
039.226  002.455: loading plugins
039.357  000.130: loading packages
039.425  000.068: loading after plugins
039.440  000.015: inits 3
044.781  005.341: reading ShaDa
049.074  004.293: clearing screen
054.804  000.136  000.136: sourcing /Users/indexxuan/nvim-osx64/share/nvim/runtime/ftplugin/xml.vim
055.450  000.138  000.138: sourcing /Users/indexxuan/nvim-osx64/share/nvim/runtime/indent/xml.vim
056.654  000.330  000.330: sourcing /Users/indexxuan/nvim-osx64/share/nvim/runtime/syntax/dtd.vim
056.773  000.997  000.667: sourcing /Users/indexxuan/nvim-osx64/share/nvim/runtime/syntax/xml.vim
057.548  000.080  000.080: sourcing /Users/indexxuan/.vim/plugged/typescript-vim/compiler/typescript.vim
057.650  000.324  000.244: sourcing /Users/indexxuan/.vim/plugged/typescript-vim/ftplugin/typescript.vim
058.689  000.339  000.339: sourcing /Users/indexxuan/.vim/plugged/typescript-vim/indent/typescript.vim
060.099  001.081  001.081: sourcing /Users/indexxuan/.vim/plugged/typescript-vim/syntax/typescript.vim
060.644  000.169  000.169: sourcing /Users/indexxuan/.vim/plugged/vim-stay/autoload/stay/win.vim
060.872  000.108  000.108: sourcing /Users/indexxuan/.vim/plugged/vim-stay/autoload/stay.vim
061.542  000.158  000.158: sourcing /Users/indexxuan/.vim/plugged/vim-stay/autoload/stay/view.vim
062.267  000.245  000.245: sourcing /Users/indexxuan/.local/share/nvim/view/~=+workspace=+delivery=+app=+service=+app.ts=
063.057  000.231  000.231: sourcing /Users/indexxuan/.vim/plugged/ctrlp.vim/autoload/ctrlp/utils.vim
064.240  011.238: opening buffers
064.295  000.055: BufEnter autocommands
064.303  000.008: editing files in windows
064.673  000.370: VimEnter autocommands
064.676  000.003: before starting main loop
071.299  006.623: first screen update
071.302  000.003: --- NVIM STARTED ---
