times in msec
 clock   self+sourced   self:  sourced script
 clock   elapsed:              other lines

000.008  000.008: --- VIM STARTING ---
000.137  000.129: Allocated generic buffers
000.541  000.404: locale set
000.546  000.005: clipboard setup
000.559  000.013: window checked
001.159  000.600: inits 1
001.382  000.223: parsing arguments
001.387  000.005: expanding arguments
004.929  003.542: shell init
005.302  000.373: Termcap init
005.325  000.023: inits 2
005.487  000.162: init highlight
008.422  002.013  002.013: sourcing /Users/indexxuan/.vim/autoload/plug.vim
012.386  000.034  000.034: sourcing /Users/indexxuan/.vim/bundle/typescript-vim/ftdetect/typescript.vim
012.853  000.036  000.036: sourcing /Users/indexxuan/.vim/bundle/vim-vue/ftdetect/vue.vim
013.308  000.032  000.032: sourcing /Users/indexxuan/.vim/bundle/vim-markdown/ftdetect/markdown.vim
022.612  000.029  000.029: sourcing /Users/indexxuan/.vim/bundle/vim-fugitive/ftdetect/fugitive.vim
022.748  007.591  007.562: sourcing /usr/local/share/vim/vim81/filetype.vim
022.971  000.059  000.059: sourcing /usr/local/share/vim/vim81/ftplugin.vim
023.173  000.046  000.046: sourcing /usr/local/share/vim/vim81/indent.vim
024.511  000.888  000.888: sourcing /usr/local/share/vim/vim81/syntax/syncolor.vim
024.625  001.177  000.289: sourcing /usr/local/share/vim/vim81/syntax/synload.vim
024.661  001.384  000.207: sourcing /usr/local/share/vim/vim81/syntax/syntax.vim
025.240  019.101  007.906: sourcing /Users/indexxuan/.vim/.vimrc.plugin
025.683  000.263  000.263: sourcing /usr/local/Cellar/vim/8.1.0250/share/vim/vim81/syntax/nosyntax.vim
026.190  000.182  000.182: sourcing /usr/local/share/vim/vim81/syntax/syncolor.vim
026.306  000.467  000.285: sourcing /usr/local/share/vim/vim81/syntax/synload.vim
026.344  001.014  000.284: sourcing /usr/local/share/vim/vim81/syntax/syntax.vim
027.092  000.197  000.197: sourcing /usr/local/share/vim/vim81/syntax/syncolor.vim
027.640  000.184  000.184: sourcing /usr/local/share/vim/vim81/syntax/syncolor.vim
028.074  000.183  000.183: sourcing /usr/local/share/vim/vim81/syntax/syncolor.vim
028.678  002.111  001.547: sourcing /Users/indexxuan/.vim/colors/molokai.vim
029.289  023.518  001.292: sourcing $HOME/.vimrc
029.305  000.300: sourcing vimrc file(s)
044.136  014.212  014.212: sourcing /Users/indexxuan/.vim/bundle/vim-wakatime/plugin/wakatime.vim
044.756  000.148  000.148: sourcing /Users/indexxuan/.vim/bundle/vim-airline/autoload/airline/init.vim
045.269  000.150  000.150: sourcing /Users/indexxuan/.vim/bundle/vim-airline/autoload/airline/parts.vim
046.142  001.803  001.505: sourcing /Users/indexxuan/.vim/bundle/vim-airline/plugin/airline.vim
046.368  000.030  000.030: sourcing /Users/indexxuan/.vim/bundle/vim-airline-themes/plugin/airline-themes.vim
046.906  000.198  000.198: sourcing /Users/indexxuan/.vim/bundle/coc.nvim/autoload/coc/rpc.vim
047.661  000.627  000.627: sourcing /Users/indexxuan/.vim/bundle/coc.nvim/autoload/coc/util.vim
289.785  000.344  000.344: sourcing /Users/indexxuan/.nvm/versions/node/v8.12.0/lib/node_modules/vim-node-rpc/autoload/nvim/rpc.vim
291.793  245.246  244.077: sourcing /Users/indexxuan/.vim/bundle/coc.nvim/plugin/coc.vim
292.986  000.101  000.101: sourcing /Users/indexxuan/.vim/bundle/vim-stay/autoload/stay/shim.vim
294.010  000.475  000.475: sourcing /Users/indexxuan/.vim/bundle/vim-stay/autoload/stay/integrate/fastfold.vim
294.080  001.838  001.262: sourcing /Users/indexxuan/.vim/bundle/vim-stay/plugin/stay.vim
294.492  000.223  000.223: sourcing /Users/indexxuan/.vim/bundle/vim-auto-save/plugin/AutoSave.vim
295.059  000.333  000.333: sourcing /Users/indexxuan/.vim/bundle/open-browser.vim/plugin/openbrowser.vim
295.459  000.158  000.158: sourcing /Users/indexxuan/.vim/bundle/vim-fuzzysearch/plugin/fuzzysearch.vim
297.222  000.617  000.617: sourcing /Users/indexxuan/.vim/bundle/editorconfig-vim/plugin/editorconfig.vim
297.789  000.374  000.374: sourcing /Users/indexxuan/.vim/bundle/vim-fugitive/plugin/fugitive.vim
298.036  000.053  000.053: sourcing /Users/indexxuan/.vim/bundle/vim-snippets/plugin/vimsnippets.vim
298.822  000.085  000.085: sourcing /usr/local/share/vim/vim81/plugin/getscriptPlugin.vim
299.124  000.232  000.232: sourcing /usr/local/share/vim/vim81/plugin/gzip.vim
299.473  000.279  000.279: sourcing /usr/local/share/vim/vim81/plugin/logiPat.vim
299.594  000.049  000.049: sourcing /usr/local/share/vim/vim81/plugin/manpager.vim
299.885  000.222  000.222: sourcing /usr/local/share/vim/vim81/plugin/matchparen.vim
300.546  000.586  000.586: sourcing /usr/local/share/vim/vim81/plugin/netrwPlugin.vim
300.663  000.029  000.029: sourcing /usr/local/share/vim/vim81/plugin/rrhelper.vim
300.795  000.045  000.045: sourcing /usr/local/share/vim/vim81/plugin/spellfile.vim
301.053  000.185  000.185: sourcing /usr/local/share/vim/vim81/plugin/tarPlugin.vim
301.245  000.115  000.115: sourcing /usr/local/share/vim/vim81/plugin/tohtml.vim
301.515  000.196  000.196: sourcing /usr/local/share/vim/vim81/plugin/vimballPlugin.vim
301.826  000.221  000.221: sourcing /usr/local/share/vim/vim81/plugin/zipPlugin.vim
301.854  005.418: loading plugins
302.028  000.174: loading packages
302.077  000.049: loading after plugins
302.117  000.040: inits 3
302.531  000.414: reading viminfo
302.574  000.043: setting raw mode
302.581  000.007: start termcap
302.659  000.078: clearing screen
310.135  001.204  001.204: sourcing /Users/indexxuan/.vim/bundle/typescript-vim/syntax/typescript.vim
311.195  000.248  000.248: sourcing /Users/indexxuan/.vim/bundle/vim-run/plugin/run.vim
312.318  000.113  000.113: sourcing /Users/indexxuan/.vim/bundle/typescript-vim/compiler/typescript.vim
312.424  000.463  000.350: sourcing /Users/indexxuan/.vim/bundle/typescript-vim/ftplugin/typescript.vim
312.886  000.088  000.088: sourcing /Users/indexxuan/.vim/bundle/vim-jsdoc/ftplugin/typescript/jsdoc.vim
313.943  000.434  000.434: sourcing /Users/indexxuan/.vim/bundle/typescript-vim/indent/typescript.vim
314.943  000.099  000.099: sourcing /Users/indexxuan/.vim/bundle/typescript-vim/compiler/typescript.vim
315.035  000.424  000.325: sourcing /Users/indexxuan/.vim/bundle/typescript-vim/ftplugin/typescript.vim
315.489  000.072  000.072: sourcing /Users/indexxuan/.vim/bundle/vim-jsdoc/ftplugin/typescript/jsdoc.vim
316.137  000.064  000.064: sourcing /Users/indexxuan/.vim/bundle/typescript-vim/indent/typescript.vim
317.702  001.069  001.069: sourcing /Users/indexxuan/.vim/bundle/typescript-vim/syntax/typescript.vim
318.529  000.425  000.425: sourcing /Users/indexxuan/.vim/bundle/vim-airline/autoload/airline/extensions.vim
318.816  000.118  000.118: sourcing /Users/indexxuan/.vim/bundle/vim-airline/autoload/airline/extensions/quickfix.vim
319.187  000.232  000.232: sourcing /Users/indexxuan/.vim/bundle/vim-airline/autoload/airline.vim
319.471  000.086  000.086: sourcing /Users/indexxuan/.vim/bundle/vim-airline/autoload/airline/extensions/netrw.vim
319.752  000.054  000.054: sourcing /Users/indexxuan/.vim/bundle/vim-airline/autoload/airline/extensions/term.vim
320.163  000.176  000.176: sourcing /Users/indexxuan/.vim/bundle/vim-airline/autoload/airline/util.vim
320.651  000.350  000.350: sourcing /Users/indexxuan/.vim/bundle/vim-airline/autoload/airline/extensions/branch.vim
321.003  000.103  000.103: sourcing /Users/indexxuan/.vim/bundle/vim-airline/autoload/airline/extensions/fugitiveline.vim
321.561  000.318  000.318: sourcing /Users/indexxuan/.vim/bundle/vim-airline/autoload/airline/extensions/whitespace.vim
322.200  000.102  000.102: sourcing /Users/indexxuan/.vim/bundle/vim-airline/autoload/airline/extensions/wordcount.vim
322.660  000.256  000.256: sourcing /Users/indexxuan/.vim/bundle/vim-airline/autoload/airline/extensions/tabline.vim
322.944  000.106  000.106: sourcing /Users/indexxuan/.vim/bundle/vim-airline/autoload/airline/extensions/tabline/autoshow.vim
323.429  000.157  000.157: sourcing /Users/indexxuan/.vim/bundle/vim-airline/autoload/airline/extensions/tabline/tabs.vim
323.885  000.273  000.273: sourcing /Users/indexxuan/.vim/bundle/vim-airline/autoload/airline/extensions/tabline/buffers.vim
324.346  000.083  000.083: sourcing /Users/indexxuan/.vim/bundle/vim-airline/autoload/airline/extensions/keymap.vim
329.534  000.092  000.092: sourcing /Users/indexxuan/.vim/bundle/coc.nvim/autoload/airline/extensions/coc.vim
329.895  000.120  000.120: sourcing /Users/indexxuan/.vim/bundle/vim-airline/autoload/airline/section.vim
330.433  000.312  000.312: sourcing /Users/indexxuan/.vim/bundle/vim-airline/autoload/airline/highlighter.vim
332.929  000.113  000.113: sourcing /Users/indexxuan/.vim/bundle/vim-airline/autoload/airline/themes.vim
333.194  000.568  000.455: sourcing /Users/indexxuan/.vim/bundle/vim-airline-themes/autoload/airline/themes/badwolf.vim
346.299  000.276  000.276: sourcing /Users/indexxuan/.vim/bundle/vim-airline/autoload/airline/builder.vim
346.856  000.155  000.155: sourcing /Users/indexxuan/.vim/bundle/vim-airline/autoload/airline/extensions/default.vim
416.061  000.129  000.129: sourcing /Users/indexxuan/.vim/bundle/editorconfig-vim/autoload/editorconfig.vim
422.021  005.140  005.140: sourcing /Users/indexxuan/.vim/bundle/vim-fugitive/autoload/fugitive.vim
423.717  000.314  000.314: sourcing /Users/indexxuan/.vim/bundle/vim-stay/autoload/stay/win.vim
424.154  000.239  000.239: sourcing /Users/indexxuan/.vim/bundle/vim-stay/autoload/stay.vim
424.935  000.279  000.279: sourcing /Users/indexxuan/.vim/bundle/vim-stay/autoload/stay/view.vim
425.542  000.191  000.191: sourcing /Users/indexxuan/.vim/view/~=+workspace=+delivery=+app=+service=+app.ts=
425.774  108.395: opening buffers
427.304  001.530: BufEnter autocommands
427.308  000.004: editing files in windows
429.957  000.478  000.478: sourcing /Users/indexxuan/.vim/bundle/vim-gitgutter/autoload/gitgutter/utility.vim
430.697  000.273  000.273: sourcing /Users/indexxuan/.vim/bundle/vim-gitgutter/autoload/gitgutter/highlight.vim
431.595  002.554  001.803: sourcing /Users/indexxuan/.vim/bundle/vim-gitgutter/plugin/gitgutter.vim
434.012  000.449  000.449: sourcing /Users/indexxuan/.vim/bundle/ctrlp.vim/autoload/ctrlp/mrufiles.vim
434.206  000.995  000.546: sourcing /Users/indexxuan/.vim/bundle/ctrlp.vim/plugin/ctrlp.vim
436.539  000.346  000.346: sourcing /Users/indexxuan/.vim/bundle/ctrlsf.vim/autoload/ctrlsf/backend.vim
437.201  001.353  001.007: sourcing /Users/indexxuan/.vim/bundle/ctrlsf.vim/plugin/ctrlsf.vim
437.834  000.218  000.218: sourcing /Users/indexxuan/.vim/bundle/ctrlsf.vim/after/plugin/ctrlsf.vim
446.306  006.518  006.518: sourcing /Users/indexxuan/.vim/bundle/nerdcommenter/plugin/NERD_commenter.vim
448.801  000.567  000.567: sourcing /Users/indexxuan/.vim/bundle/vim-multiple-cursors/plugin/multiple_cursors.vim
460.486  020.973: VimEnter autocommands
460.489  000.003: before starting main loop
461.340  000.201  000.201: sourcing /Users/indexxuan/.vim/bundle/vim-airline/autoload/airline/extensions/tabline/ctrlspace.vim
461.958  000.267  000.267: sourcing /Users/indexxuan/.vim/bundle/vim-airline/autoload/airline/extensions/tabline/builder.vim
462.284  000.111  000.111: sourcing /Users/indexxuan/.vim/bundle/vim-airline/autoload/airline/extensions/tabline/buflist.vim
466.229  000.099  000.099: sourcing /Users/indexxuan/.vim/bundle/vim-airline/autoload/airline/extensions/tabline/formatters/default.vim
484.280  000.280  000.280: sourcing /Users/indexxuan/.vim/bundle/vim-airline/autoload/airline/async.vim
488.672  027.225: first screen update
488.678  000.006: --- VIM STARTED ---


times in msec
 clock   self+sourced   self:  sourced script
 clock   elapsed:              other lines

000.011  000.011: --- VIM STARTING ---
000.142  000.131: Allocated generic buffers
000.562  000.420: locale set
000.567  000.005: clipboard setup
000.580  000.013: window checked
001.197  000.617: inits 1
001.547  000.350: parsing arguments
001.553  000.006: expanding arguments
005.302  003.749: shell init
005.755  000.453: Termcap init
005.779  000.024: inits 2
005.999  000.220: init highlight
008.804  001.975  001.975: sourcing /Users/indexxuan/.vim/autoload/plug.vim
012.811  000.051  000.051: sourcing /Users/indexxuan/.vim/bundle/typescript-vim/ftdetect/typescript.vim
013.310  000.036  000.036: sourcing /Users/indexxuan/.vim/bundle/vim-vue/ftdetect/vue.vim
013.779  000.034  000.034: sourcing /Users/indexxuan/.vim/bundle/vim-markdown/ftdetect/markdown.vim
024.933  009.139  009.139: sourcing /usr/local/share/vim/vim81/filetype.vim
025.191  000.064  000.064: sourcing /usr/local/share/vim/vim81/ftplugin.vim
025.429  000.063  000.063: sourcing /usr/local/share/vim/vim81/indent.vim
026.827  000.918  000.918: sourcing /usr/local/share/vim/vim81/syntax/syncolor.vim
026.946  001.221  000.303: sourcing /usr/local/share/vim/vim81/syntax/synload.vim
026.984  001.446  000.225: sourcing /usr/local/share/vim/vim81/syntax/syntax.vim
027.605  020.895  008.087: sourcing /Users/indexxuan/.vim/.vimrc.plugin
028.340  000.515  000.515: sourcing /usr/local/Cellar/vim/8.1.0250/share/vim/vim81/syntax/nosyntax.vim
029.066  000.213  000.213: sourcing /usr/local/share/vim/vim81/syntax/syncolor.vim
029.235  000.610  000.397: sourcing /usr/local/share/vim/vim81/syntax/synload.vim
029.277  001.555  000.430: sourcing /usr/local/share/vim/vim81/syntax/syntax.vim
029.991  000.193  000.193: sourcing /usr/local/share/vim/vim81/syntax/syncolor.vim
030.582  000.188  000.188: sourcing /usr/local/share/vim/vim81/syntax/syncolor.vim
031.037  000.192  000.192: sourcing /usr/local/share/vim/vim81/syntax/syncolor.vim
031.694  002.205  001.632: sourcing /Users/indexxuan/.vim/colors/molokai.vim
032.366  025.974  001.319: sourcing $HOME/.vimrc
032.377  000.404: sourcing vimrc file(s)
053.227  020.492  020.492: sourcing /Users/indexxuan/.vim/bundle/vim-wakatime/plugin/wakatime.vim
054.145  000.211  000.211: sourcing /Users/indexxuan/.vim/bundle/vim-airline/autoload/airline/init.vim
054.878  000.247  000.247: sourcing /Users/indexxuan/.vim/bundle/vim-airline/autoload/airline/parts.vim
056.122  002.550  002.092: sourcing /Users/indexxuan/.vim/bundle/vim-airline/plugin/airline.vim
056.436  000.038  000.038: sourcing /Users/indexxuan/.vim/bundle/vim-airline-themes/plugin/airline-themes.vim
057.107  000.240  000.240: sourcing /Users/indexxuan/.vim/bundle/coc.nvim/autoload/coc/rpc.vim
058.043  000.766  000.766: sourcing /Users/indexxuan/.vim/bundle/coc.nvim/autoload/coc/util.vim
312.722  000.393  000.393: sourcing /Users/indexxuan/.nvm/versions/node/v8.12.0/lib/node_modules/vim-node-rpc/autoload/nvim/rpc.vim
315.129  258.472  257.073: sourcing /Users/indexxuan/.vim/bundle/coc.nvim/plugin/coc.vim
316.369  000.181  000.181: sourcing /Users/indexxuan/.vim/bundle/vim-stay/autoload/stay/shim.vim
317.434  000.496  000.496: sourcing /Users/indexxuan/.vim/bundle/vim-stay/autoload/stay/integrate/fastfold.vim
317.513  002.007  001.330: sourcing /Users/indexxuan/.vim/bundle/vim-stay/plugin/stay.vim
317.892  000.173  000.173: sourcing /Users/indexxuan/.vim/bundle/vim-auto-save/plugin/AutoSave.vim
318.439  000.342  000.342: sourcing /Users/indexxuan/.vim/bundle/open-browser.vim/plugin/openbrowser.vim
318.930  000.191  000.191: sourcing /Users/indexxuan/.vim/bundle/vim-fuzzysearch/plugin/fuzzysearch.vim
320.793  000.633  000.633: sourcing /Users/indexxuan/.vim/bundle/editorconfig-vim/plugin/editorconfig.vim
321.507  000.522  000.522: sourcing /Users/indexxuan/.vim/bundle/vim-multiple-cursors/plugin/multiple_cursors.vim
321.809  000.070  000.070: sourcing /Users/indexxuan/.vim/bundle/vim-snippets/plugin/vimsnippets.vim
322.657  000.100  000.100: sourcing /usr/local/share/vim/vim81/plugin/getscriptPlugin.vim
323.080  000.324  000.324: sourcing /usr/local/share/vim/vim81/plugin/gzip.vim
323.439  000.286  000.286: sourcing /usr/local/share/vim/vim81/plugin/logiPat.vim
323.580  000.065  000.065: sourcing /usr/local/share/vim/vim81/plugin/manpager.vim
323.901  000.232  000.232: sourcing /usr/local/share/vim/vim81/plugin/matchparen.vim
324.707  000.719  000.719: sourcing /usr/local/share/vim/vim81/plugin/netrwPlugin.vim
324.839  000.029  000.029: sourcing /usr/local/share/vim/vim81/plugin/rrhelper.vim
324.971  000.048  000.048: sourcing /usr/local/share/vim/vim81/plugin/spellfile.vim
325.261  000.212  000.212: sourcing /usr/local/share/vim/vim81/plugin/tarPlugin.vim
325.461  000.115  000.115: sourcing /usr/local/share/vim/vim81/plugin/tohtml.vim
325.749  000.206  000.206: sourcing /usr/local/share/vim/vim81/plugin/vimballPlugin.vim
326.072  000.231  000.231: sourcing /usr/local/share/vim/vim81/plugin/zipPlugin.vim
326.084  005.650: loading plugins
326.204  000.120: loading packages
326.249  000.045: loading after plugins
326.290  000.041: inits 3
326.736  000.446: reading viminfo
326.783  000.047: setting raw mode
326.790  000.007: start termcap
326.848  000.058: clearing screen
334.671  001.202  001.202: sourcing /Users/indexxuan/.vim/bundle/typescript-vim/syntax/typescript.vim
335.711  000.255  000.255: sourcing /Users/indexxuan/.vim/bundle/vim-run/plugin/run.vim
336.849  000.111  000.111: sourcing /Users/indexxuan/.vim/bundle/typescript-vim/compiler/typescript.vim
336.947  000.447  000.336: sourcing /Users/indexxuan/.vim/bundle/typescript-vim/ftplugin/typescript.vim
337.416  000.091  000.091: sourcing /Users/indexxuan/.vim/bundle/vim-jsdoc/ftplugin/typescript/jsdoc.vim
338.449  000.416  000.416: sourcing /Users/indexxuan/.vim/bundle/typescript-vim/indent/typescript.vim
339.537  000.107  000.107: sourcing /Users/indexxuan/.vim/bundle/typescript-vim/compiler/typescript.vim
339.641  000.595  000.488: sourcing /Users/indexxuan/.vim/bundle/typescript-vim/ftplugin/typescript.vim
340.085  000.085  000.085: sourcing /Users/indexxuan/.vim/bundle/vim-jsdoc/ftplugin/typescript/jsdoc.vim
340.806  000.075  000.075: sourcing /Users/indexxuan/.vim/bundle/typescript-vim/indent/typescript.vim
342.418  001.049  001.049: sourcing /Users/indexxuan/.vim/bundle/typescript-vim/syntax/typescript.vim
343.219  000.402  000.402: sourcing /Users/indexxuan/.vim/bundle/vim-airline/autoload/airline/extensions.vim
343.498  000.103  000.103: sourcing /Users/indexxuan/.vim/bundle/vim-airline/autoload/airline/extensions/quickfix.vim
343.872  000.236  000.236: sourcing /Users/indexxuan/.vim/bundle/vim-airline/autoload/airline.vim
344.151  000.072  000.072: sourcing /Users/indexxuan/.vim/bundle/vim-airline/autoload/airline/extensions/netrw.vim
344.396  000.073  000.073: sourcing /Users/indexxuan/.vim/bundle/vim-airline/autoload/airline/extensions/term.vim
344.832  000.191  000.191: sourcing /Users/indexxuan/.vim/bundle/vim-airline/autoload/airline/util.vim
345.249  000.203  000.203: sourcing /Users/indexxuan/.vim/bundle/vim-airline/autoload/airline/extensions/whitespace.vim
345.767  000.093  000.093: sourcing /Users/indexxuan/.vim/bundle/vim-airline/autoload/airline/extensions/wordcount.vim
346.210  000.257  000.257: sourcing /Users/indexxuan/.vim/bundle/vim-airline/autoload/airline/extensions/tabline.vim
346.484  000.101  000.101: sourcing /Users/indexxuan/.vim/bundle/vim-airline/autoload/airline/extensions/tabline/autoshow.vim
347.014  000.167  000.167: sourcing /Users/indexxuan/.vim/bundle/vim-airline/autoload/airline/extensions/tabline/tabs.vim
347.848  000.516  000.516: sourcing /Users/indexxuan/.vim/bundle/vim-airline/autoload/airline/extensions/tabline/buffers.vim
348.621  000.077  000.077: sourcing /Users/indexxuan/.vim/bundle/vim-airline/autoload/airline/extensions/keymap.vim
353.828  000.092  000.092: sourcing /Users/indexxuan/.vim/bundle/coc.nvim/autoload/airline/extensions/coc.vim
354.184  000.123  000.123: sourcing /Users/indexxuan/.vim/bundle/vim-airline/autoload/airline/section.vim
354.827  000.408  000.408: sourcing /Users/indexxuan/.vim/bundle/vim-airline/autoload/airline/highlighter.vim
357.954  000.116  000.116: sourcing /Users/indexxuan/.vim/bundle/vim-airline/autoload/airline/themes.vim
358.223  000.620  000.504: sourcing /Users/indexxuan/.vim/bundle/vim-airline-themes/autoload/airline/themes/badwolf.vim
373.684  000.598  000.598: sourcing /Users/indexxuan/.vim/bundle/vim-airline/autoload/airline/builder.vim
374.944  000.247  000.247: sourcing /Users/indexxuan/.vim/bundle/vim-airline/autoload/airline/extensions/default.vim
445.982  000.138  000.138: sourcing /Users/indexxuan/.vim/bundle/editorconfig-vim/autoload/editorconfig.vim
446.740  000.221  000.221: sourcing /Users/indexxuan/.vim/bundle/vim-stay/autoload/stay/win.vim
447.089  000.158  000.158: sourcing /Users/indexxuan/.vim/bundle/vim-stay/autoload/stay.vim
447.837  000.200  000.200: sourcing /Users/indexxuan/.vim/bundle/vim-stay/autoload/stay/view.vim
448.414  000.165  000.165: sourcing /Users/indexxuan/.vim/view/~=+workspace=+delivery=+app=+service=+app.ts=
448.602  112.078: opening buffers
450.234  001.632: BufEnter autocommands
450.238  000.004: editing files in windows
452.546  000.252  000.252: sourcing /Users/indexxuan/.vim/bundle/vim-gitgutter/autoload/gitgutter/utility.vim
453.241  000.185  000.185: sourcing /Users/indexxuan/.vim/bundle/vim-gitgutter/autoload/gitgutter/highlight.vim
454.100  002.208  001.771: sourcing /Users/indexxuan/.vim/bundle/vim-gitgutter/plugin/gitgutter.vim
455.865  000.045  000.045: sourcing /Users/indexxuan/.vim/bundle/vim-fugitive/ftdetect/fugitive.vim
456.760  000.510  000.510: sourcing /Users/indexxuan/.vim/bundle/vim-fugitive/plugin/fugitive.vim
459.263  000.337  000.337: sourcing /Users/indexxuan/.vim/bundle/ctrlp.vim/autoload/ctrlp/mrufiles.vim
459.506  000.996  000.659: sourcing /Users/indexxuan/.vim/bundle/ctrlp.vim/plugin/ctrlp.vim
461.976  000.297  000.297: sourcing /Users/indexxuan/.vim/bundle/ctrlsf.vim/autoload/ctrlsf/backend.vim
462.706  001.349  001.052: sourcing /Users/indexxuan/.vim/bundle/ctrlsf.vim/plugin/ctrlsf.vim
463.227  000.126  000.126: sourcing /Users/indexxuan/.vim/bundle/ctrlsf.vim/after/plugin/ctrlsf.vim
466.971  000.119  000.119: sourcing /Users/indexxuan/.vim/bundle/typescript-vim/compiler/typescript.vim
467.097  000.533  000.414: sourcing /Users/indexxuan/.vim/bundle/typescript-vim/ftplugin/typescript.vim
467.598  000.105  000.105: sourcing /Users/indexxuan/.vim/bundle/vim-jsdoc/ftplugin/typescript/jsdoc.vim
468.391  000.096  000.096: sourcing /Users/indexxuan/.vim/bundle/typescript-vim/indent/typescript.vim
470.371  001.250  001.250: sourcing /Users/indexxuan/.vim/bundle/typescript-vim/syntax/typescript.vim
481.722  006.696  006.696: sourcing /Users/indexxuan/.vim/bundle/vim-fugitive/autoload/fugitive.vim
484.066  019.914: VimEnter autocommands
484.087  000.021: before starting main loop
512.721  000.286  000.286: sourcing /Users/indexxuan/.vim/bundle/vim-airline/autoload/airline/extensions/tabline/ctrlspace.vim
513.441  000.343  000.343: sourcing /Users/indexxuan/.vim/bundle/vim-airline/autoload/airline/extensions/tabline/builder.vim
513.835  000.169  000.169: sourcing /Users/indexxuan/.vim/bundle/vim-airline/autoload/airline/extensions/tabline/buflist.vim
517.887  000.153  000.153: sourcing /Users/indexxuan/.vim/bundle/vim-airline/autoload/airline/extensions/tabline/formatters/default.vim
541.017  055.979: first screen update
541.020  000.003: --- VIM STARTED ---
