

times in msec
 clock   self+sourced   self:  sourced script
 clock   elapsed:              other lines

000.010  000.010: --- NVIM STARTING ---
000.783  000.773: locale set
001.333  000.550: inits 1
001.358  000.024: window checked
001.792  000.434: parsing arguments
002.048  000.256: expanding arguments
002.149  000.101: inits 2
002.667  000.518: init highlight
005.826  002.157  002.157: sourcing /Users/indexxuan/.local/share/nvim/site/autoload/plug.vim
019.367  000.030  000.030: sourcing /Users/indexxuan/.vim/plugged/vim-editorconfig/ftdetect/editorconfig.vim
019.584  000.030  000.030: sourcing /Users/indexxuan/.vim/plugged/typescript-vim/ftdetect/typescript.vim
019.759  000.027  000.027: sourcing /Users/indexxuan/.vim/plugged/vim-vue/ftdetect/vue.vim
019.917  007.496  007.409: sourcing /Users/indexxuan/nvim-osx64/share/nvim/runtime/filetype.vim
020.167  000.051  000.051: sourcing /Users/indexxuan/nvim-osx64/share/nvim/runtime/ftplugin.vim
020.410  000.051  000.051: sourcing /Users/indexxuan/nvim-osx64/share/nvim/runtime/indent.vim
021.198  000.255  000.255: sourcing /Users/indexxuan/nvim-osx64/share/nvim/runtime/syntax/syncolor.vim
021.334  000.586  000.331: sourcing /Users/indexxuan/nvim-osx64/share/nvim/runtime/syntax/synload.vim
021.381  000.827  000.242: sourcing /Users/indexxuan/nvim-osx64/share/nvim/runtime/syntax/syntax.vim
022.081  000.514  000.514: sourcing /Users/indexxuan/.vim/plugged/vim-startify/autoload/startify/fortune.vim
023.234  019.732  008.635: sourcing /Users/indexxuan/.vim/.vimrc.plug
023.975  000.194  000.194: sourcing /Users/indexxuan/nvim-osx64/share/nvim/runtime/syntax/syncolor.vim
025.133  000.192  000.192: sourcing /Users/indexxuan/nvim-osx64/share/nvim/runtime/syntax/syncolor.vim
026.107  000.188  000.188: sourcing /Users/indexxuan/nvim-osx64/share/nvim/runtime/syntax/syncolor.vim
026.760  000.189  000.189: sourcing /Users/indexxuan/nvim-osx64/share/nvim/runtime/syntax/syncolor.vim
027.380  002.955  002.386: sourcing /Users/indexxuan/.vim/colors/molokai.vim
027.973  000.220  000.220: sourcing /Users/indexxuan/nvim-osx64/share/nvim/runtime/autoload/provider/clipboard.vim
028.452  025.230  002.130: sourcing /Users/indexxuan/.config/nvim/init.vim
028.468  000.571: sourcing vimrc file(s)
029.154  000.189  000.189: sourcing /Users/indexxuan/.vim/plugged/coc.nvim/autoload/coc/rpc.vim
029.938  000.648  000.648: sourcing /Users/indexxuan/.vim/plugged/coc.nvim/autoload/coc/util.vim
030.441  000.206  000.206: sourcing /Users/indexxuan/.vim/plugged/coc.nvim/autoload/coc/client.vim
033.236  004.413  003.369: sourcing /Users/indexxuan/.vim/plugged/coc.nvim/plugin/coc.vim
047.984  014.428  014.428: sourcing /Users/indexxuan/.vim/plugged/vim-wakatime/plugin/wakatime.vim
049.879  000.178  000.178: sourcing /Users/indexxuan/.vim/plugged/vim-stay/autoload/stay/shim.vim
051.444  000.745  000.745: sourcing /Users/indexxuan/.vim/plugged/vim-stay/autoload/stay/integrate/fastfold.vim
051.548  002.948  002.025: sourcing /Users/indexxuan/.vim/plugged/vim-stay/plugin/stay.vim
052.093  000.213  000.213: sourcing /Users/indexxuan/.vim/plugged/vim-editorconfig/plugin/editorconfig.vim
052.987  000.610  000.610: sourcing /Users/indexxuan/.vim/plugged/vim-surround/plugin/surround.vim
053.547  000.196  000.196: sourcing /Users/indexxuan/.vim/plugged/vim-startify/plugin/startify.vim
059.018  005.173  005.173: sourcing /Users/indexxuan/.vim/plugged/nerdcommenter/plugin/NERD_commenter.vim
060.212  000.346  000.346: sourcing /Users/indexxuan/nvim-osx64/share/nvim/runtime/plugin/gzip.vim
060.421  000.026  000.026: sourcing /Users/indexxuan/nvim-osx64/share/nvim/runtime/plugin/health.vim
060.649  000.123  000.123: sourcing /Users/indexxuan/nvim-osx64/share/nvim/runtime/plugin/man.vim
061.401  000.620  000.620: sourcing /Users/indexxuan/nvim-osx64/share/nvim/runtime/plugin/matchit.vim
061.787  000.218  000.218: sourcing /Users/indexxuan/nvim-osx64/share/nvim/runtime/plugin/matchparen.vim
061.939  000.039  000.039: sourcing /Users/indexxuan/nvim-osx64/share/nvim/runtime/plugin/netrwPlugin.vim
062.328  000.234  000.234: sourcing /Users/indexxuan/nvim-osx64/share/nvim/runtime/plugin/rplugin.vim
062.720  000.229  000.229: sourcing /Users/indexxuan/nvim-osx64/share/nvim/runtime/plugin/shada.vim
062.958  000.091  000.091: sourcing /Users/indexxuan/nvim-osx64/share/nvim/runtime/plugin/spellfile.vim
063.307  000.230  000.230: sourcing /Users/indexxuan/nvim-osx64/share/nvim/runtime/plugin/tarPlugin.vim
063.648  000.134  000.134: sourcing /Users/indexxuan/nvim-osx64/share/nvim/runtime/plugin/tohtml.vim
063.800  000.043  000.043: sourcing /Users/indexxuan/nvim-osx64/share/nvim/runtime/plugin/tutor.vim
064.143  000.247  000.247: sourcing /Users/indexxuan/nvim-osx64/share/nvim/runtime/plugin/zipPlugin.vim
064.181  005.153: loading plugins
064.355  000.175: loading packages
064.428  000.073: loading after plugins
064.443  000.015: inits 3
067.858  003.415: reading ShaDa
071.595  003.737: clearing screen
079.258  000.131  000.131: sourcing /Users/indexxuan/nvim-osx64/share/nvim/runtime/ftplugin/xml.vim
079.926  000.128  000.128: sourcing /Users/indexxuan/nvim-osx64/share/nvim/runtime/indent/xml.vim
081.174  000.332  000.332: sourcing /Users/indexxuan/nvim-osx64/share/nvim/runtime/syntax/dtd.vim
081.286  000.976  000.644: sourcing /Users/indexxuan/nvim-osx64/share/nvim/runtime/syntax/xml.vim
082.388  000.089  000.089: sourcing /Users/indexxuan/.vim/plugged/typescript-vim/compiler/typescript.vim
082.502  000.385  000.296: sourcing /Users/indexxuan/.vim/plugged/typescript-vim/ftplugin/typescript.vim
082.901  000.063  000.063: sourcing /Users/indexxuan/.vim/plugged/vim-jsdoc/ftplugin/typescript/jsdoc.vim
083.874  000.345  000.345: sourcing /Users/indexxuan/.vim/plugged/typescript-vim/indent/typescript.vim
085.310  001.042  001.042: sourcing /Users/indexxuan/.vim/plugged/typescript-vim/syntax/typescript.vim
086.044  000.239  000.239: sourcing /Users/indexxuan/.vim/plugged/vim-editorconfig/autoload/editorconfig.vim
087.847  000.030  000.030: sourcing /Users/indexxuan/.vim/plugged/vim-editorconfig/autoload/editorconfig/root.vim
088.054  000.061  000.061: sourcing /Users/indexxuan/.vim/plugged/vim-editorconfig/autoload/editorconfig/insert_final_newline.vim
088.246  000.039  000.039: sourcing /Users/indexxuan/.vim/plugged/vim-editorconfig/autoload/editorconfig/end_of_line.vim
088.480  000.082  000.082: sourcing /Users/indexxuan/.vim/plugged/vim-editorconfig/autoload/editorconfig/charset.vim
088.694  000.041  000.041: sourcing /Users/indexxuan/.vim/plugged/vim-editorconfig/autoload/editorconfig/indent_style.vim
088.880  000.031  000.031: sourcing /Users/indexxuan/.vim/plugged/vim-editorconfig/autoload/editorconfig/indent_size.vim
089.082  000.041  000.041: sourcing /Users/indexxuan/.vim/plugged/vim-editorconfig/autoload/editorconfig/trim_trailing_whitespace.vim
089.284  000.033  000.033: sourcing /Users/indexxuan/.vim/plugged/vim-editorconfig/autoload/editorconfig/tab_width.vim
089.806  000.182  000.182: sourcing /Users/indexxuan/.vim/plugged/vim-stay/autoload/stay/win.vim
090.078  000.121  000.121: sourcing /Users/indexxuan/.vim/plugged/vim-stay/autoload/stay.vim
090.604  000.146  000.146: sourcing /Users/indexxuan/.vim/plugged/vim-stay/autoload/stay/view.vim
091.262  000.173  000.173: sourcing /Users/indexxuan/.local/share/nvim/view/~=+workspace=+delivery=+app=+service=+app.ts=
091.525  015.642: opening buffers
093.020  001.495: BufEnter autocommands
093.029  000.009: editing files in windows
096.339  000.023  000.023: sourcing /Users/indexxuan/.vim/plugged/vim-devicons/autoload/devicons/plugins/startify.vim
096.383  002.165  002.141: sourcing /Users/indexxuan/.vim/plugged/vim-devicons/plugin/webdevicons.vim
104.615  009.421: VimEnter autocommands
104.643  000.028: before starting main loop
113.975  009.333: first screen update
113.979  000.004: --- NVIM STARTED ---

