
times in msec
 clock   self+sourced   self:  sourced script
 clock   elapsed:              other lines

000.009  000.009: --- NVIM STARTING ---
000.696  000.687: locale set
001.230  000.534: inits 1
001.254  000.023: window checked
001.777  000.523: parsing arguments
002.028  000.252: expanding arguments
002.138  000.110: inits 2
002.633  000.495: init highlight
005.702  002.151  002.151: sourcing /Users/indexxuan/.local/share/nvim/site/autoload/plug.vim
019.939  000.039  000.039: sourcing /Users/indexxuan/.vim/bundle/vim-editorconfig/ftdetect/editorconfig.vim
020.232  000.050  000.050: sourcing /Users/indexxuan/.vim/bundle/typescript-vim/ftdetect/typescript.vim
020.425  000.021  000.021: sourcing /Users/indexxuan/.vim/bundle/vim-vue/ftdetect/vue.vim
020.564  007.740  007.630: sourcing /Users/indexxuan/nvim-osx64/share/nvim/runtime/filetype.vim
020.811  000.052  000.052: sourcing /Users/indexxuan/nvim-osx64/share/nvim/runtime/ftplugin.vim
021.048  000.046  000.046: sourcing /Users/indexxuan/nvim-osx64/share/nvim/runtime/indent.vim
021.805  000.256  000.256: sourcing /Users/indexxuan/nvim-osx64/share/nvim/runtime/syntax/syncolor.vim
021.927  000.563  000.307: sourcing /Users/indexxuan/nvim-osx64/share/nvim/runtime/syntax/synload.vim
021.965  000.799  000.235: sourcing /Users/indexxuan/nvim-osx64/share/nvim/runtime/syntax/syntax.vim
022.560  000.458  000.458: sourcing /Users/indexxuan/.vim/bundle/vim-startify/autoload/startify/fortune.vim
023.642  020.241  008.996: sourcing /Users/indexxuan/.vim/.vimrc.plugin
024.546  000.304  000.304: sourcing /Users/indexxuan/nvim-osx64/share/nvim/runtime/syntax/syncolor.vim
025.974  000.222  000.222: sourcing /Users/indexxuan/nvim-osx64/share/nvim/runtime/syntax/syncolor.vim
027.205  000.208  000.208: sourcing /Users/indexxuan/nvim-osx64/share/nvim/runtime/syntax/syncolor.vim
027.884  000.193  000.193: sourcing /Users/indexxuan/nvim-osx64/share/nvim/runtime/syntax/syncolor.vim
028.460  003.316  002.693: sourcing /Users/indexxuan/.vim/bundle/vim-colorschemes/colors/molokai.vim
029.085  000.222  000.222: sourcing /Users/indexxuan/nvim-osx64/share/nvim/runtime/autoload/provider/clipboard.vim
029.560  026.417  002.334: sourcing /Users/indexxuan/.config/nvim/init.vim
029.571  000.521: sourcing vimrc file(s)
038.554  008.651  008.651: sourcing /Users/indexxuan/.vim/bundle/vim-wakatime/plugin/wakatime.vim
039.109  000.194  000.194: sourcing /Users/indexxuan/.vim/bundle/coc.nvim/autoload/coc/rpc.vim
039.842  000.606  000.606: sourcing /Users/indexxuan/.vim/bundle/coc.nvim/autoload/coc/util.vim
040.292  000.206  000.206: sourcing /Users/indexxuan/.vim/bundle/coc.nvim/autoload/coc/client.vim
042.655  003.889  002.883: sourcing /Users/indexxuan/.vim/bundle/coc.nvim/plugin/coc.vim
043.469  000.089  000.089: sourcing /Users/indexxuan/.vim/bundle/vim-stay/autoload/stay/shim.vim
044.769  000.836  000.836: sourcing /Users/indexxuan/.vim/bundle/vim-stay/autoload/stay/integrate/fastfold.vim
044.853  001.968  001.043: sourcing /Users/indexxuan/.vim/bundle/vim-stay/plugin/stay.vim
045.217  000.154  000.154: sourcing /Users/indexxuan/.vim/bundle/vim-editorconfig/plugin/editorconfig.vim
045.540  000.135  000.135: sourcing /Users/indexxuan/.vim/bundle/vim-startify/plugin/startify.vim
046.355  000.626  000.626: sourcing /Users/indexxuan/.vim/bundle/auto-pairs/plugin/auto-pairs.vim
047.157  000.554  000.554: sourcing /Users/indexxuan/.vim/bundle/vim-surround/plugin/surround.vim
049.889  000.158  000.158: sourcing /Users/indexxuan/.vim/bundle/vim-devicons/autoload/devicons/plugins/startify.vim
049.961  002.569  002.411: sourcing /Users/indexxuan/.vim/bundle/vim-devicons/plugin/webdevicons.vim
051.075  000.179  000.179: sourcing /Users/indexxuan/.vim/bundle/nerdtree/autoload/nerdtree.vim
052.643  000.574  000.574: sourcing /Users/indexxuan/.vim/bundle/nerdtree/lib/nerdtree/path.vim
052.929  000.142  000.142: sourcing /Users/indexxuan/.vim/bundle/nerdtree/lib/nerdtree/menu_controller.vim
053.268  000.114  000.114: sourcing /Users/indexxuan/.vim/bundle/nerdtree/lib/nerdtree/menu_item.vim
053.536  000.125  000.125: sourcing /Users/indexxuan/.vim/bundle/nerdtree/lib/nerdtree/key_map.vim
053.997  000.290  000.290: sourcing /Users/indexxuan/.vim/bundle/nerdtree/lib/nerdtree/bookmark.vim
054.437  000.287  000.287: sourcing /Users/indexxuan/.vim/bundle/nerdtree/lib/nerdtree/tree_file_node.vim
055.133  000.495  000.495: sourcing /Users/indexxuan/.vim/bundle/nerdtree/lib/nerdtree/tree_dir_node.vim
055.527  000.243  000.243: sourcing /Users/indexxuan/.vim/bundle/nerdtree/lib/nerdtree/opener.vim
055.938  000.269  000.269: sourcing /Users/indexxuan/.vim/bundle/nerdtree/lib/nerdtree/creator.vim
056.137  000.063  000.063: sourcing /Users/indexxuan/.vim/bundle/nerdtree/lib/nerdtree/flag_set.vim
056.435  000.161  000.161: sourcing /Users/indexxuan/.vim/bundle/nerdtree/lib/nerdtree/nerdtree.vim
056.950  000.373  000.373: sourcing /Users/indexxuan/.vim/bundle/nerdtree/lib/nerdtree/ui.vim
057.134  000.035  000.035: sourcing /Users/indexxuan/.vim/bundle/nerdtree/lib/nerdtree/event.vim
057.339  000.059  000.059: sourcing /Users/indexxuan/.vim/bundle/nerdtree/lib/nerdtree/notifier.vim
058.368  000.864  000.864: sourcing /Users/indexxuan/.vim/bundle/nerdtree/autoload/nerdtree/ui_glue.vim
061.824  000.609  000.609: sourcing /Users/indexxuan/.vim/bundle/vim-devicons/nerdtree_plugin/webdevicons.vim
062.221  000.137  000.137: sourcing /Users/indexxuan/.vim/bundle/nerdtree/nerdtree_plugin/exec_menuitem.vim
063.130  000.828  000.828: sourcing /Users/indexxuan/.vim/bundle/nerdtree/nerdtree_plugin/fs_menu.vim
064.233  000.861  000.861: sourcing /Users/indexxuan/.vim/bundle/nerdtree-git-plugin/nerdtree_plugin/git_status.vim
064.534  014.195  007.487: sourcing /Users/indexxuan/.vim/bundle/nerdtree/plugin/NERD_tree.vim
064.817  000.035  000.035: sourcing /Users/indexxuan/.vim/bundle/vista.vim/plugin/vista.vim
070.658  005.637  005.637: sourcing /Users/indexxuan/.vim/bundle/nerdcommenter/plugin/NERD_commenter.vim
071.507  000.197  000.197: sourcing /Users/indexxuan/.vim/bundle/vim-gitgutter/autoload/gitgutter/utility.vim
072.071  000.138  000.138: sourcing /Users/indexxuan/.vim/bundle/vim-gitgutter/autoload/gitgutter/highlight.vim
072.793  001.858  001.522: sourcing /Users/indexxuan/.vim/bundle/vim-gitgutter/plugin/gitgutter.vim
073.687  000.238  000.238: sourcing /Users/indexxuan/nvim-osx64/share/nvim/runtime/plugin/gzip.vim
073.808  000.034  000.034: sourcing /Users/indexxuan/nvim-osx64/share/nvim/runtime/plugin/health.vim
074.005  000.105  000.105: sourcing /Users/indexxuan/nvim-osx64/share/nvim/runtime/plugin/man.vim
074.681  000.582  000.582: sourcing /Users/indexxuan/nvim-osx64/share/nvim/runtime/plugin/matchit.vim
075.041  000.222  000.222: sourcing /Users/indexxuan/nvim-osx64/share/nvim/runtime/plugin/matchparen.vim
075.871  000.632  000.632: sourcing /Users/indexxuan/nvim-osx64/share/nvim/runtime/plugin/netrwPlugin.vim
076.202  000.229  000.229: sourcing /Users/indexxuan/nvim-osx64/share/nvim/runtime/plugin/rplugin.vim
076.515  000.181  000.181: sourcing /Users/indexxuan/nvim-osx64/share/nvim/runtime/plugin/shada.vim
076.701  000.061  000.061: sourcing /Users/indexxuan/nvim-osx64/share/nvim/runtime/plugin/spellfile.vim
077.075  000.261  000.261: sourcing /Users/indexxuan/nvim-osx64/share/nvim/runtime/plugin/tarPlugin.vim
077.291  000.115  000.115: sourcing /Users/indexxuan/nvim-osx64/share/nvim/runtime/plugin/tohtml.vim
077.398  000.029  000.029: sourcing /Users/indexxuan/nvim-osx64/share/nvim/runtime/plugin/tutor.vim
077.695  000.223  000.223: sourcing /Users/indexxuan/nvim-osx64/share/nvim/runtime/plugin/zipPlugin.vim
078.616  000.694  000.694: sourcing /usr/local/opt/fzf/plugin/fzf.vim
078.634  005.186: loading plugins
078.814  000.180: loading packages
078.909  000.095: loading after plugins
078.933  000.024: inits 3
082.233  003.300: reading ShaDa
086.229  003.996: clearing screen
091.674  000.119  000.119: sourcing /Users/indexxuan/nvim-osx64/share/nvim/runtime/ftplugin/xml.vim
092.362  000.128  000.128: sourcing /Users/indexxuan/nvim-osx64/share/nvim/runtime/indent/xml.vim
093.663  000.318  000.318: sourcing /Users/indexxuan/nvim-osx64/share/nvim/runtime/syntax/dtd.vim
093.800  000.971  000.653: sourcing /Users/indexxuan/nvim-osx64/share/nvim/runtime/syntax/xml.vim
095.190  000.087  000.087: sourcing /Users/indexxuan/.vim/bundle/typescript-vim/compiler/typescript.vim
095.315  000.446  000.359: sourcing /Users/indexxuan/.vim/bundle/typescript-vim/ftplugin/typescript.vim
095.708  000.064  000.064: sourcing /Users/indexxuan/.vim/bundle/vim-jsdoc/ftplugin/typescript/jsdoc.vim
096.766  000.347  000.347: sourcing /Users/indexxuan/.vim/bundle/typescript-vim/indent/typescript.vim
098.327  001.084  001.084: sourcing /Users/indexxuan/.vim/bundle/typescript-vim/syntax/typescript.vim
099.067  000.245  000.245: sourcing /Users/indexxuan/.vim/bundle/vim-editorconfig/autoload/editorconfig.vim
100.938  000.031  000.031: sourcing /Users/indexxuan/.vim/bundle/vim-editorconfig/autoload/editorconfig/root.vim
101.146  000.065  000.065: sourcing /Users/indexxuan/.vim/bundle/vim-editorconfig/autoload/editorconfig/insert_final_newline.vim
101.346  000.047  000.047: sourcing /Users/indexxuan/.vim/bundle/vim-editorconfig/autoload/editorconfig/end_of_line.vim
101.579  000.088  000.088: sourcing /Users/indexxuan/.vim/bundle/vim-editorconfig/autoload/editorconfig/charset.vim
101.775  000.040  000.040: sourcing /Users/indexxuan/.vim/bundle/vim-editorconfig/autoload/editorconfig/indent_style.vim
101.947  000.034  000.034: sourcing /Users/indexxuan/.vim/bundle/vim-editorconfig/autoload/editorconfig/indent_size.vim
102.133  000.045  000.045: sourcing /Users/indexxuan/.vim/bundle/vim-editorconfig/autoload/editorconfig/trim_trailing_whitespace.vim
102.299  000.029  000.029: sourcing /Users/indexxuan/.vim/bundle/vim-editorconfig/autoload/editorconfig/tab_width.vim
102.759  000.169  000.169: sourcing /Users/indexxuan/.vim/bundle/vim-stay/autoload/stay/win.vim
102.983  000.106  000.106: sourcing /Users/indexxuan/.vim/bundle/vim-stay/autoload/stay.vim
103.467  000.151  000.151: sourcing /Users/indexxuan/.vim/bundle/vim-stay/autoload/stay/view.vim
103.972  000.167  000.167: sourcing /Users/indexxuan/.local/share/nvim/view/~=+workspace=+delivery=+app=+service=+app.ts=
104.195  013.588: opening buffers
106.701  000.126  000.126: sourcing /Users/indexxuan/.vim/bundle/vim-gitgutter/autoload/gitgutter.vim
107.683  000.097  000.097: sourcing /Users/indexxuan/.vim/bundle/vim-gitgutter/autoload/gitgutter/async.vim
108.001  000.119  000.119: sourcing /Users/indexxuan/.vim/bundle/vim-gitgutter/autoload/gitgutter/debug.vim
133.131  021.836  021.836: sourcing /Users/indexxuan/.vim/bundle/vim-gitgutter/autoload/gitgutter/diff.vim
143.151  016.779: BufEnter autocommands
143.179  000.028: editing files in windows
147.501  000.162  000.162: sourcing /Users/indexxuan/.vim/bundle/vim-fugitive/ftdetect/fugitive.vim
148.387  000.505  000.505: sourcing /Users/indexxuan/.vim/bundle/vim-fugitive/plugin/fugitive.vim
149.938  000.167  000.167: sourcing /Users/indexxuan/.vim/bundle/lightline.vim/plugin/lightline.vim
151.566  000.068  000.068: sourcing /Users/indexxuan/.vim/bundle/vim-snippets/plugin/vimsnippets.vim
155.034  000.127  000.127: sourcing /Users/indexxuan/nvim-osx64/share/nvim/runtime/ftplugin/xml.vim
155.707  000.066  000.066: sourcing /Users/indexxuan/nvim-osx64/share/nvim/runtime/indent/xml.vim
157.967  000.637  000.637: sourcing /Users/indexxuan/nvim-osx64/share/nvim/runtime/syntax/dtd.vim
158.278  001.980  001.342: sourcing /Users/indexxuan/nvim-osx64/share/nvim/runtime/syntax/xml.vim
160.186  000.860  000.860: sourcing /Users/indexxuan/.vim/bundle/lightline.vim/autoload/lightline.vim
161.621  000.250  000.250: sourcing /Users/indexxuan/.vim/bundle/vim-gitgutter/autoload/gitgutter/hunk.vim
162.285  000.063  000.063: sourcing /Users/indexxuan/.vim/bundle/lightline.vim/autoload/lightline/tab.vim
163.161  000.232  000.232: sourcing /Users/indexxuan/.vim/bundle/lightline.vim/autoload/lightline/colorscheme.vim
165.267  002.562  002.330: sourcing /Users/indexxuan/.vim/bundle/lightline.vim/autoload/lightline/colorscheme/powerline.vim
170.341  000.080  000.080: sourcing /Users/indexxuan/.vim/bundle/typescript-vim/compiler/typescript.vim
170.485  000.439  000.359: sourcing /Users/indexxuan/.vim/bundle/typescript-vim/ftplugin/typescript.vim
170.927  000.086  000.086: sourcing /Users/indexxuan/.vim/bundle/vim-jsdoc/ftplugin/typescript/jsdoc.vim
171.646  000.073  000.073: sourcing /Users/indexxuan/.vim/bundle/typescript-vim/indent/typescript.vim
173.205  001.079  001.079: sourcing /Users/indexxuan/.vim/bundle/typescript-vim/syntax/typescript.vim
182.370  003.802  003.802: sourcing /Users/indexxuan/.vim/bundle/vim-fugitive/autoload/fugitive.vim
183.795  000.327  000.327: sourcing /Users/indexxuan/.vim/bundle/vista.vim/autoload/vista.vim
184.158  000.084  000.084: sourcing /Users/indexxuan/.vim/bundle/vista.vim/autoload/vista/source.vim
184.492  000.108  000.108: sourcing /Users/indexxuan/.vim/bundle/vista.vim/autoload/vista/executive/coc.vim
184.768  000.047  000.047: sourcing /Users/indexxuan/.vim/bundle/vista.vim/autoload/vista/statusline.vim
185.043  000.071  000.071: sourcing /Users/indexxuan/.vim/bundle/vista.vim/autoload/vista/autocmd.vim
186.089  029.984: VimEnter autocommands
186.092  000.004: before starting main loop
186.751  000.229  000.229: sourcing /Users/indexxuan/.vim/bundle/vista.vim/autoload/vista/cursor.vim
195.429  009.107: first screen update
195.433  000.004: --- NVIM STARTED ---
