
times in msec
 clock   self+sourced   self:  sourced script
 clock   elapsed:              other lines

000.009  000.009: --- NVIM STARTING ---
000.693  000.684: locale set
001.235  000.542: inits 1
001.259  000.024: window checked
001.642  000.384: parsing arguments
001.885  000.242: expanding arguments
001.986  000.102: inits 2
002.530  000.543: init highlight
005.562  002.117  002.117: sourcing /Users/indexxuan/.local/share/nvim/site/autoload/plug.vim
019.889  000.048  000.048: sourcing /Users/indexxuan/.vim/bundle/vim-editorconfig/ftdetect/editorconfig.vim
020.139  000.041  000.041: sourcing /Users/indexxuan/.vim/bundle/typescript-vim/ftdetect/typescript.vim
020.337  000.035  000.035: sourcing /Users/indexxuan/.vim/bundle/vim-vue/ftdetect/vue.vim
020.492  007.641  007.516: sourcing /Users/indexxuan/nvim-osx64/share/nvim/runtime/filetype.vim
020.754  000.072  000.072: sourcing /Users/indexxuan/nvim-osx64/share/nvim/runtime/ftplugin.vim
020.993  000.044  000.044: sourcing /Users/indexxuan/nvim-osx64/share/nvim/runtime/indent.vim
021.695  000.234  000.234: sourcing /Users/indexxuan/nvim-osx64/share/nvim/runtime/syntax/syncolor.vim
021.815  000.525  000.291: sourcing /Users/indexxuan/nvim-osx64/share/nvim/runtime/syntax/synload.vim
021.854  000.747  000.222: sourcing /Users/indexxuan/nvim-osx64/share/nvim/runtime/syntax/syntax.vim
022.480  000.487  000.487: sourcing /Users/indexxuan/.vim/bundle/vim-startify/autoload/startify/fortune.vim
023.406  020.111  009.002: sourcing /Users/indexxuan/.vim/.vimrc.plugin
023.601  000.020  000.020: sourcing /Users/indexxuan/nvim-osx64/share/nvim/runtime/filetype.vim
023.791  000.016  000.016: sourcing /Users/indexxuan/nvim-osx64/share/nvim/runtime/ftplugin.vim
023.971  000.015  000.015: sourcing /Users/indexxuan/nvim-osx64/share/nvim/runtime/indent.vim
024.355  000.202  000.202: sourcing /Users/indexxuan/nvim-osx64/share/nvim/runtime/syntax/nosyntax.vim
024.861  000.175  000.175: sourcing /Users/indexxuan/nvim-osx64/share/nvim/runtime/syntax/syncolor.vim
024.978  000.463  000.288: sourcing /Users/indexxuan/nvim-osx64/share/nvim/runtime/syntax/synload.vim
025.011  000.941  000.276: sourcing /Users/indexxuan/nvim-osx64/share/nvim/runtime/syntax/syntax.vim
025.742  000.205  000.205: sourcing /Users/indexxuan/nvim-osx64/share/nvim/runtime/syntax/syncolor.vim
026.802  000.197  000.197: sourcing /Users/indexxuan/nvim-osx64/share/nvim/runtime/syntax/syncolor.vim
027.721  000.183  000.183: sourcing /Users/indexxuan/nvim-osx64/share/nvim/runtime/syntax/syncolor.vim
028.446  000.267  000.267: sourcing /Users/indexxuan/nvim-osx64/share/nvim/runtime/syntax/syncolor.vim
029.117  003.026  002.380: sourcing /Users/indexxuan/.vim/bundle/vim-colorschemes/colors/molokai.vim
029.658  026.611  002.276: sourcing /Users/indexxuan/.config/nvim/init.vim
029.670  000.529: sourcing vimrc file(s)
040.332  010.265  010.265: sourcing /Users/indexxuan/.vim/bundle/vim-wakatime/plugin/wakatime.vim
040.901  000.195  000.195: sourcing /Users/indexxuan/.vim/bundle/coc.nvim/autoload/coc/rpc.vim
041.656  000.634  000.634: sourcing /Users/indexxuan/.vim/bundle/coc.nvim/autoload/coc/util.vim
042.194  000.238  000.238: sourcing /Users/indexxuan/.vim/bundle/coc.nvim/autoload/coc/client.vim
044.496  003.941  002.874: sourcing /Users/indexxuan/.vim/bundle/coc.nvim/plugin/coc.vim
045.259  000.095  000.095: sourcing /Users/indexxuan/.vim/bundle/vim-stay/autoload/stay/shim.vim
046.635  000.946  000.946: sourcing /Users/indexxuan/.vim/bundle/vim-stay/autoload/stay/integrate/fastfold.vim
046.773  002.029  000.988: sourcing /Users/indexxuan/.vim/bundle/vim-stay/plugin/stay.vim
047.355  000.218  000.218: sourcing /Users/indexxuan/.vim/bundle/vim-editorconfig/plugin/editorconfig.vim
047.746  000.148  000.148: sourcing /Users/indexxuan/.vim/bundle/vim-startify/plugin/startify.vim
048.550  000.532  000.532: sourcing /Users/indexxuan/.vim/bundle/auto-pairs/plugin/auto-pairs.vim
049.317  000.550  000.550: sourcing /Users/indexxuan/.vim/bundle/vim-surround/plugin/surround.vim
049.576  000.026  000.026: sourcing /Users/indexxuan/.vim/bundle/vista.vim/plugin/vista.vim
054.747  004.966  004.966: sourcing /Users/indexxuan/.vim/bundle/nerdcommenter/plugin/NERD_commenter.vim
055.785  000.311  000.311: sourcing /Users/indexxuan/nvim-osx64/share/nvim/runtime/plugin/gzip.vim
055.880  000.021  000.021: sourcing /Users/indexxuan/nvim-osx64/share/nvim/runtime/plugin/health.vim
056.040  000.092  000.092: sourcing /Users/indexxuan/nvim-osx64/share/nvim/runtime/plugin/man.vim
056.756  000.646  000.646: sourcing /Users/indexxuan/nvim-osx64/share/nvim/runtime/plugin/matchit.vim
057.083  000.236  000.236: sourcing /Users/indexxuan/nvim-osx64/share/nvim/runtime/plugin/matchparen.vim
057.788  000.618  000.618: sourcing /Users/indexxuan/nvim-osx64/share/nvim/runtime/plugin/netrwPlugin.vim
058.147  000.254  000.254: sourcing /Users/indexxuan/nvim-osx64/share/nvim/runtime/plugin/rplugin.vim
058.423  000.183  000.183: sourcing /Users/indexxuan/nvim-osx64/share/nvim/runtime/plugin/shada.vim
058.568  000.039  000.039: sourcing /Users/indexxuan/nvim-osx64/share/nvim/runtime/plugin/spellfile.vim
058.886  000.220  000.220: sourcing /Users/indexxuan/nvim-osx64/share/nvim/runtime/plugin/tarPlugin.vim
059.100  000.120  000.120: sourcing /Users/indexxuan/nvim-osx64/share/nvim/runtime/plugin/tohtml.vim
059.250  000.057  000.057: sourcing /Users/indexxuan/nvim-osx64/share/nvim/runtime/plugin/tutor.vim
059.544  000.213  000.213: sourcing /Users/indexxuan/nvim-osx64/share/nvim/runtime/plugin/zipPlugin.vim
060.472  000.696  000.696: sourcing /usr/local/opt/fzf/plugin/fzf.vim
060.484  004.432: loading plugins
060.621  000.137: loading packages
060.696  000.075: loading after plugins
060.713  000.017: inits 3
063.961  003.248: reading ShaDa
067.521  003.560: clearing screen
073.047  000.179  000.179: sourcing /Users/indexxuan/nvim-osx64/share/nvim/runtime/ftplugin/xml.vim
073.807  000.139  000.139: sourcing /Users/indexxuan/nvim-osx64/share/nvim/runtime/indent/xml.vim
075.425  000.330  000.330: sourcing /Users/indexxuan/nvim-osx64/share/nvim/runtime/syntax/dtd.vim
075.537  001.237  000.908: sourcing /Users/indexxuan/nvim-osx64/share/nvim/runtime/syntax/xml.vim
076.768  000.139  000.139: sourcing /Users/indexxuan/.vim/bundle/typescript-vim/compiler/typescript.vim
076.921  000.495  000.356: sourcing /Users/indexxuan/.vim/bundle/typescript-vim/ftplugin/typescript.vim
077.340  000.067  000.067: sourcing /Users/indexxuan/.vim/bundle/vim-jsdoc/ftplugin/typescript/jsdoc.vim
078.301  000.322  000.322: sourcing /Users/indexxuan/.vim/bundle/typescript-vim/indent/typescript.vim
080.201  001.462  001.462: sourcing /Users/indexxuan/.vim/bundle/typescript-vim/syntax/typescript.vim
081.026  000.275  000.275: sourcing /Users/indexxuan/.vim/bundle/vim-editorconfig/autoload/editorconfig.vim
083.104  000.052  000.052: sourcing /Users/indexxuan/.vim/bundle/vim-editorconfig/autoload/editorconfig/root.vim
083.346  000.067  000.067: sourcing /Users/indexxuan/.vim/bundle/vim-editorconfig/autoload/editorconfig/insert_final_newline.vim
083.593  000.060  000.060: sourcing /Users/indexxuan/.vim/bundle/vim-editorconfig/autoload/editorconfig/end_of_line.vim
083.890  000.105  000.105: sourcing /Users/indexxuan/.vim/bundle/vim-editorconfig/autoload/editorconfig/charset.vim
084.144  000.047  000.047: sourcing /Users/indexxuan/.vim/bundle/vim-editorconfig/autoload/editorconfig/indent_style.vim
084.363  000.047  000.047: sourcing /Users/indexxuan/.vim/bundle/vim-editorconfig/autoload/editorconfig/indent_size.vim
084.594  000.049  000.049: sourcing /Users/indexxuan/.vim/bundle/vim-editorconfig/autoload/editorconfig/trim_trailing_whitespace.vim
084.814  000.037  000.037: sourcing /Users/indexxuan/.vim/bundle/vim-editorconfig/autoload/editorconfig/tab_width.vim
085.398  000.199  000.199: sourcing /Users/indexxuan/.vim/bundle/vim-stay/autoload/stay/win.vim
085.666  000.118  000.118: sourcing /Users/indexxuan/.vim/bundle/vim-stay/autoload/stay.vim
086.201  000.157  000.157: sourcing /Users/indexxuan/.vim/bundle/vim-stay/autoload/stay/view.vim
087.200  000.226  000.226: sourcing /Users/indexxuan/nvim-osx64/share/nvim/runtime/autoload/provider/clipboard.vim
087.351  000.730  000.503: sourcing /Users/indexxuan/.local/share/nvim/view/~=+workspace=+delivery=+app=+service=+app.ts=
087.706  014.343: opening buffers
090.309  002.603: BufEnter autocommands
090.318  000.008: editing files in windows
094.549  000.031  000.031: sourcing /Users/indexxuan/.vim/bundle/vim-devicons/autoload/devicons/plugins/startify.vim
094.591  002.312  002.281: sourcing /Users/indexxuan/.vim/bundle/vim-devicons/plugin/webdevicons.vim
095.849  000.029  000.029: sourcing /Users/indexxuan/.vim/bundle/vim-fugitive/ftdetect/fugitive.vim
096.600  000.393  000.393: sourcing /Users/indexxuan/.vim/bundle/vim-fugitive/plugin/fugitive.vim
098.104  000.206  000.206: sourcing /Users/indexxuan/.vim/bundle/lightline.vim/plugin/lightline.vim
100.171  000.184  000.184: sourcing /Users/indexxuan/.vim/bundle/vim-gitgutter/autoload/gitgutter/utility.vim
100.777  000.124  000.124: sourcing /Users/indexxuan/.vim/bundle/vim-gitgutter/autoload/gitgutter/highlight.vim
101.501  001.917  001.609: sourcing /Users/indexxuan/.vim/bundle/vim-gitgutter/plugin/gitgutter.vim
102.889  000.055  000.055: sourcing /Users/indexxuan/.vim/bundle/vim-snippets/plugin/vimsnippets.vim
111.496  000.119  000.119: sourcing /Users/indexxuan/nvim-osx64/share/nvim/runtime/ftplugin/xml.vim
112.190  000.070  000.070: sourcing /Users/indexxuan/nvim-osx64/share/nvim/runtime/indent/xml.vim
114.053  000.477  000.477: sourcing /Users/indexxuan/nvim-osx64/share/nvim/runtime/syntax/dtd.vim
114.219  001.438  000.961: sourcing /Users/indexxuan/nvim-osx64/share/nvim/runtime/syntax/xml.vim
115.407  000.569  000.569: sourcing /Users/indexxuan/.vim/bundle/lightline.vim/autoload/lightline.vim
116.854  000.603  000.603: sourcing /Users/indexxuan/.vim/bundle/coc.nvim/autoload/coc.vim
118.232  000.465  000.465: sourcing /Users/indexxuan/.vim/bundle/lightline.vim/autoload/lightline/tab.vim
119.501  000.517  000.517: sourcing /Users/indexxuan/.vim/bundle/lightline.vim/autoload/lightline/colorscheme.vim
122.031  003.405  002.888: sourcing /Users/indexxuan/.vim/bundle/lightline.vim/autoload/lightline/colorscheme/powerline.vim
128.352  000.087  000.087: sourcing /Users/indexxuan/.vim/bundle/typescript-vim/compiler/typescript.vim
128.487  000.449  000.362: sourcing /Users/indexxuan/.vim/bundle/typescript-vim/ftplugin/typescript.vim
128.883  000.064  000.064: sourcing /Users/indexxuan/.vim/bundle/vim-jsdoc/ftplugin/typescript/jsdoc.vim
129.632  000.056  000.056: sourcing /Users/indexxuan/.vim/bundle/typescript-vim/indent/typescript.vim
131.565  001.315  001.315: sourcing /Users/indexxuan/.vim/bundle/typescript-vim/syntax/typescript.vim
141.503  005.127  005.127: sourcing /Users/indexxuan/.vim/bundle/vim-fugitive/autoload/fugitive.vim
142.792  000.282  000.282: sourcing /Users/indexxuan/.vim/bundle/vista.vim/autoload/vista.vim
143.074  000.080  000.080: sourcing /Users/indexxuan/.vim/bundle/vista.vim/autoload/vista/source.vim
143.403  000.106  000.106: sourcing /Users/indexxuan/.vim/bundle/vista.vim/autoload/vista/executive/coc.vim
143.621  000.042  000.042: sourcing /Users/indexxuan/.vim/bundle/vista.vim/autoload/vista/statusline.vim
143.854  000.063  000.063: sourcing /Users/indexxuan/.vim/bundle/vista.vim/autoload/vista/autocmd.vim
144.674  035.190: VimEnter autocommands
144.677  000.003: before starting main loop
145.287  000.220  000.220: sourcing /Users/indexxuan/.vim/bundle/vista.vim/autoload/vista/cursor.vim
154.963  010.067: first screen update
154.967  000.004: --- NVIM STARTED ---
