

times in msec
 clock   self+sourced   self:  sourced script
 clock   elapsed:              other lines

000.008  000.008: --- VIM STARTING ---
000.149  000.141: Allocated generic buffers
000.555  000.406: locale set
000.561  000.006: clipboard setup
000.573  000.012: window checked
001.198  000.625: inits 1
001.379  000.181: parsing arguments
001.384  000.005: expanding arguments
005.234  003.850: shell init
005.754  000.520: Termcap init
005.781  000.027: inits 2
005.950  000.169: init highlight
008.830  002.114  002.114: sourcing /Users/indexxuan/.vim/autoload/plug.vim
012.624  000.051  000.051: sourcing /Users/indexxuan/.vim/bundle/typescript-vim/ftdetect/typescript.vim
013.133  000.035  000.035: sourcing /Users/indexxuan/.vim/bundle/vim-vue/ftdetect/vue.vim
023.009  007.604  007.604: sourcing /usr/local/share/vim/vim81/filetype.vim
023.239  000.055  000.055: sourcing /usr/local/share/vim/vim81/ftplugin.vim
023.447  000.053  000.053: sourcing /usr/local/share/vim/vim81/indent.vim
024.765  000.877  000.877: sourcing /usr/local/share/vim/vim81/syntax/syncolor.vim
024.891  001.164  000.287: sourcing /usr/local/share/vim/vim81/syntax/synload.vim
024.938  001.373  000.209: sourcing /usr/local/share/vim/vim81/syntax/syntax.vim
025.664  000.553  000.553: sourcing /Users/indexxuan/.vim/bundle/vim-startify/autoload/startify/fortune.vim
026.579  019.978  008.140: sourcing /Users/indexxuan/.vim/.vimrc.plugin
026.859  000.076  000.076: sourcing /usr/local/share/vim/vim81/filetype.vim
027.092  000.027  000.027: sourcing /usr/local/share/vim/vim81/ftplugin.vim
027.342  000.030  000.030: sourcing /usr/local/share/vim/vim81/indent.vim
027.933  000.366  000.366: sourcing /usr/local/Cellar/vim/8.1.0250/share/vim/vim81/syntax/nosyntax.vim
028.464  000.204  000.204: sourcing /usr/local/share/vim/vim81/syntax/syncolor.vim
028.598  000.513  000.309: sourcing /usr/local/share/vim/vim81/syntax/synload.vim
028.635  001.179  000.300: sourcing /usr/local/share/vim/vim81/syntax/syntax.vim
029.190  000.190  000.190: sourcing /usr/local/share/vim/vim81/syntax/syncolor.vim
029.787  000.185  000.185: sourcing /usr/local/share/vim/vim81/syntax/syncolor.vim
030.331  000.183  000.183: sourcing /usr/local/share/vim/vim81/syntax/syncolor.vim
030.750  000.183  000.183: sourcing /usr/local/share/vim/vim81/syntax/syncolor.vim
031.365  002.072  001.521: sourcing /Users/indexxuan/.vim/colors/molokai.vim
032.073  025.784  002.232: sourcing $HOME/.vimrc
032.092  000.358: sourcing vimrc file(s)
053.580  020.982  020.982: sourcing /Users/indexxuan/.vim/bundle/vim-wakatime/plugin/wakatime.vim
054.025  000.194  000.194: sourcing /Users/indexxuan/.vim/bundle/vim-startify/plugin/startify.vim
054.668  000.247  000.247: sourcing /Users/indexxuan/.vim/bundle/coc.nvim/autoload/coc/rpc.vim
055.577  000.760  000.760: sourcing /Users/indexxuan/.vim/bundle/coc.nvim/autoload/coc/util.vim
056.124  000.243  000.243: sourcing /Users/indexxuan/.config/yarn/global/node_modules/vim-node-rpc/autoload/nvim/rpc.vim
057.970  003.736  002.486: sourcing /Users/indexxuan/.vim/bundle/coc.nvim/plugin/coc.vim
058.547  000.261  000.261: sourcing /Users/indexxuan/.vim/bundle/lightline.vim/plugin/lightline.vim
059.574  000.091  000.091: sourcing /Users/indexxuan/.vim/bundle/vim-stay/autoload/stay/shim.vim
060.410  000.397  000.397: sourcing /Users/indexxuan/.vim/bundle/vim-stay/autoload/stay/integrate/fastfold.vim
060.490  001.587  001.099: sourcing /Users/indexxuan/.vim/bundle/vim-stay/plugin/stay.vim
060.933  000.261  000.261: sourcing /Users/indexxuan/.vim/bundle/open-browser.vim/plugin/openbrowser.vim
061.287  000.144  000.144: sourcing /Users/indexxuan/.vim/bundle/vim-fuzzysearch/plugin/fuzzysearch.vim
063.012  000.595  000.595: sourcing /Users/indexxuan/.vim/bundle/editorconfig-vim/plugin/editorconfig.vim
063.243  000.050  000.050: sourcing /Users/indexxuan/.vim/bundle/vim-snippets/plugin/vimsnippets.vim
063.983  000.079  000.079: sourcing /usr/local/share/vim/vim81/plugin/getscriptPlugin.vim
064.281  000.233  000.233: sourcing /usr/local/share/vim/vim81/plugin/gzip.vim
064.728  000.318  000.318: sourcing /usr/local/share/vim/vim81/plugin/logiPat.vim
065.001  000.060  000.060: sourcing /usr/local/share/vim/vim81/plugin/manpager.vim
065.366  000.260  000.260: sourcing /usr/local/share/vim/vim81/plugin/matchparen.vim
066.113  000.666  000.666: sourcing /usr/local/share/vim/vim81/plugin/netrwPlugin.vim
066.255  000.040  000.040: sourcing /usr/local/share/vim/vim81/plugin/rrhelper.vim
066.392  000.050  000.050: sourcing /usr/local/share/vim/vim81/plugin/spellfile.vim
066.664  000.190  000.190: sourcing /usr/local/share/vim/vim81/plugin/tarPlugin.vim
066.883  000.132  000.132: sourcing /usr/local/share/vim/vim81/plugin/tohtml.vim
067.209  000.243  000.243: sourcing /usr/local/share/vim/vim81/plugin/vimballPlugin.vim
067.701  000.300  000.300: sourcing /usr/local/share/vim/vim81/plugin/zipPlugin.vim
067.717  005.244: loading plugins
067.845  000.128: loading packages
067.889  000.044: loading after plugins
067.934  000.045: inits 3
068.360  000.426: reading viminfo
068.401  000.041: setting raw mode
068.407  000.006: start termcap
068.469  000.062: clearing screen
080.679  001.225  001.225: sourcing /Users/indexxuan/.vim/bundle/typescript-vim/syntax/typescript.vim
081.995  000.435  000.435: sourcing /Users/indexxuan/.vim/bundle/vim-run/plugin/run.vim
083.215  000.116  000.116: sourcing /Users/indexxuan/.vim/bundle/typescript-vim/compiler/typescript.vim
083.339  000.490  000.374: sourcing /Users/indexxuan/.vim/bundle/typescript-vim/ftplugin/typescript.vim
083.811  000.092  000.092: sourcing /Users/indexxuan/.vim/bundle/vim-jsdoc/ftplugin/typescript/jsdoc.vim
085.008  000.485  000.485: sourcing /Users/indexxuan/.vim/bundle/typescript-vim/indent/typescript.vim
085.950  000.112  000.112: sourcing /Users/indexxuan/.vim/bundle/typescript-vim/compiler/typescript.vim
086.062  000.491  000.379: sourcing /Users/indexxuan/.vim/bundle/typescript-vim/ftplugin/typescript.vim
086.496  000.070  000.070: sourcing /Users/indexxuan/.vim/bundle/vim-jsdoc/ftplugin/typescript/jsdoc.vim
087.139  000.056  000.056: sourcing /Users/indexxuan/.vim/bundle/typescript-vim/indent/typescript.vim
088.857  001.212  001.212: sourcing /Users/indexxuan/.vim/bundle/typescript-vim/syntax/typescript.vim
089.911  000.608  000.608: sourcing /Users/indexxuan/.vim/bundle/lightline.vim/autoload/lightline.vim
090.825  000.252  000.252: sourcing /Users/indexxuan/.vim/bundle/coc.nvim/autoload/coc.vim
091.275  000.105  000.105: sourcing /Users/indexxuan/.vim/bundle/lightline.vim/autoload/lightline/tab.vim
092.200  000.300  000.300: sourcing /Users/indexxuan/.vim/bundle/lightline.vim/autoload/lightline/colorscheme.vim
095.888  004.240  003.940: sourcing /Users/indexxuan/.vim/bundle/lightline.vim/autoload/lightline/colorscheme/powerline.vim
152.211  000.112  000.112: sourcing /Users/indexxuan/.vim/bundle/editorconfig-vim/autoload/editorconfig.vim
154.838  000.223  000.223: sourcing /Users/indexxuan/.vim/bundle/vim-stay/autoload/stay/win.vim
155.130  000.140  000.140: sourcing /Users/indexxuan/.vim/bundle/vim-stay/autoload/stay.vim
155.783  000.191  000.191: sourcing /Users/indexxuan/.vim/bundle/vim-stay/autoload/stay/view.vim
156.399  000.158  000.158: sourcing /Users/indexxuan/.vim/view/~=+workspace=+delivery=+app=+service=+plus.ts=
169.997  090.943: opening buffers
171.718  001.721: BufEnter autocommands
171.721  000.003: editing files in windows
174.096  000.253  000.253: sourcing /Users/indexxuan/.vim/bundle/vim-gitgutter/autoload/gitgutter/utility.vim
174.732  000.175  000.175: sourcing /Users/indexxuan/.vim/bundle/vim-gitgutter/autoload/gitgutter/highlight.vim
175.629  002.259  001.831: sourcing /Users/indexxuan/.vim/bundle/vim-gitgutter/plugin/gitgutter.vim
177.099  000.033  000.033: sourcing /Users/indexxuan/.vim/bundle/vim-fugitive/ftdetect/fugitive.vim
177.879  000.395  000.395: sourcing /Users/indexxuan/.vim/bundle/vim-fugitive/plugin/fugitive.vim
180.099  000.309  000.309: sourcing /Users/indexxuan/.vim/bundle/ctrlp.vim/autoload/ctrlp/mrufiles.vim
180.307  000.847  000.538: sourcing /Users/indexxuan/.vim/bundle/ctrlp.vim/plugin/ctrlp.vim
182.971  000.348  000.348: sourcing /Users/indexxuan/.vim/bundle/ctrlsf.vim/autoload/ctrlsf/backend.vim
183.743  001.734  001.386: sourcing /Users/indexxuan/.vim/bundle/ctrlsf.vim/plugin/ctrlsf.vim
184.258  000.080  000.080: sourcing /Users/indexxuan/.vim/bundle/ctrlsf.vim/after/plugin/ctrlsf.vim
192.436  006.327  006.327: sourcing /Users/indexxuan/.vim/bundle/nerdcommenter/plugin/NERD_commenter.vim
196.817  000.186  000.186: sourcing /Users/indexxuan/.vim/bundle/typescript-vim/compiler/typescript.vim
196.999  000.702  000.516: sourcing /Users/indexxuan/.vim/bundle/typescript-vim/ftplugin/typescript.vim
197.537  000.116  000.116: sourcing /Users/indexxuan/.vim/bundle/vim-jsdoc/ftplugin/typescript/jsdoc.vim
198.821  000.101  000.101: sourcing /Users/indexxuan/.vim/bundle/typescript-vim/indent/typescript.vim
201.779  002.098  002.098: sourcing /Users/indexxuan/.vim/bundle/typescript-vim/syntax/typescript.vim
218.310  007.138  007.138: sourcing /Users/indexxuan/.vim/bundle/vim-fugitive/autoload/fugitive.vim
220.351  026.800: VimEnter autocommands
220.354  000.003: before starting main loop
233.079  012.725: first screen update
233.083  000.004: --- VIM STARTED ---
